#
# A fatal error has been detected by the Java Runtime Environment:
#
#  Internal Error (jvmciRuntime.cpp:1609), pid=2730, tid=2745
#  fatal error: Fatal exception in JVMCI: Error calling jdk.vm.ci.services.Services.serializeSavedProperties
#
# JRE version: OpenJDK Runtime Environment GraalVM CE 22.3.0 (17.0.5+8) (build 17.0.5+8-jvmci-22.3-b08)
# Java VM: OpenJDK 64-Bit Server VM GraalVM CE 22.3.0 (17.0.5+8-jvmci-22.3-b08, mixed mode, sharing, tiered, jvmci, jvmci compiler, compressed oops, compressed class ptrs, parallel gc, linux-amd64)
# Problematic frame:
# V  [libjvm.so+0x972714]  JVMCIRuntime::fatal_exception(JVMCIEnv*, char const*)+0x74
#
# Core dump will be written. Default location: Core dumps may be processed with "/usr/share/apport/apport -p%p -s%s -c%c -d%d -P%P -u%u -g%g -- %E" (or dumping to /home/runner/Ambiente-de-sistemas-20241-JAVA/core.2730)
#
# If you would like to submit a bug report, please visit:
#   https://github.com/oracle/graal/issues
#

---------------  S U M M A R Y ------------

Command Line: -XX:ThreadPriorityPolicy=1 -XX:+UnlockExperimentalVMOptions -XX:+EnableJVMCIProduct -XX:JVMCIThreadsPerNativeLibraryRuntime=1 -XX:-UnlockExperimentalVMOptions -Declipse.application=org.eclipse.jdt.ls.core.id1 -Dosgi.bundles.defaultStartLevel=4 -Declipse.product=org.eclipse.jdt.ls.core.product -Dlog.level=ALL -Xverify:none -XX:+UseParallelGC -XX:GCTimeRatio=4 -XX:AdaptiveSizePolicyWeight=90 -Dsun.zip.disableMemoryMapping=true -Xmx512m -Xms100m /nix/store/q9712qvwdh22a4krw4jz2sjrz07mvjbl-jdt-language-server-1.9.0/share/java/plugins/org.eclipse.equinox.launcher_1.6.400.v20210924-0641.jar --add-modules=ALL-SYSTEM --add-opens java.base/java.util=ALL-UNNAMED --add-opens java.base/java.lang=ALL-UNNAMED -configuration /home/runner/Ambiente-de-sistemas-20241-JAVA/.cache/jdt-language-server/config -data /home/runner/.cache/jdt-language-server/data/home/runner/Ambiente-de-sistemas-20241-JAVA

Host: Intel(R) Xeon(R) CPU @ 2.20GHz, 8 cores, 1G, Ubuntu 20.04.2 LTS
Time: Sun Mar 17 19:00:36 2024 UTC elapsed time: 2764.745733 seconds (0d 0h 46m 4s)

---------------  T H R E A D  ---------------

Current thread (0x00007500e40b19e0):  JavaThread "JVMCI-native CompilerThread0" daemon [_thread_in_vm, id=2745, stack(0x00007500c871a000,0x00007500c891a000)]


Current CompileTask:
JVMCI-native:2764746 8860       4       java.lang.AbstractStringBuilder::append (63 bytes)

Stack: [0x00007500c871a000,0x00007500c891a000],  sp=0x00007500c8918380,  free space=2040k
Native frames: (J=compiled Java code, j=interpreted, Vv=VM code, C=native code)
V  [libjvm.so+0x972714]  JVMCIRuntime::fatal_exception(JVMCIEnv*, char const*)+0x74
V  [libjvm.so+0x93e2fe]  JVMCIEnv::copy_saved_properties()+0x14e
V  [libjvm.so+0x9732a9]  JVMCIRuntime::initialize(JVMCIEnv*)+0xb19
V  [libjvm.so+0x9738a2]  JVMCIRuntime::get_HotSpotJVMCIRuntime(JVMCIEnv*)+0x12
V  [libjvm.so+0x9749f2]  JVMCIRuntime::compile_method(JVMCIEnv*, JVMCICompiler*, methodHandle const&, int)+0xd2
V  [libjvm.so+0x5b0d20]  CompileBroker::invoke_compiler_on_method(CompileTask*)+0x1470
V  [libjvm.so+0x5b12e8]  CompileBroker::compiler_thread_loop()+0x528
V  [libjvm.so+0xd82460]  JavaThread::thread_main_inner()+0xd0
V  [libjvm.so+0xd85a40]  Thread::call_run()+0xc0
V  [libjvm.so+0xbdb1e1]  thread_native_entry(Thread*)+0xe1

Register to memory mapping:

RAX=0x00007500e83ba000 points into unknown readable memory: 0x0000000000000058 | 58 00 00 00 00 00 00 00
RBX=0x00007500e94b5398: <offset 0x0000000000ef5398> in /nix/store/gpxl5qgg8kicmcvivwmybwjlpf7wh20l-graalvm17-ce-22.3.0/lib/server/libjvm.so at 0x00007500e85c0000
RCX=0x00007500e946d1e8: <offset 0x0000000000ead1e8> in /nix/store/gpxl5qgg8kicmcvivwmybwjlpf7wh20l-graalvm17-ce-22.3.0/lib/server/libjvm.so at 0x00007500e85c0000
RDX=0x0000000000000649 is an unknown value
RSP=0x00007500c8918380 is pointing into the stack for thread: 0x00007500e40b19e0
RBP=0x00007500c89183a0 is pointing into the stack for thread: 0x00007500e40b19e0
RSI=0x00007500e94b5c48: <offset 0x0000000000ef5c48> in /nix/store/gpxl5qgg8kicmcvivwmybwjlpf7wh20l-graalvm17-ce-22.3.0/lib/server/libjvm.so at 0x00007500e85c0000
RDI=0x00000000e0000000 is an oop: java.lang.String 
{0x00000000e0000000} - klass: 'java/lang/String'
 - string: "dlMULnbRnNmrT/o4shJLvpak/U+vkliClATwX77SFdI="
R8 =0x00007500e94b5398: <offset 0x0000000000ef5398> in /nix/store/gpxl5qgg8kicmcvivwmybwjlpf7wh20l-graalvm17-ce-22.3.0/lib/server/libjvm.so at 0x00007500e85c0000
R9 =0x0000000000000003 is an unknown value
R10=0x00007500e9806da0: <offset 0x0000000001246da0> in /nix/store/gpxl5qgg8kicmcvivwmybwjlpf7wh20l-graalvm17-ce-22.3.0/lib/server/libjvm.so at 0x00007500e85c0000
R11=0x000000080044f048 is pointing into metadata
R12=0x0 is NULL
R13=0x00007500e40b19e0 is a thread
R14=0x00007500e4000b80 points into unknown readable memory: 0x00007500e96e6a38 | 38 6a 6e e9 00 75 00 00
R15=0x00007500e97f4e40: <offset 0x0000000001234e40> in /nix/store/gpxl5qgg8kicmcvivwmybwjlpf7wh20l-graalvm17-ce-22.3.0/lib/server/libjvm.so at 0x00007500e85c0000


Registers:
RAX=0x00007500e83ba000, RBX=0x00007500e94b5398, RCX=0x00007500e946d1e8, RDX=0x0000000000000649
RSP=0x00007500c8918380, RBP=0x00007500c89183a0, RSI=0x00007500e94b5c48, RDI=0x00000000e0000000
R8 =0x00007500e94b5398, R9 =0x0000000000000003, R10=0x00007500e9806da0, R11=0x000000080044f048
R12=0x0000000000000000, R13=0x00007500e40b19e0, R14=0x00007500e4000b80, R15=0x00007500e97f4e40
RIP=0x00007500e8f32714, EFLAGS=0x0000000000010206, CSGSFS=0x002b000000000033, ERR=0x0000000000000006
  TRAPNO=0x000000000000000e

Top of Stack: (sp=0x00007500c8918380)
0x00007500c8918380:   00007500c8918940 00007500e40b19e0
0x00007500c8918390:   00007500ca1ab8c8 0000000800c417a0
0x00007500c89183a0:   00007500c8918500 00007500e8efe2fe
0x00007500c89183b0:   00007500c89183e0 00007500c8918440 

Instructions: (pc=0x00007500e8f32714)
0x00007500e8f32614:   30 e8 f6 cf e8 ff 4c 89 e7 e8 2e 48 d1 ff 84 db
0x00007500e8f32624:   75 2a 4d 85 ed 74 04 4d 8b 6d 00 48 83 c4 08 44
0x00007500e8f32634:   89 f9 4c 89 f2 4c 89 ee 5b 4c 89 e7 41 5c 41 5d
0x00007500e8f32644:   41 5e 41 5f 5d e9 e2 47 d1 ff 66 90 48 83 c4 08
0x00007500e8f32654:   5b 41 5c 41 5d 41 5e 41 5f 5d c3 90 31 d2 be 08
0x00007500e8f32664:   00 00 00 4c 89 ff e8 b1 78 a3 ff 49 89 c5 e9 37
0x00007500e8f32674:   ff ff ff 66 0f 1f 84 00 00 00 00 00 48 8b 7a 08
0x00007500e8f32684:   e9 6d ff ff ff 0f 1f 80 00 00 00 00 e8 5b 48 0a
0x00007500e8f32694:   00 84 c0 75 89 e9 6a ff ff ff 66 90 55 48 89 e5
0x00007500e8f326a4:   41 56 41 55 41 54 49 89 fc 53 48 89 f3 66 48 8d
0x00007500e8f326b4:   3d 27 5e 85 00 66 66 48 e8 df 43 8d ff 4c 8b 28
0x00007500e8f326c4:   8b 05 be 72 8a 00 85 c0 75 14 ba 01 00 00 00 48
0x00007500e8f326d4:   8d 0d ae 72 8a 00 f0 0f b1 11 85 c0 74 4e be c8
0x00007500e8f326e4:   00 00 00 4c 89 ef e8 01 0b 41 00 48 8d 05 12 ac
0x00007500e8f326f4:   85 00 49 89 d8 48 8d 0d e8 aa 53 00 ba 49 06 00
0x00007500e8f32704:   00 48 8d 35 3c 35 58 00 bf 00 00 00 e0 48 8b 00
0x00007500e8f32714:   c6 00 58 31 c0 e8 e2 91 c6 ff 5b 41 5c 41 5d 41
0x00007500e8f32724:   5e 5d e9 55 34 26 00 0f 1f 44 00 00 48 8d 05 81
0x00007500e8f32734:   a3 8b 00 48 89 df 4c 8b 30 e8 9e 43 8d ff 48 89
0x00007500e8f32744:   de 48 89 c2 49 8b 06 4c 89 f7 ff 50 08 4c 89 f7
0x00007500e8f32754:   e8 a7 5c 27 00 4d 85 e4 74 12 be 01 00 00 00 4c
0x00007500e8f32764:   89 e7 e8 35 43 fc ff eb 82 0f 1f 00 be 01 00 00
0x00007500e8f32774:   00 4c 89 ef e8 d3 fd ff ff e9 6d ff ff ff 66 66
0x00007500e8f32784:   2e 0f 1f 84 00 00 00 00 00 0f 1f 00 55 48 89 e5
0x00007500e8f32794:   41 57 41 56 41 55 41 54 53 48 81 ec 08 02 00 00
0x00007500e8f327a4:   64 48 8b 04 25 28 00 00 00 48 89 45 c8 8b 07 83
0x00007500e8f327b4:   f8 02 0f 84 11 04 00 00 4c 8b 6f 18 49 89 ff 49
0x00007500e8f327c4:   89 f4 4d 85 ed 74 14 4c 89 ef e8 5d 57 22 00 41
0x00007500e8f327d4:   8b 07 83 f8 02 0f 84 19 04 00 00 48 8d 1d 9a 06
0x00007500e8f327e4:   8a 00 4c 8d 35 0b 3c 58 00 eb 38 90 48 85 d2 7f
0x00007500e8f327f4:   0d 48 8d 05 b4 c0 85 00 48 83 38 00 7e 0e 41 8b
0x00007500e8f32804:   77 2c 4c 89 f7 31 c0 e8 a0 b2 f7 ff 49 8b 7f 18 


Stack slot to memory mapping:
stack at sp + 0 slots: 0x00007500c8918940 is pointing into the stack for thread: 0x00007500e40b19e0
stack at sp + 1 slots: 0x00007500e40b19e0 is a thread
stack at sp + 2 slots: 0x00007500ca1ab8c8 points into unknown readable memory: 0x65730018052dffff | ff ff 2d 05 18 00 73 65
stack at sp + 3 slots: 0x0000000800c417a0 is a pointer to class: 
jdk.vm.ci.services.Services {0x0000000800c417a0}
 - instance size:     2
 - klass size:        65
 - access:            public final synchronized 
 - state:             fully_initialized
 - name:              'jdk/vm/ci/services/Services'
 - super:             'java/lang/Object'
 - sub:               
 - arrays:            NULL
 - methods:           Array<T>(0x00007500c9042680)
 - method ordering:   Array<T>(0x0000000800928960)
 - default_methods:   Array<T>(0x0000000000000000)
 - local interfaces:  Array<T>(0x00000008005ce810)
 - trans. interfaces: Array<T>(0x00000008005ce810)
 - constants:         constant pool [427] {0x00007500c9041680} for 'jdk/vm/ci/services/Services' cache=0x00007500c9043a30
 - class loader data:  loader data: 0x00007500e4027bd0 of 'bootstrap'
 - source file:       'Services.java'
 - class annotations:       Array<T>(0x0000000000000000)
 - class type annotations:  Array<T>(0x0000000000000000)
 - field annotations:       Array<T>(0x0000000000000000)
 - field type annotations:  Array<T>(0x0000000000000000)
 - inner classes:     Array<T>(0x00007500c9043958)
 - nest members:     Array<T>(0x00007500c9043978)
 - permitted subclasses:     Array<T>(0x00000008005ce7a0)
 - java mirror:       a 'java/lang/Class'{0x00000000e02a55d8} = 'jdk/vm/ci/services/Services'
 - vtable length      5  (start addr: 0x0000000800c41970)
 - itable length      2 (start addr: 0x0000000800c41998)
 - ---- static fields (3 words):
 - public static final 'IS_BUILDING_NATIVE_IMAGE' 'Z' @128 
 - public static final 'IS_IN_NATIVE_IMAGE' 'Z' @129 
 - private static volatile 'savedProperties' 'Ljava/util/Map;' @112 
 - static final 'JVMCI_ENABLED' 'Z' @130 
 - private static final 'servicesCache' 'Ljava/util/Map;' @116 
 - private static final 'MAX_UNICODE_IN_UTF8_LENGTH' 'I' @120 
 - private static final 'MAX_UTF8_PROPERTY_STRING_LENGTH' 'I' @124 
 - ---- non-static fields (0 words):
 - non-static oop maps: 
stack at sp + 4 slots: 0x00007500c8918500 is pointing into the stack for thread: 0x00007500e40b19e0
stack at sp + 5 slots: 0x00007500e8efe2fe: <offset 0x000000000093e2fe> in /nix/store/gpxl5qgg8kicmcvivwmybwjlpf7wh20l-graalvm17-ce-22.3.0/lib/server/libjvm.so at 0x00007500e85c0000
stack at sp + 6 slots: 0x00007500c89183e0 is pointing into the stack for thread: 0x00007500e40b19e0
stack at sp + 7 slots: 0x00007500c8918440 is pointing into the stack for thread: 0x00007500e40b19e0


---------------  P R O C E S S  ---------------

Threads class SMR info:
_java_thread_list=0x00007500501475a0, length=47, elements={
0x00007500e4025e70, 0x00007500e40a5cc0, 0x00007500e40a7100, 0x00007500e40ad850,
0x00007500e40aec00, 0x00007500e40afff0, 0x00007500e40b19e0, 0x00007500e40b2ef0,
0x00007500e40b4340, 0x00007500e40dfa80, 0x00007500e4128310, 0x00007500e432d860,
0x00007500e4375bc0, 0x00007500e4378830, 0x000075007802f800, 0x00007500784259f0,
0x00007500680010d0, 0x000075007864e2c0, 0x000075007864c6d0, 0x00007500e41ab300,
0x00007500e4401510, 0x0000750050140a10, 0x0000750050149aa0, 0x000075005015cc30,
0x0000750050165350, 0x00007500501659f0, 0x0000750050161d00, 0x0000750050163290,
0x00007500501626f0, 0x0000750050146250, 0x00007500603d0200, 0x000075005016f700,
0x0000750050176030, 0x0000750050173170, 0x0000750050177610, 0x000075005017ade0,
0x0000750050172440, 0x0000750050157380, 0x0000750050176f30, 0x000075005017a210,
0x00007500501785a0, 0x00007500602b0c00, 0x000075005017bfe0, 0x0000750024003ae0,
0x000075005017cb30, 0x000075005017e400, 0x000074fffc0032d0
}

Java Threads: ( => current thread )
  0x00007500e4025e70 JavaThread "main" [_thread_blocked, id=2737, stack(0x00007500e83db000,0x00007500e84db000)]
  0x00007500e40a5cc0 JavaThread "Reference Handler" daemon [_thread_blocked, id=2740, stack(0x00007500c9852000,0x00007500c9952000)]
  0x00007500e40a7100 JavaThread "Finalizer" daemon [_thread_blocked, id=2741, stack(0x00007500c8f00000,0x00007500c9000000)]
  0x00007500e40ad850 JavaThread "Signal Dispatcher" daemon [_thread_blocked, id=2742, stack(0x00007500c8b1a000,0x00007500c8c1a000)]
  0x00007500e40aec00 JavaThread "Service Thread" daemon [_thread_blocked, id=2743, stack(0x00007500c8a1a000,0x00007500c8b1a000)]
  0x00007500e40afff0 JavaThread "Monitor Deflation Thread" daemon [_thread_blocked, id=2744, stack(0x00007500c891a000,0x00007500c8a1a000)]
=>0x00007500e40b19e0 JavaThread "JVMCI-native CompilerThread0" daemon [_thread_in_vm, id=2745, stack(0x00007500c871a000,0x00007500c891a000)]
  0x00007500e40b2ef0 JavaThread "C1 CompilerThread0" daemon [_thread_blocked, id=2746, stack(0x00007500c851a000,0x00007500c871a000)]
  0x00007500e40b4340 JavaThread "Sweeper thread" daemon [_thread_blocked, id=2747, stack(0x00007500c841a000,0x00007500c851a000)]
  0x00007500e40dfa80 JavaThread "Common-Cleaner" daemon [_thread_blocked, id=2748, stack(0x00007500c831a000,0x00007500c841a000)]
  0x00007500e4128310 JavaThread "Notification Thread" daemon [_thread_blocked, id=2749, stack(0x00007500c821a000,0x00007500c831a000)]
  0x00007500e432d860 JavaThread "Active Thread: Equinox Container: 933b4931-8f63-4953-9ba0-67249ab1a33b" [_thread_blocked, id=2767, stack(0x00007500c8018000,0x00007500c8118000)]
  0x00007500e4375bc0 JavaThread "Framework Event Dispatcher: Equinox Container: 933b4931-8f63-4953-9ba0-67249ab1a33b" daemon [_thread_blocked, id=2771, stack(0x0000750090900000,0x0000750090a00000)]
  0x00007500e4378830 JavaThread "Start Level: Equinox Container: 933b4931-8f63-4953-9ba0-67249ab1a33b" daemon [_thread_blocked, id=2772, stack(0x0000750090700000,0x0000750090800000)]
  0x000075007802f800 JavaThread "SCR Component Actor" daemon [_thread_blocked, id=2773, stack(0x0000750090500000,0x0000750090600000)]
  0x00007500784259f0 JavaThread "Worker-JM" [_thread_blocked, id=2797, stack(0x0000750090100000,0x0000750090200000)]
  0x00007500680010d0 JavaThread "Worker-1: Java indexing... " [_thread_blocked, id=2817, stack(0x000075008fd00000,0x000075008fe00000)]
  0x000075007864e2c0 JavaThread "Java indexing" daemon [_thread_blocked, id=2826, stack(0x000075008f900000,0x000075008fa00000)]
  0x000075007864c6d0 JavaThread "Bundle File Closer" daemon [_thread_blocked, id=2830, stack(0x000075008f700000,0x000075008f800000)]
  0x00007500e41ab300 JavaThread "pool-3-thread-1" [_thread_blocked, id=2834, stack(0x0000750090300000,0x0000750090400000)]
  0x00007500e4401510 JavaThread "pool-2-thread-1" [_thread_blocked, id=2835, stack(0x000075008f500000,0x000075008f600000)]
  0x0000750050140a10 JavaThread "Thread-5" [_thread_blocked, id=2911, stack(0x0000750091700000,0x0000750091800000)]
  0x0000750050149aa0 JavaThread "Thread-7" [_thread_blocked, id=2919, stack(0x0000750091b00000,0x0000750091c00000)]
  0x000075005015cc30 JavaThread "Thread-23" [_thread_blocked, id=3003, stack(0x000075008ff00000,0x0000750090000000)]
  0x0000750050165350 JavaThread "Thread-26" [_thread_blocked, id=3010, stack(0x0000750091800000,0x0000750091900000)]
  0x00007500501659f0 JavaThread "Thread-27" [_thread_blocked, id=3014, stack(0x0000750091500000,0x0000750091600000)]
  0x0000750050161d00 JavaThread "Thread-30" [_thread_blocked, id=3021, stack(0x0000750091300000,0x0000750091400000)]
  0x0000750050163290 JavaThread "Thread-32" [_thread_blocked, id=3040, stack(0x0000750091100000,0x0000750091200000)]
  0x00007500501626f0 JavaThread "Thread-33" [_thread_blocked, id=3045, stack(0x0000750091a00000,0x0000750091b00000)]
  0x0000750050146250 JavaThread "Thread-37" [_thread_blocked, id=3089, stack(0x0000750091900000,0x0000750091a00000)]
  0x00007500603d0200 JavaThread "Worker-5: Refreshing workspace" [_thread_blocked, id=3090, stack(0x0000750090f00000,0x0000750091000000)]
  0x000075005016f700 JavaThread "Thread-38" [_thread_blocked, id=3091, stack(0x0000750090b00000,0x0000750090c00000)]
  0x0000750050176030 JavaThread "Thread-48" [_thread_blocked, id=3171, stack(0x0000750090400000,0x0000750090500000)]
  0x0000750050173170 JavaThread "Thread-49" [_thread_blocked, id=3177, stack(0x0000750090d00000,0x0000750090e00000)]
  0x0000750050177610 JavaThread "Thread-50" [_thread_blocked, id=3185, stack(0x0000750090200000,0x0000750090300000)]
  0x000075005017ade0 JavaThread "Thread-53" [_thread_blocked, id=3307, stack(0x000075008fc00000,0x000075008fd00000)]
  0x0000750050172440 JavaThread "Thread-54" [_thread_blocked, id=3308, stack(0x0000750090000000,0x0000750090100000)]
  0x0000750050157380 JavaThread "Thread-56" [_thread_blocked, id=3319, stack(0x0000750090600000,0x0000750090700000)]
  0x0000750050176f30 JavaThread "Thread-62" [_thread_blocked, id=3418, stack(0x000075008fe00000,0x000075008ff00000)]
  0x000075005017a210 JavaThread "Thread-63" [_thread_blocked, id=3426, stack(0x0000750090a00000,0x0000750090b00000)]
  0x00007500501785a0 JavaThread "Thread-65" [_thread_blocked, id=3444, stack(0x0000750090c00000,0x0000750090d00000)]
  0x00007500602b0c00 JavaThread "Worker-7: Validate documents" [_thread_blocked, id=3448, stack(0x000075008fa00000,0x000075008fb00000)]
  0x000075005017bfe0 JavaThread "Thread-66" [_thread_blocked, id=3463, stack(0x000075008f800000,0x000075008f900000)]
  0x0000750024003ae0 JavaThread "Worker-9" [_thread_blocked, id=3528, stack(0x000075008f600000,0x000075008f700000)]
  0x000075005017cb30 JavaThread "Thread-68" [_thread_blocked, id=3543, stack(0x000075008f400000,0x000075008f500000)]
  0x000075005017e400 JavaThread "Thread-69" [_thread_blocked, id=3568, stack(0x000075008f200000,0x000075008f300000)]
  0x000074fffc0032d0 JavaThread "Worker-11" [_thread_blocked, id=5978, stack(0x000075008de00000,0x000075008df00000)]

Other Threads:
  0x00007500e40a1400 VMThread "VM Thread" [stack: 0x00007500c9954000,0x00007500c9a54000] [id=2739] _threads_hazard_ptr=0x00007500501475a0
  0x00007500e4129cb0 WatcherThread [stack: 0x00007500c811a000,0x00007500c821a000] [id=2750]
  0x00007500e403d770 GCTaskThread "GC Thread#0" [stack: 0x00007500cb3b3000,0x00007500cb4b3000] [id=2738]

Threads with active compile tasks:
JVMCI-native CompilerThread0  2764825 8860       4       java.lang.AbstractStringBuilder::append (63 bytes)

VM state: synchronizing (normal execution)

VM Mutex/Monitor currently owned by a thread:  ([mutex/lock_event])
[0x00007500e4022fc0] Threads_lock - owner thread: 0x00007500e40a1400
[0x00007500e4023770] Heap_lock - owner thread: 0x00007500602b0c00

OutOfMemory and StackOverflow Exception counts:
OutOfMemoryError java_heap_errors=2
LinkageErrors=53

Heap address: 0x00000000e0000000, size: 512 MB, Compressed Oops mode: 32-bit

CDS archive(s) mapped at: [0x0000000800000000-0x0000000800bc8000-0x0000000800bc8000), size 12353536, SharedBaseAddress: 0x0000000800000000, ArchiveRelocationMode: 0.
Compressed class space mapped at: 0x0000000800c00000-0x0000000840c00000, reserved size: 1073741824
Narrow klass base: 0x0000000800000000, Narrow klass shift: 0, Narrow klass range: 0x100000000

GC Precious Log:
 CPUs: 8 total, 1 available
 Memory: 1024M
 Large Page Support: Disabled
 NUMA Support: Disabled
 Compressed Oops: Enabled (32-bit)
 Alignments: Space 512K, Generation 512K, Heap 2M
 Heap Min Capacity: 100M
 Heap Initial Capacity: 100M
 Heap Max Capacity: 512M
 Pre-touch: Disabled
 Parallel Workers: 1

Heap:
 PSYoungGen      total 85504K, used 35327K [0x00000000f5580000, 0x00000000fda80000, 0x0000000100000000)
  eden space 35328K, 99% used [0x00000000f5580000,0x00000000f77ffff8,0x00000000f7800000)
  from space 50176K, 0% used [0x00000000f7800000,0x00000000f7800000,0x00000000fa900000)
  to   space 24064K, 0% used [0x00000000fa900000,0x00000000fa900000,0x00000000fc080000)
 ParOldGen       total 349696K, used 349694K [0x00000000e0000000, 0x00000000f5580000, 0x00000000f5580000)
  object space 349696K, 99% used [0x00000000e0000000,0x00000000f557f968,0x00000000f5580000)
 Metaspace       used 55159K, committed 56128K, reserved 1105920K
  class space    used 5295K, committed 5760K, reserved 1048576K

Card table byte_map: [0x00007500e809e000,0x00007500e819f000] _byte_map_base: 0x00007500e799e000

Marking Bits: (ParMarkBitMap*) 0x00007500e97ee4c0
 Begin Bits: [0x00007500ca306000, 0x00007500cab06000)
 End Bits:   [0x00007500cab06000, 0x00007500cb306000)

Polling page: 0x00007500e83b8000

Metaspace:

Usage:
  Non-class:     48.70 MB used.
      Class:      5.17 MB used.
       Both:     53.87 MB used.

Virtual space:
  Non-class space:       56.00 MB reserved,      49.19 MB ( 88%) committed,  7 nodes.
      Class space:        1.00 GB reserved,       5.62 MB ( <1%) committed,  1 nodes.
             Both:        1.05 GB reserved,      54.81 MB (  5%) committed. 

Chunk freelists:
   Non-Class:  1.97 MB
       Class:  2.27 MB
        Both:  4.24 MB

MaxMetaspaceSize: unlimited
CompressedClassSpaceSize: 1.00 GB
Initial GC threshold: 21.00 MB
Current GC threshold: 91.25 MB
CDS: on
MetaspaceReclaimPolicy: balanced
 - commit_granule_bytes: 65536.
 - commit_granule_words: 8192.
 - virtual_space_node_default_size: 1048576.
 - enlarge_chunks_in_place: 1.
 - new_chunks_are_fully_committed: 0.
 - uncommit_free_chunks: 1.
 - use_allocation_guard: 0.
 - handle_deallocations: 1.


Internal statistics:

num_allocs_failed_limit: 6.
num_arena_births: 456.
num_arena_deaths: 132.
num_vsnodes_births: 8.
num_vsnodes_deaths: 0.
num_space_committed: 875.
num_space_uncommitted: 0.
num_chunks_returned_to_freelist: 184.
num_chunks_taken_from_freelist: 2813.
num_chunk_merges: 79.
num_chunk_splits: 1783.
num_chunks_enlarged: 1089.
num_purges: 14.
num_inconsistent_stats: 0.

CodeHeap 'non-profiled nmethods': size=120036Kb used=2749Kb max_used=2749Kb free=117286Kb
 bounds [0x00007500d2f7a000, 0x00007500d322a000, 0x00007500da4b3000]
CodeHeap 'profiled nmethods': size=120032Kb used=15674Kb max_used=15674Kb free=104357Kb
 bounds [0x00007500cba42000, 0x00007500cc992000, 0x00007500d2f7a000]
CodeHeap 'non-nmethods': size=5692Kb used=1370Kb max_used=1372Kb free=4321Kb
 bounds [0x00007500cb4b3000, 0x00007500cb723000, 0x00007500cba42000]
 total_blobs=7611 nmethods=6904 adapters=587
 compilation: enabled
              stopped_count=0, restarted_count=0
 full_count=0

JVMCI Events (20 events):
Event: 2493.099 Thread 0x00007500e40b19e0 destroyed JavaVM[9]@0x000074fff7a9e340 for JVMCI runtime 0
Event: 2493.099 Thread 0x00007500e40b19e0 compacted oop handles in JVMCI runtime 0 from 50 to 50
Event: 2493.099 Thread 0x00007500e40b19e0 releasing handles for JVMCI runtime 0: oop handles=50, metadata handles={total=96, live=83, blocks=34}
Event: 2493.099 Thread 0x00007500e40b19e0 detached from JVMCI runtime 0
Event: 2514.913 Thread 0x00007500e40b19e0 attached to JVMCI runtime 0
Event: 2514.915 Thread 0x00007500e40b19e0 created JavaVM[10]@0x000074fff7a9e340 for JVMCI runtime 0
Event: 2514.915 Thread 0x00007500e40b19e0 initializing JVMCI runtime 0
Event: 2514.915 Thread 0x00007500e40b19e0 done waiting for JavaVM references initialization in JVMCI runtime 0
Event: 2614.317 Thread 0x00007500e40b19e0 initialized JVMCI runtime 0
Event: 2616.520 Thread 0x00007500e40b19e0 detaching from JVMCI runtime 0: releasing idle compiler thread (0 other threads still attached)
Event: 2616.520 Thread 0x00007500e40b19e0 shutting down HotSpotJVMCIRuntime for JVMCI runtime 0
Event: 2616.520 Thread 0x00007500e40b19e0 shut down JVMCI runtime 0
Event: 2618.428 Thread 0x00007500e40b19e0 destroyed JavaVM[10]@0x000074fff7a9e340 for JVMCI runtime 0
Event: 2618.428 Thread 0x00007500e40b19e0 compacted oop handles in JVMCI runtime 0 from 43 to 43
Event: 2618.428 Thread 0x00007500e40b19e0 releasing handles for JVMCI runtime 0: oop handles=43, metadata handles={total=89, live=78, blocks=34}
Event: 2618.428 Thread 0x00007500e40b19e0 detached from JVMCI runtime 0
Event: 2624.069 Thread 0x00007500e40b19e0 attached to JVMCI runtime 0
Event: 2624.071 Thread 0x00007500e40b19e0 created JavaVM[11]@0x000074fff7a9e340 for JVMCI runtime 0
Event: 2628.071 Thread 0x00007500e40b19e0 initializing JVMCI runtime 0
Event: 2628.071 Thread 0x00007500e40b19e0 done waiting for JavaVM references initialization in JVMCI runtime 0

Compilation events (20 events):
Event: 2141.175 Thread 0x00007500e40b19e0 nmethod 8854 0x00007500d3228710 code [0x00007500d32288a0, 0x00007500d32289c8]
Event: 2312.422 Thread 0x00007500e40b2ef0 8855       1       org.eclipse.jdt.ls.core.internal.LanguageServer::getParentProcessId (5 bytes)
Event: 2312.422 Thread 0x00007500e40b2ef0 nmethod 8855 0x00007500d3228b10 code [0x00007500d3228ca0, 0x00007500d3228d70]
Event: 2407.286 Thread 0x00007500e40b2ef0 8856       3       java.util.concurrent.locks.AbstractQueuedSynchronizer::acquire (20 bytes)
Event: 2409.408 Thread 0x00007500e40b2ef0 nmethod 8856 0x00007500cc98e810 code [0x00007500cc98e9c0, 0x00007500cc98ed90]
Event: 2423.899 Thread 0x00007500e40b19e0 8857       4       java.util.concurrent.locks.AbstractQueuedSynchronizer$ConditionObject::signal (34 bytes)
Event: 2491.120 Thread 0x00007500e40b19e0 nmethod 8857 0x00007500d3228e10 code [0x00007500d3228f80, 0x00007500d3229068]
Event: 2514.913 Thread 0x00007500e40b19e0 8858       4       java.util.HashMap::<init> (11 bytes)
Event: 2595.701 Thread 0x00007500e40b2ef0 8859       3       java.util.concurrent.ScheduledThreadPoolExecutor$ScheduledFutureTask::isPeriodic (15 bytes)
Event: 2595.702 Thread 0x00007500e40b2ef0 nmethod 8859 0x00007500cc98ee90 code [0x00007500cc98f020, 0x00007500cc98f190]
Event: 2614.379 Thread 0x00007500e40b19e0 nmethod 8858 0x00007500d3229190 code [0x00007500d3229300, 0x00007500d3229348]
Event: 2624.068 Thread 0x00007500e40b19e0 8860       4       java.lang.AbstractStringBuilder::append (63 bytes)
Event: 2628.071 Thread 0x00007500e40b2ef0 8861       3       java.util.Collections$UnmodifiableMap::entrySet (32 bytes)
Event: 2632.215 Thread 0x00007500e40b2ef0 nmethod 8861 0x00007500cc98f210 code [0x00007500cc98f400, 0x00007500cc98fa90]
Event: 2632.215 Thread 0x00007500e40b2ef0 8862       3       java.util.Collections$UnmodifiableMap$UnmodifiableEntrySet::iterator (9 bytes)
Event: 2632.215 Thread 0x00007500e40b2ef0 nmethod 8862 0x00007500cc98fc90 code [0x00007500cc98fe40, 0x00007500cc9902c0]
Event: 2655.838 Thread 0x00007500e40b2ef0 8863       3       java.util.Collections$UnmodifiableMap$UnmodifiableEntrySet$1::<init> (26 bytes)
Event: 2660.143 Thread 0x00007500e40b2ef0 nmethod 8863 0x00007500cc990410 code [0x00007500cc9905c0, 0x00007500cc990980]
Event: 2668.502 Thread 0x00007500e40b2ef0 8864       3       java.util.IdentityHashMap::put (137 bytes)
Event: 2670.469 Thread 0x00007500e40b2ef0 nmethod 8864 0x00007500cc990a90 code [0x00007500cc990cc0, 0x00007500cc991af0]

GC Heap History (20 events):
Event: 2739.156 GC heap before
{Heap before GC invocations=1209 (full 1127):
 PSYoungGen      total 85504K, used 35327K [0x00000000f5580000, 0x00000000fda80000, 0x0000000100000000)
  eden space 35328K, 99% used [0x00000000f5580000,0x00000000f77ffff0,0x00000000f7800000)
  from space 50176K, 0% used [0x00000000f7800000,0x00000000f7800000,0x00000000fa900000)
  to   space 24064K, 0% used [0x00000000fa900000,0x00000000fa900000,0x00000000fc080000)
 ParOldGen       total 349696K, used 349688K [0x00000000e0000000, 0x00000000f5580000, 0x00000000f5580000)
  object space 349696K, 99% used [0x00000000e0000000,0x00000000f557e270,0x00000000f5580000)
 Metaspace       used 55159K, committed 56128K, reserved 1105920K
  class space    used 5295K, committed 5760K, reserved 1048576K
}
Event: 2741.376 GC heap after
{Heap after GC invocations=1209 (full 1127):
 PSYoungGen      total 59392K, used 35327K [0x00000000f5580000, 0x00000000fda80000, 0x0000000100000000)
  eden space 35328K, 99% used [0x00000000f5580000,0x00000000f77fff10,0x00000000f7800000)
  from space 24064K, 0% used [0x00000000fa900000,0x00000000fa900000,0x00000000fc080000)
  to   space 50176K, 0% used [0x00000000f7800000,0x00000000f7800000,0x00000000fa900000)
 ParOldGen       total 349696K, used 349688K [0x00000000e0000000, 0x00000000f5580000, 0x00000000f5580000)
  object space 349696K, 99% used [0x00000000e0000000,0x00000000f557e270,0x00000000f5580000)
 Metaspace       used 55159K, committed 56128K, reserved 1105920K
  class space    used 5295K, committed 5760K, reserved 1048576K
}
Event: 2741.377 GC heap before
{Heap before GC invocations=1210 (full 1128):
 PSYoungGen      total 59392K, used 35327K [0x00000000f5580000, 0x00000000fda80000, 0x0000000100000000)
  eden space 35328K, 99% used [0x00000000f5580000,0x00000000f77fffd8,0x00000000f7800000)
  from space 24064K, 0% used [0x00000000fa900000,0x00000000fa900000,0x00000000fc080000)
  to   space 50176K, 0% used [0x00000000f7800000,0x00000000f7800000,0x00000000fa900000)
 ParOldGen       total 349696K, used 349688K [0x00000000e0000000, 0x00000000f5580000, 0x00000000f5580000)
  object space 349696K, 99% used [0x00000000e0000000,0x00000000f557e270,0x00000000f5580000)
 Metaspace       used 55159K, committed 56128K, reserved 1105920K
  class space    used 5295K, committed 5760K, reserved 1048576K
}
Event: 2743.443 GC heap after
{Heap after GC invocations=1210 (full 1128):
 PSYoungGen      total 85504K, used 35327K [0x00000000f5580000, 0x00000000fda80000, 0x0000000100000000)
  eden space 35328K, 99% used [0x00000000f5580000,0x00000000f77fff10,0x00000000f7800000)
  from space 50176K, 0% used [0x00000000f7800000,0x00000000f7800000,0x00000000fa900000)
  to   space 24064K, 0% used [0x00000000fa900000,0x00000000fa900000,0x00000000fc080000)
 ParOldGen       total 349696K, used 349688K [0x00000000e0000000, 0x00000000f5580000, 0x00000000f5580000)
  object space 349696K, 99% used [0x00000000e0000000,0x00000000f557e270,0x00000000f5580000)
 Metaspace       used 55159K, committed 56128K, reserved 1105920K
  class space    used 5295K, committed 5760K, reserved 1048576K
}
Event: 2743.469 GC heap before
{Heap before GC invocations=1211 (full 1129):
 PSYoungGen      total 85504K, used 35327K [0x00000000f5580000, 0x00000000fda80000, 0x0000000100000000)
  eden space 35328K, 99% used [0x00000000f5580000,0x00000000f77ffff0,0x00000000f7800000)
  from space 50176K, 0% used [0x00000000f7800000,0x00000000f7800000,0x00000000fa900000)
  to   space 24064K, 0% used [0x00000000fa900000,0x00000000fa900000,0x00000000fc080000)
 ParOldGen       total 349696K, used 349688K [0x00000000e0000000, 0x00000000f5580000, 0x00000000f5580000)
  object space 349696K, 99% used [0x00000000e0000000,0x00000000f557e270,0x00000000f5580000)
 Metaspace       used 55159K, committed 56128K, reserved 1105920K
  class space    used 5295K, committed 5760K, reserved 1048576K
}
Event: 2747.040 GC heap after
{Heap after GC invocations=1211 (full 1129):
 PSYoungGen      total 59392K, used 35327K [0x00000000f5580000, 0x00000000fda80000, 0x0000000100000000)
  eden space 35328K, 99% used [0x00000000f5580000,0x00000000f77fff28,0x00000000f7800000)
  from space 24064K, 0% used [0x00000000fa900000,0x00000000fa900000,0x00000000fc080000)
  to   space 50176K, 0% used [0x00000000f7800000,0x00000000f7800000,0x00000000fa900000)
 ParOldGen       total 349696K, used 349688K [0x00000000e0000000, 0x00000000f5580000, 0x00000000f5580000)
  object space 349696K, 99% used [0x00000000e0000000,0x00000000f557e270,0x00000000f5580000)
 Metaspace       used 55159K, committed 56128K, reserved 1105920K
  class space    used 5295K, committed 5760K, reserved 1048576K
}
Event: 2747.068 GC heap before
{Heap before GC invocations=1212 (full 1130):
 PSYoungGen      total 59392K, used 35327K [0x00000000f5580000, 0x00000000fda80000, 0x0000000100000000)
  eden space 35328K, 99% used [0x00000000f5580000,0x00000000f77ffff8,0x00000000f7800000)
  from space 24064K, 0% used [0x00000000fa900000,0x00000000fa900000,0x00000000fc080000)
  to   space 50176K, 0% used [0x00000000f7800000,0x00000000f7800000,0x00000000fa900000)
 ParOldGen       total 349696K, used 349688K [0x00000000e0000000, 0x00000000f5580000, 0x00000000f5580000)
  object space 349696K, 99% used [0x00000000e0000000,0x00000000f557e270,0x00000000f5580000)
 Metaspace       used 55159K, committed 56128K, reserved 1105920K
  class space    used 5295K, committed 5760K, reserved 1048576K
}
Event: 2752.099 GC heap after
{Heap after GC invocations=1212 (full 1130):
 PSYoungGen      total 85504K, used 35327K [0x00000000f5580000, 0x00000000fda80000, 0x0000000100000000)
  eden space 35328K, 99% used [0x00000000f5580000,0x00000000f77fff40,0x00000000f7800000)
  from space 50176K, 0% used [0x00000000f7800000,0x00000000f7800000,0x00000000fa900000)
  to   space 24064K, 0% used [0x00000000fa900000,0x00000000fa900000,0x00000000fc080000)
 ParOldGen       total 349696K, used 349688K [0x00000000e0000000, 0x00000000f5580000, 0x00000000f5580000)
  object space 349696K, 99% used [0x00000000e0000000,0x00000000f557e270,0x00000000f5580000)
 Metaspace       used 55159K, committed 56128K, reserved 1105920K
  class space    used 5295K, committed 5760K, reserved 1048576K
}
Event: 2752.100 GC heap before
{Heap before GC invocations=1213 (full 1131):
 PSYoungGen      total 85504K, used 35328K [0x00000000f5580000, 0x00000000fda80000, 0x0000000100000000)
  eden space 35328K, 100% used [0x00000000f5580000,0x00000000f7800000,0x00000000f7800000)
  from space 50176K, 0% used [0x00000000f7800000,0x00000000f7800000,0x00000000fa900000)
  to   space 24064K, 0% used [0x00000000fa900000,0x00000000fa900000,0x00000000fc080000)
 ParOldGen       total 349696K, used 349688K [0x00000000e0000000, 0x00000000f5580000, 0x00000000f5580000)
  object space 349696K, 99% used [0x00000000e0000000,0x00000000f557e270,0x00000000f5580000)
 Metaspace       used 55159K, committed 56128K, reserved 1105920K
  class space    used 5295K, committed 5760K, reserved 1048576K
}
Event: 2754.224 GC heap after
{Heap after GC invocations=1213 (full 1131):
 PSYoungGen      total 59392K, used 35327K [0x00000000f5580000, 0x00000000fda80000, 0x0000000100000000)
  eden space 35328K, 99% used [0x00000000f5580000,0x00000000f77ffff0,0x00000000f7800000)
  from space 24064K, 0% used [0x00000000fa900000,0x00000000fa900000,0x00000000fc080000)
  to   space 50176K, 0% used [0x00000000f7800000,0x00000000f7800000,0x00000000fa900000)
 ParOldGen       total 349696K, used 349688K [0x00000000e0000000, 0x00000000f5580000, 0x00000000f5580000)
  object space 349696K, 99% used [0x00000000e0000000,0x00000000f557e228,0x00000000f5580000)
 Metaspace       used 55159K, committed 56128K, reserved 1105920K
  class space    used 5295K, committed 5760K, reserved 1048576K
}
Event: 2754.229 GC heap before
{Heap before GC invocations=1214 (full 1132):
 PSYoungGen      total 59392K, used 35327K [0x00000000f5580000, 0x00000000fda80000, 0x0000000100000000)
  eden space 35328K, 99% used [0x00000000f5580000,0x00000000f77ffff0,0x00000000f7800000)
  from space 24064K, 0% used [0x00000000fa900000,0x00000000fa900000,0x00000000fc080000)
  to   space 50176K, 0% used [0x00000000f7800000,0x00000000f7800000,0x00000000fa900000)
 ParOldGen       total 349696K, used 349690K [0x00000000e0000000, 0x00000000f5580000, 0x00000000f5580000)
  object space 349696K, 99% used [0x00000000e0000000,0x00000000f557ea80,0x00000000f5580000)
 Metaspace       used 55159K, committed 56128K, reserved 1105920K
  class space    used 5295K, committed 5760K, reserved 1048576K
}
Event: 2756.387 GC heap after
{Heap after GC invocations=1214 (full 1132):
 PSYoungGen      total 85504K, used 35327K [0x00000000f5580000, 0x00000000fda80000, 0x0000000100000000)
  eden space 35328K, 99% used [0x00000000f5580000,0x00000000f77fffa0,0x00000000f7800000)
  from space 50176K, 0% used [0x00000000f7800000,0x00000000f7800000,0x00000000fa900000)
  to   space 24064K, 0% used [0x00000000fa900000,0x00000000fa900000,0x00000000fc080000)
 ParOldGen       total 349696K, used 349690K [0x00000000e0000000, 0x00000000f5580000, 0x00000000f5580000)
  object space 349696K, 99% used [0x00000000e0000000,0x00000000f557e8b8,0x00000000f5580000)
 Metaspace       used 55159K, committed 56128K, reserved 1105920K
  class space    used 5295K, committed 5760K, reserved 1048576K
}
Event: 2756.392 GC heap before
{Heap before GC invocations=1215 (full 1133):
 PSYoungGen      total 85504K, used 35328K [0x00000000f5580000, 0x00000000fda80000, 0x0000000100000000)
  eden space 35328K, 100% used [0x00000000f5580000,0x00000000f7800000,0x00000000f7800000)
  from space 50176K, 0% used [0x00000000f7800000,0x00000000f7800000,0x00000000fa900000)
  to   space 24064K, 0% used [0x00000000fa900000,0x00000000fa900000,0x00000000fc080000)
 ParOldGen       total 349696K, used 349690K [0x00000000e0000000, 0x00000000f5580000, 0x00000000f5580000)
  object space 349696K, 99% used [0x00000000e0000000,0x00000000f557e8b8,0x00000000f5580000)
 Metaspace       used 55159K, committed 56128K, reserved 1105920K
  class space    used 5295K, committed 5760K, reserved 1048576K
}
Event: 2758.415 GC heap after
{Heap after GC invocations=1215 (full 1133):
 PSYoungGen      total 59392K, used 35328K [0x00000000f5580000, 0x00000000fda80000, 0x0000000100000000)
  eden space 35328K, 100% used [0x00000000f5580000,0x00000000f7800000,0x00000000f7800000)
  from space 24064K, 0% used [0x00000000fa900000,0x00000000fa900000,0x00000000fc080000)
  to   space 50176K, 0% used [0x00000000f7800000,0x00000000f7800000,0x00000000fa900000)
 ParOldGen       total 349696K, used 349690K [0x00000000e0000000, 0x00000000f5580000, 0x00000000f5580000)
  object space 349696K, 99% used [0x00000000e0000000,0x00000000f557e8b8,0x00000000f5580000)
 Metaspace       used 55159K, committed 56128K, reserved 1105920K
  class space    used 5295K, committed 5760K, reserved 1048576K
}
Event: 2758.416 GC heap before
{Heap before GC invocations=1216 (full 1134):
 PSYoungGen      total 59392K, used 35328K [0x00000000f5580000, 0x00000000fda80000, 0x0000000100000000)
  eden space 35328K, 100% used [0x00000000f5580000,0x00000000f7800000,0x00000000f7800000)
  from space 24064K, 0% used [0x00000000fa900000,0x00000000fa900000,0x00000000fc080000)
  to   space 50176K, 0% used [0x00000000f7800000,0x00000000f7800000,0x00000000fa900000)
 ParOldGen       total 349696K, used 349695K [0x00000000e0000000, 0x00000000f5580000, 0x00000000f5580000)
  object space 349696K, 99% used [0x00000000e0000000,0x00000000f557fcb0,0x00000000f5580000)
 Metaspace       used 55159K, committed 56128K, reserved 1105920K
  class space    used 5295K, committed 5760K, reserved 1048576K
}
Event: 2760.545 GC heap after
{Heap after GC invocations=1216 (full 1134):
 PSYoungGen      total 85504K, used 35327K [0x00000000f5580000, 0x00000000fda80000, 0x0000000100000000)
  eden space 35328K, 99% used [0x00000000f5580000,0x00000000f77fffb0,0x00000000f7800000)
  from space 50176K, 0% used [0x00000000f7800000,0x00000000f7800000,0x00000000fa900000)
  to   space 24064K, 0% used [0x00000000fa900000,0x00000000fa900000,0x00000000fc080000)
 ParOldGen       total 349696K, used 349692K [0x00000000e0000000, 0x00000000f5580000, 0x00000000f5580000)
  object space 349696K, 99% used [0x00000000e0000000,0x00000000f557f390,0x00000000f5580000)
 Metaspace       used 55159K, committed 56128K, reserved 1105920K
  class space    used 5295K, committed 5760K, reserved 1048576K
}
Event: 2760.546 GC heap before
{Heap before GC invocations=1217 (full 1135):
 PSYoungGen      total 85504K, used 35328K [0x00000000f5580000, 0x00000000fda80000, 0x0000000100000000)
  eden space 35328K, 100% used [0x00000000f5580000,0x00000000f7800000,0x00000000f7800000)
  from space 50176K, 0% used [0x00000000f7800000,0x00000000f7800000,0x00000000fa900000)
  to   space 24064K, 0% used [0x00000000fa900000,0x00000000fa900000,0x00000000fc080000)
 ParOldGen       total 349696K, used 349694K [0x00000000e0000000, 0x00000000f5580000, 0x00000000f5580000)
  object space 349696K, 99% used [0x00000000e0000000,0x00000000f557fb58,0x00000000f5580000)
 Metaspace       used 55159K, committed 56128K, reserved 1105920K
  class space    used 5295K, committed 5760K, reserved 1048576K
}
Event: 2762.741 GC heap after
{Heap after GC invocations=1217 (full 1135):
 PSYoungGen      total 59392K, used 35327K [0x00000000f5580000, 0x00000000fda80000, 0x0000000100000000)
  eden space 35328K, 99% used [0x00000000f5580000,0x00000000f77fffd0,0x00000000f7800000)
  from space 24064K, 0% used [0x00000000fa900000,0x00000000fa900000,0x00000000fc080000)
  to   space 50176K, 0% used [0x00000000f7800000,0x00000000f7800000,0x00000000fa900000)
 ParOldGen       total 349696K, used 349693K [0x00000000e0000000, 0x00000000f5580000, 0x00000000f5580000)
  object space 349696K, 99% used [0x00000000e0000000,0x00000000f557f6c8,0x00000000f5580000)
 Metaspace       used 55159K, committed 56128K, reserved 1105920K
  class space    used 5295K, committed 5760K, reserved 1048576K
}
Event: 2762.741 GC heap before
{Heap before GC invocations=1218 (full 1136):
 PSYoungGen      total 59392K, used 35327K [0x00000000f5580000, 0x00000000fda80000, 0x0000000100000000)
  eden space 35328K, 99% used [0x00000000f5580000,0x00000000f77fffd0,0x00000000f7800000)
  from space 24064K, 0% used [0x00000000fa900000,0x00000000fa900000,0x00000000fc080000)
  to   space 50176K, 0% used [0x00000000f7800000,0x00000000f7800000,0x00000000fa900000)
 ParOldGen       total 349696K, used 349693K [0x00000000e0000000, 0x00000000f5580000, 0x00000000f5580000)
  object space 349696K, 99% used [0x00000000e0000000,0x00000000f557f6c8,0x00000000f5580000)
 Metaspace       used 55159K, committed 56128K, reserved 1105920K
  class space    used 5295K, committed 5760K, reserved 1048576K
}
Event: 2764.723 GC heap after
{Heap after GC invocations=1218 (full 1136):
 PSYoungGen      total 85504K, used 35327K [0x00000000f5580000, 0x00000000fda80000, 0x0000000100000000)
  eden space 35328K, 99% used [0x00000000f5580000,0x00000000f77fffd0,0x00000000f7800000)
  from space 50176K, 0% used [0x00000000f7800000,0x00000000f7800000,0x00000000fa900000)
  to   space 24064K, 0% used [0x00000000fa900000,0x00000000fa900000,0x00000000fc080000)
 ParOldGen       total 349696K, used 349693K [0x00000000e0000000, 0x00000000f5580000, 0x00000000f5580000)
  object space 349696K, 99% used [0x00000000e0000000,0x00000000f557f6c8,0x00000000f5580000)
 Metaspace       used 55159K, committed 56128K, reserved 1105920K
  class space    used 5295K, committed 5760K, reserved 1048576K
}

Dll operation events (8 events):
Event: 0.012 Loaded shared library /nix/store/gpxl5qgg8kicmcvivwmybwjlpf7wh20l-graalvm17-ce-22.3.0/lib/libjava.so
Event: 0.026 Loaded shared library /nix/store/gpxl5qgg8kicmcvivwmybwjlpf7wh20l-graalvm17-ce-22.3.0/lib/libjsvml.so
Event: 0.304 Loaded shared library /nix/store/gpxl5qgg8kicmcvivwmybwjlpf7wh20l-graalvm17-ce-22.3.0/lib/libnio.so
Event: 0.311 Loaded shared library /nix/store/gpxl5qgg8kicmcvivwmybwjlpf7wh20l-graalvm17-ce-22.3.0/lib/libzip.so
Event: 0.317 Loaded shared library /nix/store/gpxl5qgg8kicmcvivwmybwjlpf7wh20l-graalvm17-ce-22.3.0/lib/libjvmcicompiler.so
Event: 0.974 Loaded shared library /nix/store/gpxl5qgg8kicmcvivwmybwjlpf7wh20l-graalvm17-ce-22.3.0/lib/libjimage.so
Event: 3.074 Loaded shared library /nix/store/gpxl5qgg8kicmcvivwmybwjlpf7wh20l-graalvm17-ce-22.3.0/lib/libnet.so
Event: 4.676 Loaded shared library /home/runner/Ambiente-de-sistemas-20241-JAVA/.cache/jdt-language-server/config/org.eclipse.equinox.launcher/org.eclipse.equinox.launcher.gtk.linux.x86_64_1.2.400.v20211117-0650/eclipse_11600.so

Deoptimization events (20 events):
Event: 212.215 Thread 0x0000750024003ae0 Uncommon trap: trap_request=0xffffffed fr.pc=0x00007500d31782c5 relative=0x0000000000000fa5
Event: 212.215 Thread 0x0000750024003ae0 Uncommon trap: reason=null_assert_or_unreached0 action=reinterpret pc=0x00007500d31782c5 method=org.eclipse.jdt.internal.compiler.parser.Scanner.getNextToken0()I @ 77 jvmci
Event: 212.215 Thread 0x0000750024003ae0 DEOPT PACKING pc=0x00007500d31782c5 sp=0x00007500908fe0c0
Event: 212.215 Thread 0x0000750024003ae0 DEOPT UNPACKING pc=0x00007500cb505325 sp=0x00007500908fd518 mode 3
Event: 216.603 Thread 0x00007500603d0200 DEOPT PACKING pc=0x00007500cbeaec0a sp=0x0000750090ffca60
Event: 216.603 Thread 0x00007500603d0200 DEOPT UNPACKING pc=0x00007500cb505325 sp=0x0000750090ffbf18 mode 0
Event: 226.101 Thread 0x000075005017a210 DEOPT PACKING pc=0x00007500cc6fbf28 sp=0x0000750090afcdc0
Event: 226.101 Thread 0x000075005017a210 DEOPT UNPACKING pc=0x00007500cb505325 sp=0x0000750090afc4a8 mode 0
Event: 1123.818 Thread 0x000075005017e400 Uncommon trap: trap_request=0xffffffcd fr.pc=0x00007500d321ff3f relative=0x000000000000009f
Event: 1123.818 Thread 0x000075005017e400 Uncommon trap: reason=intrinsic_or_type_checked_inlining action=reinterpret pc=0x00007500d321ff3f method=java.util.stream.Sink$ChainedReference.begin(J)V @ 0 jvmci
Event: 1123.818 Thread 0x000075005017e400 DEOPT PACKING pc=0x00007500d321ff3f sp=0x000075008f2fdc70
Event: 1123.818 Thread 0x000075005017e400 DEOPT UNPACKING pc=0x00007500cb505325 sp=0x000075008f2fd100 mode 3
Event: 1631.776 Thread 0x000075005017e400 Uncommon trap: trap_request=0xffffffcd fr.pc=0x00007500d321878e relative=0x00000000000017ae
Event: 1631.776 Thread 0x000075005017e400 Uncommon trap: reason=intrinsic_or_type_checked_inlining action=reinterpret pc=0x00007500d321878e method=org.eclipse.jdt.internal.compiler.parser.Parser.consumeRule(I)V @ 0 jvmci
Event: 1631.776 Thread 0x000075005017e400 DEOPT PACKING pc=0x00007500d321878e sp=0x000075008f2fdea0
Event: 1631.776 Thread 0x000075005017e400 DEOPT UNPACKING pc=0x00007500cb505325 sp=0x000075008f2fd358 mode 3
Event: 2226.942 Thread 0x00007500603d0200 Uncommon trap: trap_request=0xffffffed fr.pc=0x00007500d30c6348 relative=0x00000000000000c8
Event: 2226.942 Thread 0x00007500603d0200 Uncommon trap: reason=null_assert_or_unreached0 action=reinterpret pc=0x00007500d30c6348 method=org.eclipse.core.internal.jobs.InternalJob.getState()I @ 4 jvmci
Event: 2226.942 Thread 0x00007500603d0200 DEOPT PACKING pc=0x00007500d30c6348 sp=0x0000750090ffe250
Event: 2226.942 Thread 0x00007500603d0200 DEOPT UNPACKING pc=0x00007500cb505325 sp=0x0000750090ffd6e0 mode 3

Classes unloaded (20 events):
Event: 150.782 Thread 0x00007500e40a1400 Unloading class 0x0000000800cb0000 'java/lang/invoke/LambdaForm$MH+0x0000000800cb0000'
Event: 163.230 Thread 0x00007500e40a1400 Unloading class 0x0000000801004400 'jdk/internal/reflect/GeneratedSerializationConstructorAccessor33'
Event: 163.230 Thread 0x00007500e40a1400 Unloading class 0x0000000801004000 'jdk/internal/reflect/GeneratedSerializationConstructorAccessor32'
Event: 163.230 Thread 0x00007500e40a1400 Unloading class 0x0000000800ffb400 'jdk/internal/reflect/GeneratedSerializationConstructorAccessor31'
Event: 163.230 Thread 0x00007500e40a1400 Unloading class 0x0000000800ffb000 'jdk/internal/reflect/GeneratedSerializationConstructorAccessor30'
Event: 173.701 Thread 0x00007500e40a1400 Unloading class 0x00000008010c1400 'jdk/internal/reflect/GeneratedMethodAccessor12'
Event: 173.701 Thread 0x00007500e40a1400 Unloading class 0x00000008010c1000 'jdk/internal/reflect/GeneratedMethodAccessor11'
Event: 173.701 Thread 0x00007500e40a1400 Unloading class 0x00000008010bb000 'jdk/internal/reflect/GeneratedMethodAccessor9'
Event: 198.425 Thread 0x00007500e40a1400 Unloading class 0x0000000800e18000 'jdk/internal/reflect/GeneratedMethodAccessor8'
Event: 198.425 Thread 0x00007500e40a1400 Unloading class 0x0000000800e04c00 'jdk/internal/reflect/GeneratedMethodAccessor7'
Event: 198.425 Thread 0x00007500e40a1400 Unloading class 0x0000000800d9c400 'java/lang/invoke/LambdaForm$MH+0x0000000800d9c400'
Event: 198.425 Thread 0x00007500e40a1400 Unloading class 0x0000000800d91400 'java/lang/invoke/LambdaForm$MH+0x0000000800d91400'
Event: 198.425 Thread 0x00007500e40a1400 Unloading class 0x0000000800d91000 'java/lang/invoke/LambdaForm$MH+0x0000000800d91000'
Event: 198.425 Thread 0x00007500e40a1400 Unloading class 0x0000000800d90c00 'java/lang/invoke/LambdaForm$MH+0x0000000800d90c00'
Event: 198.425 Thread 0x00007500e40a1400 Unloading class 0x0000000800d90800 'java/lang/invoke/LambdaForm$MH+0x0000000800d90800'
Event: 198.425 Thread 0x00007500e40a1400 Unloading class 0x0000000800d90400 'java/lang/invoke/LambdaForm$MH+0x0000000800d90400'
Event: 198.426 Thread 0x00007500e40a1400 Unloading class 0x0000000800d90000 'java/lang/invoke/LambdaForm$MH+0x0000000800d90000'
Event: 250.437 Thread 0x00007500e40a1400 Unloading class 0x00000008011a8000 'jdk/internal/reflect/GeneratedMethodAccessor13'
Event: 250.437 Thread 0x00007500e40a1400 Unloading class 0x00000008010bb400 'jdk/internal/reflect/GeneratedMethodAccessor10'
Event: 390.992 Thread 0x00007500e40a1400 Unloading class 0x0000000800d74000 'jdk/internal/reflect/GeneratedConstructorAccessor3'

Classes redefined (0 events):
No events

Internal exceptions (20 events):
Event: 58.804 Thread 0x0000750050149aa0 Exception <a 'java/lang/NoSuchMethodError'{0x00000000f6a6f5a0}: 'java.lang.Object java.lang.invoke.DirectMethodHandle$Holder.newInvokeSpecial(java.lang.Object, java.lang.Object, int, java.lang.Object, java.lang.Object, java.lang.Object, java.lang.Object)'> (0x00000000f6a6f5a0) 
thrown [src/hotspot/share/interpreter/linkResolver.cpp, line 758]
Event: 59.007 Thread 0x0000750050149aa0 Exception <a 'java/lang/NoSuchMethodError'{0x00000000f55e3a80}: 'int java.lang.invoke.DirectMethodHandle$Holder.invokeSpecialIFC(java.lang.Object, java.lang.Object, java.lang.Object, java.lang.Object)'> (0x00000000f55e3a80) 
thrown [src/hotspot/share/interpreter/linkResolver.cpp, line 758]
Event: 59.300 Thread 0x00007500e4401510 Exception <a 'java/lang/ClassNotFoundException'{0x00000000f567d1d8}: sun/util/logging/resources/spi/loggingProvider> (0x00000000f567d1d8) 
thrown [src/hotspot/share/classfile/systemDictionary.cpp, line 256]
Event: 59.723 Thread 0x000075007864e2c0 Exception <a 'sun/nio/fs/UnixException'{0x00000000f5935c40}> (0x00000000f5935c40) 
thrown [src/hotspot/share/prims/jni.cpp, line 516]
Event: 60.002 Thread 0x000075007864e2c0 Exception <a 'sun/nio/fs/UnixException'{0x00000000f5b32710}> (0x00000000f5b32710) 
thrown [src/hotspot/share/prims/jni.cpp, line 516]
Event: 60.618 Thread 0x000075007864e2c0 Exception <a 'sun/nio/fs/UnixException'{0x00000000f64b6140}> (0x00000000f64b6140) 
thrown [src/hotspot/share/prims/jni.cpp, line 516]
Event: 61.331 Thread 0x000075007864e2c0 Implicit null exception at 0x00007500d30357b0 to 0x00007500d3035857
Event: 114.472 Thread 0x0000750040040330 Implicit null exception at 0x00007500d31ec729 to 0x00007500d31ec9ef
Event: 120.214 Thread 0x0000750050146250 Implicit null exception at 0x00007500d319ecb0 to 0x00007500d319ed19
Event: 120.772 Thread 0x0000750050179540 Exception <a 'java/lang/ArrayIndexOutOfBoundsException'{0x00000000f612f618}: Index 316 out of bounds for length 316> (0x00000000f612f618) 
thrown [src/hotspot/share/interpreter/interpreterRuntime.cpp, line 428]
Event: 120.772 Thread 0x0000750050179540 Exception <a 'java/lang/ArrayIndexOutOfBoundsException'{0x00000000f612fa88}: Index 316 out of bounds for length 316> (0x00000000f612fa88) 
thrown [src/hotspot/share/interpreter/interpreterRuntime.cpp, line 428]
Event: 120.772 Thread 0x0000750050179540 Exception <a 'java/lang/ArrayIndexOutOfBoundsException'{0x00000000f612fdf0}: Index 317 out of bounds for length 316> (0x00000000f612fdf0) 
thrown [src/hotspot/share/interpreter/interpreterRuntime.cpp, line 428]
Event: 136.202 Thread 0x0000750050175080 Exception <a 'java/lang/ArrayIndexOutOfBoundsException'{0x00000000f75daa28}: Index 367 out of bounds for length 367> (0x00000000f75daa28) 
thrown [src/hotspot/share/interpreter/interpreterRuntime.cpp, line 428]
Event: 136.202 Thread 0x0000750050175080 Exception <a 'java/lang/ArrayIndexOutOfBoundsException'{0x00000000f75dad90}: Index 367 out of bounds for length 367> (0x00000000f75dad90) 
thrown [src/hotspot/share/interpreter/interpreterRuntime.cpp, line 428]
Event: 136.203 Thread 0x0000750050175080 Exception <a 'java/lang/ArrayIndexOutOfBoundsException'{0x00000000f75db0f8}: Index 368 out of bounds for length 367> (0x00000000f75db0f8) 
thrown [src/hotspot/share/interpreter/interpreterRuntime.cpp, line 428]
Event: 151.871 Thread 0x00007500603d0200 Exception <a 'sun/nio/fs/UnixException'{0x00000000f777ab88}> (0x00000000f777ab88) 
thrown [src/hotspot/share/prims/jni.cpp, line 516]
Event: 208.125 Thread 0x00007500603d0200 Exception <a 'sun/nio/fs/UnixException'{0x00000000f77f95d0}> (0x00000000f77f95d0) 
thrown [src/hotspot/share/prims/jni.cpp, line 516]
Event: 214.468 Thread 0x00007500603d0200 Exception <a 'sun/nio/fs/UnixException'{0x00000000f77cd280}> (0x00000000f77cd280) 
thrown [src/hotspot/share/prims/jni.cpp, line 516]
Event: 2519.209 Thread 0x00007500602b0c00 Exception <a 'java/lang/OutOfMemoryError'{0x00000000e00bd710}> (0x00000000e00bd710) 
thrown [src/hotspot/share/gc/shared/memAllocator.cpp, line 136]
Event: 2764.724 Thread 0x00007500e40b19e0 Exception <a 'java/lang/OutOfMemoryError'{0x00000000e00bd9e0}> (0x00000000e00bd9e0) 
thrown [src/hotspot/share/gc/shared/memAllocator.cpp, line 136]

VM Operations (20 events):
Event: 2736.832 Executing VM operation: ParallelGCFailedAllocation
Event: 2739.149 Executing VM operation: ParallelGCFailedAllocation done
Event: 2739.156 Executing VM operation: ParallelGCFailedAllocation
Event: 2741.377 Executing VM operation: ParallelGCFailedAllocation done
Event: 2741.377 Executing VM operation: ParallelGCFailedAllocation
Event: 2743.468 Executing VM operation: ParallelGCFailedAllocation done
Event: 2743.468 Executing VM operation: ParallelGCFailedAllocation
Event: 2747.041 Executing VM operation: ParallelGCFailedAllocation done
Event: 2747.041 Executing VM operation: ParallelGCFailedAllocation
Event: 2752.099 Executing VM operation: ParallelGCFailedAllocation done
Event: 2752.100 Executing VM operation: ParallelGCFailedAllocation
Event: 2754.225 Executing VM operation: ParallelGCFailedAllocation done
Event: 2754.227 Executing VM operation: ParallelGCFailedAllocation
Event: 2756.388 Executing VM operation: ParallelGCFailedAllocation done
Event: 2756.388 Executing VM operation: ParallelGCFailedAllocation
Event: 2758.416 Executing VM operation: ParallelGCFailedAllocation done
Event: 2758.416 Executing VM operation: ParallelGCFailedAllocation
Event: 2760.546 Executing VM operation: ParallelGCFailedAllocation done
Event: 2760.546 Executing VM operation: ParallelGCFailedAllocation
Event: 2764.724 Executing VM operation: ParallelGCFailedAllocation done

Events (20 events):
Event: 263.498 Thread 0x000075005017cb30 Thread added: 0x000075005017cb30
Event: 263.499 Protecting memory [0x000075008f400000,0x000075008f404000] with protection modes 0
Event: 280.527 Thread 0x000075005017e400 Thread added: 0x000075005017e400
Event: 280.527 Protecting memory [0x000075008f200000,0x000075008f204000] with protection modes 0
Event: 462.675 Thread 0x000074fffc0032f0 Thread added: 0x000074fffc0032f0
Event: 462.676 Protecting memory [0x000075008de00000,0x000075008de04000] with protection modes 0
Event: 609.820 Thread 0x0000750050174040 Thread exited: 0x0000750050174040
Event: 1415.576 Thread 0x000074fffc0027b0 Thread exited: 0x000074fffc0027b0
Event: 1625.275 Thread 0x000074fffc0032f0 Thread exited: 0x000074fffc0032f0
Event: 1877.626 Thread 0x000075006c2e30f0 Thread exited: 0x000075006c2e30f0
Event: 2237.412 Thread 0x0000750000001ad0 Thread added: 0x0000750000001ad0
Event: 2237.412 Protecting memory [0x000075008f100000,0x000075008f104000] with protection modes 0
Event: 2262.215 Thread 0x000074fffc0032d0 Thread added: 0x000074fffc0032d0
Event: 2262.215 Protecting memory [0x000075008de00000,0x000075008de04000] with protection modes 0
Event: 2356.234 Thread 0x0000750000001ad0 Thread exited: 0x0000750000001ad0
Event: 2390.233 Thread 0x000075006800aac0 Thread exited: 0x000075006800aac0
Event: 2666.599 loading class java/lang/Throwable$WrappedPrintWriter
Event: 2666.599 loading class java/lang/Throwable$PrintStreamOrWriter
Event: 2666.600 loading class java/lang/Throwable$PrintStreamOrWriter done
Event: 2668.501 loading class java/lang/Throwable$WrappedPrintWriter done


Dynamic libraries:
e0000000-f4080000 rw-p 00000000 00:00 0 
f4080000-fda80000 rw-p 00000000 00:00 0 
fda80000-100000000 ---p 00000000 00:00 0 
800000000-800449000 rw-p 00001000 08:30 707969865                        /nix/store/gpxl5qgg8kicmcvivwmybwjlpf7wh20l-graalvm17-ce-22.3.0/lib/server/classes.jsa
800449000-800bc8000 r--p 0044a000 08:30 707969865                        /nix/store/gpxl5qgg8kicmcvivwmybwjlpf7wh20l-graalvm17-ce-22.3.0/lib/server/classes.jsa
800bc8000-800c00000 ---p 00000000 00:00 0 
800c00000-800c10000 rw-p 00000000 00:00 0 
800c10000-800c30000 rw-p 00000000 00:00 0 
800c30000-800cb0000 rw-p 00000000 00:00 0 
800cb0000-800cf0000 rw-p 00000000 00:00 0 
800cf0000-800db0000 rw-p 00000000 00:00 0 
800db0000-800df0000 rw-p 00000000 00:00 0 
800df0000-801150000 rw-p 00000000 00:00 0 
801150000-801180000 ---p 00000000 00:00 0 
801180000-8011d0000 rw-p 00000000 00:00 0 
8011d0000-840c00000 ---p 00000000 00:00 0 
59522fbaf000-59522fbb0000 r-xp 00000000 08:30 672029940                  /nix/store/gpxl5qgg8kicmcvivwmybwjlpf7wh20l-graalvm17-ce-22.3.0/bin/.java-wrapped
59522fbb1000-59522fbb2000 r--p 00001000 08:30 672029940                  /nix/store/gpxl5qgg8kicmcvivwmybwjlpf7wh20l-graalvm17-ce-22.3.0/bin/.java-wrapped
59522fbb2000-59522fbb3000 rw-p 00002000 08:30 672029940                  /nix/store/gpxl5qgg8kicmcvivwmybwjlpf7wh20l-graalvm17-ce-22.3.0/bin/.java-wrapped
59522fbb3000-59522fbb4000 rw-p 00004000 08:30 672029940                  /nix/store/gpxl5qgg8kicmcvivwmybwjlpf7wh20l-graalvm17-ce-22.3.0/bin/.java-wrapped
59522fbb4000-59522fbb5000 rw-p 00005000 08:30 672029940                  /nix/store/gpxl5qgg8kicmcvivwmybwjlpf7wh20l-graalvm17-ce-22.3.0/bin/.java-wrapped
595230b90000-595230bd8000 rw-p 00000000 00:00 0                          [heap]
74fff6e00000-74fff6f00000 ---p 00000000 00:00 0 
74fff6f00000-74fff74af000 r--p 01122000 08:30 707802136                  /nix/store/gpxl5qgg8kicmcvivwmybwjlpf7wh20l-graalvm17-ce-22.3.0/lib/libjvmcicompiler.so
74fff74af000-74fff7600000 r--p 00000000 00:00 0 
74fff7600000-74fff763d000 rw-p 00000000 00:00 0 
74fff763d000-74fff7b5d000 rw-p 0185f000 08:30 707802136                  /nix/store/gpxl5qgg8kicmcvivwmybwjlpf7wh20l-graalvm17-ce-22.3.0/lib/libjvmcicompiler.so
74fff7b5d000-74fff7f44000 r--p 01d7f000 08:30 707802136                  /nix/store/gpxl5qgg8kicmcvivwmybwjlpf7wh20l-graalvm17-ce-22.3.0/lib/libjvmcicompiler.so
74fff8000000-74fff8021000 rw-p 00000000 00:00 0 
74fff8021000-74fffc000000 ---p 00000000 00:00 0 
74fffc000000-74fffc021000 rw-p 00000000 00:00 0 
74fffc021000-750000000000 ---p 00000000 00:00 0 
750000000000-750000021000 rw-p 00000000 00:00 0 
750000021000-750004000000 ---p 00000000 00:00 0 
750004000000-750004021000 rw-p 00000000 00:00 0 
750004021000-750008000000 ---p 00000000 00:00 0 
750008000000-750008021000 rw-p 00000000 00:00 0 
750008021000-75000c000000 ---p 00000000 00:00 0 
75000c000000-75000c021000 rw-p 00000000 00:00 0 
75000c021000-750010000000 ---p 00000000 00:00 0 
750010000000-750010054000 rw-p 00000000 00:00 0 
750010054000-750014000000 ---p 00000000 00:00 0 
750014000000-750014021000 rw-p 00000000 00:00 0 
750014021000-750018000000 ---p 00000000 00:00 0 
750018000000-750018021000 rw-p 00000000 00:00 0 
750018021000-75001c000000 ---p 00000000 00:00 0 
75001c000000-75001c021000 rw-p 00000000 00:00 0 
75001c021000-750020000000 ---p 00000000 00:00 0 
750020000000-750020021000 rw-p 00000000 00:00 0 
750020021000-750024000000 ---p 00000000 00:00 0 
750024000000-750024021000 rw-p 00000000 00:00 0 
750024021000-750028000000 ---p 00000000 00:00 0 
750028000000-750028021000 rw-p 00000000 00:00 0 
750028021000-75002c000000 ---p 00000000 00:00 0 
75002c000000-75002c021000 rw-p 00000000 00:00 0 
75002c021000-750030000000 ---p 00000000 00:00 0 
750030000000-750030026000 rw-p 00000000 00:00 0 
750030026000-750034000000 ---p 00000000 00:00 0 
750034000000-750034021000 rw-p 00000000 00:00 0 
750034021000-750038000000 ---p 00000000 00:00 0 
750038000000-750038197000 rw-p 00000000 00:00 0 
750038197000-75003c000000 ---p 00000000 00:00 0 
75003c000000-75003c02c000 rw-p 00000000 00:00 0 
75003c02c000-750040000000 ---p 00000000 00:00 0 
750040000000-750040060000 rw-p 00000000 00:00 0 
750040060000-750044000000 ---p 00000000 00:00 0 
750045000000-7500450f0000 rw-p 00000000 00:00 0 
7500450f0000-750045100000 ---p 00000000 00:00 0 
750045100000-750045120000 rw-p 00000000 00:00 0 
750045120000-750045200000 ---p 00000000 00:00 0 
750045200000-750045220000 rw-p 00000000 00:00 0 
750045220000-750045800000 ---p 00000000 00:00 0 
7500464b3000-750050000000 r--s 00000000 08:30 707804677                  /nix/store/gpxl5qgg8kicmcvivwmybwjlpf7wh20l-graalvm17-ce-22.3.0/lib/modules
750050000000-750050187000 rw-p 00000000 00:00 0 
750050187000-750054000000 ---p 00000000 00:00 0 
750054000000-75005402e000 rw-p 00000000 00:00 0 
75005402e000-750058000000 ---p 00000000 00:00 0 
750058000000-750058021000 rw-p 00000000 00:00 0 
750058021000-75005c000000 ---p 00000000 00:00 0 
75005d000000-75005d370000 rw-p 00000000 00:00 0 
75005d370000-75005d3f0000 rw-p 00000000 00:00 0 
75005d3f0000-75005d7f0000 rw-p 00000000 00:00 0 
75005d7f0000-75005d800000 rw-p 00000000 00:00 0 
75005e000000-75005e5b0000 rw-p 00000000 00:00 0 
75005e5b0000-75005e5f0000 rw-p 00000000 00:00 0 
75005e5f0000-75005e7f0000 rw-p 00000000 00:00 0 
75005e7f0000-75005e9f0000 rw-p 00000000 00:00 0 
75005e9f0000-75005efb0000 rw-p 00000000 00:00 0 
75005efb0000-75005eff0000 rw-p 00000000 00:00 0 
75005eff0000-75005f000000 rw-p 00000000 00:00 0 
75005f800000-75005f8f0000 rw-p 00000000 00:00 0 
75005f8f0000-75005f9f0000 rw-p 00000000 00:00 0 
75005f9f0000-75005fd70000 rw-p 00000000 00:00 0 
75005fd70000-75005fdf0000 rw-p 00000000 00:00 0 
75005fdf0000-750060000000 rw-p 00000000 00:00 0 
750060000000-7500603e4000 rw-p 00000000 00:00 0 
7500603e4000-750064000000 ---p 00000000 00:00 0 
750064000000-75006403b000 rw-p 00000000 00:00 0 
75006403b000-750068000000 ---p 00000000 00:00 0 
750068000000-75006808d000 rw-p 00000000 00:00 0 
75006808d000-75006c000000 ---p 00000000 00:00 0 
75006c000000-75006c35e000 rw-p 00000000 00:00 0 
75006c35e000-750070000000 ---p 00000000 00:00 0 
750070000000-750070021000 rw-p 00000000 00:00 0 
750070021000-750074000000 ---p 00000000 00:00 0 
750074000000-750074021000 rw-p 00000000 00:00 0 
750074021000-750078000000 ---p 00000000 00:00 0 
750078000000-7500788f0000 rw-p 00000000 00:00 0 
7500788f0000-75007c000000 ---p 00000000 00:00 0 
75007c000000-75007c021000 rw-p 00000000 00:00 0 
75007c021000-750080000000 ---p 00000000 00:00 0 
750080000000-750080021000 rw-p 00000000 00:00 0 
750080021000-750084000000 ---p 00000000 00:00 0 
750084000000-750084021000 rw-p 00000000 00:00 0 
750084021000-750088000000 ---p 00000000 00:00 0 
750088000000-750088021000 rw-p 00000000 00:00 0 
750088021000-75008c000000 ---p 00000000 00:00 0 
75008c800000-75008c8f0000 rw-p 00000000 00:00 0 
75008c8f0000-75008c9f0000 rw-p 00000000 00:00 0 
75008c9f0000-75008cf70000 rw-p 00000000 00:00 0 
75008cf70000-75008d000000 rw-p 00000000 00:00 0 
75008d000000-75008d010000 r-xp 00000000 00:32f 310                       /home/runner/Ambiente-de-sistemas-20241-JAVA/.cache/jdt-language-server/config/org.eclipse.equinox.launcher/org.eclipse.equinox.launcher.gtk.linux.x86_64_1.2.400.v20211117-0650/eclipse_11600.so
75008d010000-75008d20f000 ---p 00010000 00:32f 310                       /home/runner/Ambiente-de-sistemas-20241-JAVA/.cache/jdt-language-server/config/org.eclipse.equinox.launcher/org.eclipse.equinox.launcher.gtk.linux.x86_64_1.2.400.v20211117-0650/eclipse_11600.so
75008d20f000-75008d210000 r--p 0000f000 00:32f 310                       /home/runner/Ambiente-de-sistemas-20241-JAVA/.cache/jdt-language-server/config/org.eclipse.equinox.launcher/org.eclipse.equinox.launcher.gtk.linux.x86_64_1.2.400.v20211117-0650/eclipse_11600.so
75008d210000-75008d211000 rw-p 00010000 00:32f 310                       /home/runner/Ambiente-de-sistemas-20241-JAVA/.cache/jdt-language-server/config/org.eclipse.equinox.launcher/org.eclipse.equinox.launcher.gtk.linux.x86_64_1.2.400.v20211117-0650/eclipse_11600.so
75008de00000-75008de04000 ---p 00000000 00:00 0 
75008de04000-75008df00000 rw-p 00000000 00:00 0 
75008eb68000-75008f000000 rw-p 00000000 00:00 0 
75008f100000-75008f104000 ---p 00000000 00:00 0 
75008f104000-75008f200000 rw-p 00000000 00:00 0 
75008f200000-75008f204000 ---p 00000000 00:00 0 
75008f204000-75008f300000 rw-p 00000000 00:00 0 
75008f300000-75008f304000 ---p 00000000 00:00 0 
75008f304000-75008f400000 rw-p 00000000 00:00 0 
75008f400000-75008f404000 ---p 00000000 00:00 0 
75008f404000-75008f500000 rw-p 00000000 00:00 0 
75008f500000-75008f504000 ---p 00000000 00:00 0 
75008f504000-75008f600000 rw-p 00000000 00:00 0 
75008f600000-75008f604000 ---p 00000000 00:00 0 
75008f604000-75008f700000 rw-p 00000000 00:00 0 
75008f700000-75008f704000 ---p 00000000 00:00 0 
75008f704000-75008f800000 rw-p 00000000 00:00 0 
75008f800000-75008f804000 ---p 00000000 00:00 0 
75008f804000-75008f900000 rw-p 00000000 00:00 0 
75008f900000-75008f904000 ---p 00000000 00:00 0 
75008f904000-75008fa00000 rw-p 00000000 00:00 0 
75008fa00000-75008fa04000 ---p 00000000 00:00 0 
75008fa04000-75008fb00000 rw-p 00000000 00:00 0 
75008fb00000-75008fb04000 ---p 00000000 00:00 0 
75008fb04000-75008fc00000 rw-p 00000000 00:00 0 
75008fc00000-75008fc04000 ---p 00000000 00:00 0 
75008fc04000-75008fd00000 rw-p 00000000 00:00 0 
75008fd00000-75008fd04000 ---p 00000000 00:00 0 
75008fd04000-75008fe00000 rw-p 00000000 00:00 0 
75008fe00000-75008fe04000 ---p 00000000 00:00 0 
75008fe04000-75008ff00000 rw-p 00000000 00:00 0 
75008ff00000-75008ff04000 ---p 00000000 00:00 0 
75008ff04000-750090000000 rw-p 00000000 00:00 0 
750090000000-750090004000 ---p 00000000 00:00 0 
750090004000-750090100000 rw-p 00000000 00:00 0 
750090100000-750090104000 ---p 00000000 00:00 0 
750090104000-750090200000 rw-p 00000000 00:00 0 
750090200000-750090204000 ---p 00000000 00:00 0 
750090204000-750090300000 rw-p 00000000 00:00 0 
750090300000-750090304000 ---p 00000000 00:00 0 
750090304000-750090400000 rw-p 00000000 00:00 0 
750090400000-750090404000 ---p 00000000 00:00 0 
750090404000-750090500000 rw-p 00000000 00:00 0 
750090500000-750090504000 ---p 00000000 00:00 0 
750090504000-750090600000 rw-p 00000000 00:00 0 
750090600000-750090604000 ---p 00000000 00:00 0 
750090604000-750090700000 rw-p 00000000 00:00 0 
750090700000-750090704000 ---p 00000000 00:00 0 
750090704000-750090800000 rw-p 00000000 00:00 0 
750090800000-750090804000 ---p 00000000 00:00 0 
750090804000-750090900000 rw-p 00000000 00:00 0 
750090900000-750090904000 ---p 00000000 00:00 0 
750090904000-750090a00000 rw-p 00000000 00:00 0 
750090a00000-750090a04000 ---p 00000000 00:00 0 
750090a04000-750090b00000 rw-p 00000000 00:00 0 
750090b00000-750090b04000 ---p 00000000 00:00 0 
750090b04000-750090c00000 rw-p 00000000 00:00 0 
750090c00000-750090c04000 ---p 00000000 00:00 0 
750090c04000-750090d00000 rw-p 00000000 00:00 0 
750090d00000-750090d04000 ---p 00000000 00:00 0 
750090d04000-750090e00000 rw-p 00000000 00:00 0 
750090f00000-750090f04000 ---p 00000000 00:00 0 
750090f04000-750091000000 rw-p 00000000 00:00 0 
750091100000-750091104000 ---p 00000000 00:00 0 
750091104000-750091200000 rw-p 00000000 00:00 0 
750091300000-750091304000 ---p 00000000 00:00 0 
750091304000-750091400000 rw-p 00000000 00:00 0 
750091500000-750091504000 ---p 00000000 00:00 0 
750091504000-750091600000 rw-p 00000000 00:00 0 
750091700000-750091704000 ---p 00000000 00:00 0 
750091704000-750091800000 rw-p 00000000 00:00 0 
750091800000-750091804000 ---p 00000000 00:00 0 
750091804000-750091900000 rw-p 00000000 00:00 0 
750091900000-750091904000 ---p 00000000 00:00 0 
750091904000-750091a00000 rw-p 00000000 00:00 0 
750091a00000-750091a04000 ---p 00000000 00:00 0 
750091a04000-750091b00000 rw-p 00000000 00:00 0 
750091b00000-750091b04000 ---p 00000000 00:00 0 
750091b04000-750091c00000 rw-p 00000000 00:00 0 
750091c00000-750093d6a000 r-xp 00000000 08:30 707802136                  /nix/store/gpxl5qgg8kicmcvivwmybwjlpf7wh20l-graalvm17-ce-22.3.0/lib/libjvmcicompiler.so
750093d6a000-750093f69000 ---p 0216a000 08:30 707802136                  /nix/store/gpxl5qgg8kicmcvivwmybwjlpf7wh20l-graalvm17-ce-22.3.0/lib/libjvmcicompiler.so
750093f69000-750093f6a000 r--p 02169000 08:30 707802136                  /nix/store/gpxl5qgg8kicmcvivwmybwjlpf7wh20l-graalvm17-ce-22.3.0/lib/libjvmcicompiler.so
750093f6a000-750093f6c000 rw-p 0216a000 08:30 707802136                  /nix/store/gpxl5qgg8kicmcvivwmybwjlpf7wh20l-graalvm17-ce-22.3.0/lib/libjvmcicompiler.so
750093f6c000-750093f6d000 rw-p 00000000 00:00 0 
750093f6d000-750093f72000 rw-p 023c3000 08:30 707802136                  /nix/store/gpxl5qgg8kicmcvivwmybwjlpf7wh20l-graalvm17-ce-22.3.0/lib/libjvmcicompiler.so
750094000000-750094021000 rw-p 00000000 00:00 0 
750094021000-750098000000 ---p 00000000 00:00 0 
750098000000-750098021000 rw-p 00000000 00:00 0 
750098021000-75009c000000 ---p 00000000 00:00 0 
75009c000000-75009c021000 rw-p 00000000 00:00 0 
75009c021000-7500a0000000 ---p 00000000 00:00 0 
7500a0000000-7500a0021000 rw-p 00000000 00:00 0 
7500a0021000-7500a4000000 ---p 00000000 00:00 0 
7500a4000000-7500a40d8000 rw-p 00000000 00:00 0 
7500a40d8000-7500a8000000 ---p 00000000 00:00 0 
7500a8000000-7500a8ad7000 rw-p 00000000 00:00 0 
7500a8ad7000-7500ac000000 ---p 00000000 00:00 0 
7500ac000000-7500ac021000 rw-p 00000000 00:00 0 
7500ac021000-7500b0000000 ---p 00000000 00:00 0 
7500b0000000-7500b0021000 rw-p 00000000 00:00 0 
7500b0021000-7500b4000000 ---p 00000000 00:00 0 
7500b4000000-7500b4021000 rw-p 00000000 00:00 0 
7500b4021000-7500b8000000 ---p 00000000 00:00 0 
7500b8000000-7500b8021000 rw-p 00000000 00:00 0 
7500b8021000-7500bc000000 ---p 00000000 00:00 0 
7500bc000000-7500bc021000 rw-p 00000000 00:00 0 
7500bc021000-7500c0000000 ---p 00000000 00:00 0 
7500c0000000-7500c0021000 rw-p 00000000 00:00 0 
7500c0021000-7500c4000000 ---p 00000000 00:00 0 
7500c4000000-7500c406d000 rw-p 00000000 00:00 0 
7500c406d000-7500c8000000 ---p 00000000 00:00 0 
7500c8018000-7500c801c000 ---p 00000000 00:00 0 
7500c801c000-7500c8118000 rw-p 00000000 00:00 0 
7500c8118000-7500c8119000 ---p 00000000 00:00 0 
7500c8119000-7500c821a000 rw-p 00000000 00:00 0 
7500c821a000-7500c821e000 ---p 00000000 00:00 0 
7500c821e000-7500c831a000 rw-p 00000000 00:00 0 
7500c831a000-7500c831e000 ---p 00000000 00:00 0 
7500c831e000-7500c841a000 rw-p 00000000 00:00 0 
7500c841a000-7500c841e000 ---p 00000000 00:00 0 
7500c841e000-7500c851a000 rw-p 00000000 00:00 0 
7500c851a000-7500c851e000 ---p 00000000 00:00 0 
7500c851e000-7500c871a000 rw-p 00000000 00:00 0 
7500c871a000-7500c871e000 ---p 00000000 00:00 0 
7500c871e000-7500c891a000 rw-p 00000000 00:00 0 
7500c891a000-7500c891e000 ---p 00000000 00:00 0 
7500c891e000-7500c8a1a000 rw-p 00000000 00:00 0 
7500c8a1a000-7500c8a1e000 ---p 00000000 00:00 0 
7500c8a1e000-7500c8b1a000 rw-p 00000000 00:00 0 
7500c8b1a000-7500c8b1e000 ---p 00000000 00:00 0 
7500c8b1e000-7500c8c1a000 rw-p 00000000 00:00 0 
7500c8c1a000-7500c8f00000 r--p 00000000 fc:00 28444448                   /usr/lib/locale/locale-archive
7500c8f00000-7500c8f04000 ---p 00000000 00:00 0 
7500c8f04000-7500c93f0000 rw-p 00000000 00:00 0 
7500c93f0000-7500c96f0000 rw-p 00000000 00:00 0 
7500c96f0000-7500c9800000 rw-p 00000000 00:00 0 
7500c9830000-7500c9834000 ---p 00000000 00:00 0 
7500c9834000-7500c9852000 rw-p 00000000 00:00 0 
7500c9852000-7500c9856000 ---p 00000000 00:00 0 
7500c9856000-7500c9952000 rw-p 00000000 00:00 0 
7500c9952000-7500c9953000 ---p 00000000 00:00 0 
7500c9953000-7500c9a54000 rw-p 00000000 00:00 0 
7500c9a54000-7500c9b22000 r-xp 00000000 08:30 707802132                  /nix/store/gpxl5qgg8kicmcvivwmybwjlpf7wh20l-graalvm17-ce-22.3.0/lib/libjsvml.so
7500c9b22000-7500c9b23000 r--p 000cd000 08:30 707802132                  /nix/store/gpxl5qgg8kicmcvivwmybwjlpf7wh20l-graalvm17-ce-22.3.0/lib/libjsvml.so
7500c9b23000-7500c9b24000 rw-p 000ce000 08:30 707802132                  /nix/store/gpxl5qgg8kicmcvivwmybwjlpf7wh20l-graalvm17-ce-22.3.0/lib/libjsvml.so
7500c9b24000-7500cb3b1000 rw-p 00000000 00:00 0 
7500cb3b1000-7500cb3b2000 ---p 00000000 00:00 0 
7500cb3b2000-7500cb4b3000 rw-p 00000000 00:00 0 
7500cb4b3000-7500cb723000 rwxp 00000000 00:00 0 
7500cb723000-7500cba42000 ---p 00000000 00:00 0 
7500cba42000-7500cc992000 rwxp 00000000 00:00 0 
7500cc992000-7500d2f7a000 ---p 00000000 00:00 0 
7500d2f7a000-7500d322a000 rwxp 00000000 00:00 0 
7500d322a000-7500da4b3000 ---p 00000000 00:00 0 
7500da4b3000-7500e4000000 r--s 00000000 08:30 707804677                  /nix/store/gpxl5qgg8kicmcvivwmybwjlpf7wh20l-graalvm17-ce-22.3.0/lib/modules
7500e4000000-7500e441e000 rw-p 00000000 00:00 0 
7500e441e000-7500e8000000 ---p 00000000 00:00 0 
7500e8012000-7500e8019000 r-xp 00000000 08:30 707804676                  /nix/store/gpxl5qgg8kicmcvivwmybwjlpf7wh20l-graalvm17-ce-22.3.0/lib/libzip.so
7500e8019000-7500e801a000 ---p 00007000 08:30 707804676                  /nix/store/gpxl5qgg8kicmcvivwmybwjlpf7wh20l-graalvm17-ce-22.3.0/lib/libzip.so
7500e801a000-7500e801b000 r--p 00007000 08:30 707804676                  /nix/store/gpxl5qgg8kicmcvivwmybwjlpf7wh20l-graalvm17-ce-22.3.0/lib/libzip.so
7500e801b000-7500e801c000 rw-p 00008000 08:30 707804676                  /nix/store/gpxl5qgg8kicmcvivwmybwjlpf7wh20l-graalvm17-ce-22.3.0/lib/libzip.so
7500e801c000-7500e801e000 rw-p 0000b000 08:30 707804676                  /nix/store/gpxl5qgg8kicmcvivwmybwjlpf7wh20l-graalvm17-ce-22.3.0/lib/libzip.so
7500e801e000-7500e8033000 r-xp 00000000 08:30 707804666                  /nix/store/gpxl5qgg8kicmcvivwmybwjlpf7wh20l-graalvm17-ce-22.3.0/lib/libnet.so
7500e8033000-7500e8034000 ---p 00015000 08:30 707804666                  /nix/store/gpxl5qgg8kicmcvivwmybwjlpf7wh20l-graalvm17-ce-22.3.0/lib/libnet.so
7500e8034000-7500e8035000 r--p 00015000 08:30 707804666                  /nix/store/gpxl5qgg8kicmcvivwmybwjlpf7wh20l-graalvm17-ce-22.3.0/lib/libnet.so
7500e8035000-7500e8036000 rw-p 00016000 08:30 707804666                  /nix/store/gpxl5qgg8kicmcvivwmybwjlpf7wh20l-graalvm17-ce-22.3.0/lib/libnet.so
7500e8036000-7500e8039000 rw-p 0001b000 08:30 707804666                  /nix/store/gpxl5qgg8kicmcvivwmybwjlpf7wh20l-graalvm17-ce-22.3.0/lib/libnet.so
7500e8039000-7500e804c000 r-xp 00000000 08:30 707804667                  /nix/store/gpxl5qgg8kicmcvivwmybwjlpf7wh20l-graalvm17-ce-22.3.0/lib/libnio.so
7500e804c000-7500e804d000 r--p 00012000 08:30 707804667                  /nix/store/gpxl5qgg8kicmcvivwmybwjlpf7wh20l-graalvm17-ce-22.3.0/lib/libnio.so
7500e804d000-7500e804e000 rw-p 00013000 08:30 707804667                  /nix/store/gpxl5qgg8kicmcvivwmybwjlpf7wh20l-graalvm17-ce-22.3.0/lib/libnio.so
7500e804e000-7500e8053000 rw-p 00019000 08:30 707804667                  /nix/store/gpxl5qgg8kicmcvivwmybwjlpf7wh20l-graalvm17-ce-22.3.0/lib/libnio.so
7500e8053000-7500e813f000 rw-p 00000000 00:00 0 
7500e813f000-7500e818c000 rw-p 00000000 00:00 0 
7500e818c000-7500e819e000 ---p 00000000 00:00 0 
7500e819e000-7500e81a5000 rw-p 00000000 00:00 0 
7500e81a5000-7500e828a000 ---p 00000000 00:00 0 
7500e828a000-7500e82a9000 rw-p 00000000 00:00 0 
7500e82a9000-7500e8375000 ---p 00000000 00:00 0 
7500e8375000-7500e837a000 rw-p 00000000 00:00 0 
7500e837a000-7500e8381000 ---p 00000000 00:00 0 
7500e8381000-7500e83a5000 r-xp 00000000 08:30 707802124                  /nix/store/gpxl5qgg8kicmcvivwmybwjlpf7wh20l-graalvm17-ce-22.3.0/lib/libjava.so
7500e83a5000-7500e83a6000 ---p 00024000 08:30 707802124                  /nix/store/gpxl5qgg8kicmcvivwmybwjlpf7wh20l-graalvm17-ce-22.3.0/lib/libjava.so
7500e83a6000-7500e83a7000 r--p 00024000 08:30 707802124                  /nix/store/gpxl5qgg8kicmcvivwmybwjlpf7wh20l-graalvm17-ce-22.3.0/lib/libjava.so
7500e83a7000-7500e83a8000 rw-p 00025000 08:30 707802124                  /nix/store/gpxl5qgg8kicmcvivwmybwjlpf7wh20l-graalvm17-ce-22.3.0/lib/libjava.so
7500e83a8000-7500e83a9000 rw-p 00000000 00:00 0 
7500e83a9000-7500e83b0000 rw-p 0002f000 08:30 707802124                  /nix/store/gpxl5qgg8kicmcvivwmybwjlpf7wh20l-graalvm17-ce-22.3.0/lib/libjava.so
7500e83b0000-7500e83b8000 rw-s 00000000 00:952 504                       /tmp/hsperfdata_runner/2730
7500e83b8000-7500e83b9000 ---p 00000000 00:00 0 
7500e83b9000-7500e83ba000 r--p 00000000 00:00 0 
7500e83ba000-7500e83bb000 rwxp 00000000 00:00 0 
7500e83bb000-7500e83d6000 r-xp 00000000 08:30 707802128                  /nix/store/gpxl5qgg8kicmcvivwmybwjlpf7wh20l-graalvm17-ce-22.3.0/lib/libjimage.so
7500e83d6000-7500e83d7000 ---p 0001b000 08:30 707802128                  /nix/store/gpxl5qgg8kicmcvivwmybwjlpf7wh20l-graalvm17-ce-22.3.0/lib/libjimage.so
7500e83d7000-7500e83d9000 r--p 0001b000 08:30 707802128                  /nix/store/gpxl5qgg8kicmcvivwmybwjlpf7wh20l-graalvm17-ce-22.3.0/lib/libjimage.so
7500e83d9000-7500e83da000 rw-p 0001d000 08:30 707802128                  /nix/store/gpxl5qgg8kicmcvivwmybwjlpf7wh20l-graalvm17-ce-22.3.0/lib/libjimage.so
7500e83da000-7500e83db000 rw-p 00024000 08:30 707802128                  /nix/store/gpxl5qgg8kicmcvivwmybwjlpf7wh20l-graalvm17-ce-22.3.0/lib/libjimage.so
7500e83db000-7500e83df000 ---p 00000000 00:00 0 
7500e83df000-7500e84db000 rw-p 00000000 00:00 0 
7500e84db000-7500e84e9000 r--p 00000000 08:30 600592023                  /nix/store/4nlgxhb09sdr51nc9hdm8az5b08vzkgx-glibc-2.35-163/lib/libm.so.6
7500e84e9000-7500e855c000 r-xp 0000e000 08:30 600592023                  /nix/store/4nlgxhb09sdr51nc9hdm8az5b08vzkgx-glibc-2.35-163/lib/libm.so.6
7500e855c000-7500e85b9000 r--p 00081000 08:30 600592023                  /nix/store/4nlgxhb09sdr51nc9hdm8az5b08vzkgx-glibc-2.35-163/lib/libm.so.6
7500e85b9000-7500e85ba000 r--p 000dd000 08:30 600592023                  /nix/store/4nlgxhb09sdr51nc9hdm8az5b08vzkgx-glibc-2.35-163/lib/libm.so.6
7500e85ba000-7500e85bb000 rw-p 000de000 08:30 600592023                  /nix/store/4nlgxhb09sdr51nc9hdm8az5b08vzkgx-glibc-2.35-163/lib/libm.so.6
7500e85bb000-7500e85bc000 r--p 00000000 08:30 600592042                  /nix/store/4nlgxhb09sdr51nc9hdm8az5b08vzkgx-glibc-2.35-163/lib/librt.so.1
7500e85bc000-7500e85bd000 r-xp 00001000 08:30 600592042                  /nix/store/4nlgxhb09sdr51nc9hdm8az5b08vzkgx-glibc-2.35-163/lib/librt.so.1
7500e85bd000-7500e85be000 r--p 00002000 08:30 600592042                  /nix/store/4nlgxhb09sdr51nc9hdm8az5b08vzkgx-glibc-2.35-163/lib/librt.so.1
7500e85be000-7500e85bf000 r--p 00002000 08:30 600592042                  /nix/store/4nlgxhb09sdr51nc9hdm8az5b08vzkgx-glibc-2.35-163/lib/librt.so.1
7500e85bf000-7500e85c0000 rw-p 00003000 08:30 600592042                  /nix/store/4nlgxhb09sdr51nc9hdm8az5b08vzkgx-glibc-2.35-163/lib/librt.so.1
7500e85c0000-7500e96d3000 r-xp 00000000 08:30 707972962                  /nix/store/gpxl5qgg8kicmcvivwmybwjlpf7wh20l-graalvm17-ce-22.3.0/lib/server/libjvm.so
7500e96d3000-7500e96d4000 ---p 01113000 08:30 707972962                  /nix/store/gpxl5qgg8kicmcvivwmybwjlpf7wh20l-graalvm17-ce-22.3.0/lib/server/libjvm.so
7500e96d4000-7500e9789000 r--p 01113000 08:30 707972962                  /nix/store/gpxl5qgg8kicmcvivwmybwjlpf7wh20l-graalvm17-ce-22.3.0/lib/server/libjvm.so
7500e9789000-7500e97bd000 rw-p 011c8000 08:30 707972962                  /nix/store/gpxl5qgg8kicmcvivwmybwjlpf7wh20l-graalvm17-ce-22.3.0/lib/server/libjvm.so
7500e97bd000-7500e9819000 rw-p 00000000 00:00 0 
7500e9819000-7500e9841000 r--p 00000000 08:30 600592014                  /nix/store/4nlgxhb09sdr51nc9hdm8az5b08vzkgx-glibc-2.35-163/lib/libc.so.6
7500e9841000-7500e99b7000 r-xp 00028000 08:30 600592014                  /nix/store/4nlgxhb09sdr51nc9hdm8az5b08vzkgx-glibc-2.35-163/lib/libc.so.6
7500e99b7000-7500e9a0f000 r--p 0019e000 08:30 600592014                  /nix/store/4nlgxhb09sdr51nc9hdm8az5b08vzkgx-glibc-2.35-163/lib/libc.so.6
7500e9a0f000-7500e9a13000 r--p 001f6000 08:30 600592014                  /nix/store/4nlgxhb09sdr51nc9hdm8az5b08vzkgx-glibc-2.35-163/lib/libc.so.6
7500e9a13000-7500e9a15000 rw-p 001fa000 08:30 600592014                  /nix/store/4nlgxhb09sdr51nc9hdm8az5b08vzkgx-glibc-2.35-163/lib/libc.so.6
7500e9a15000-7500e9a24000 rw-p 00000000 00:00 0 
7500e9a24000-7500e9a25000 r--p 00000000 08:30 600592019                  /nix/store/4nlgxhb09sdr51nc9hdm8az5b08vzkgx-glibc-2.35-163/lib/libdl.so.2
7500e9a25000-7500e9a26000 r-xp 00001000 08:30 600592019                  /nix/store/4nlgxhb09sdr51nc9hdm8az5b08vzkgx-glibc-2.35-163/lib/libdl.so.2
7500e9a26000-7500e9a27000 r--p 00002000 08:30 600592019                  /nix/store/4nlgxhb09sdr51nc9hdm8az5b08vzkgx-glibc-2.35-163/lib/libdl.so.2
7500e9a27000-7500e9a28000 r--p 00002000 08:30 600592019                  /nix/store/4nlgxhb09sdr51nc9hdm8az5b08vzkgx-glibc-2.35-163/lib/libdl.so.2
7500e9a28000-7500e9a29000 rw-p 00003000 08:30 600592019                  /nix/store/4nlgxhb09sdr51nc9hdm8az5b08vzkgx-glibc-2.35-163/lib/libdl.so.2
7500e9a29000-7500e9a2a000 r--p 00000000 08:30 600592038                  /nix/store/4nlgxhb09sdr51nc9hdm8az5b08vzkgx-glibc-2.35-163/lib/libpthread.so.0
7500e9a2a000-7500e9a2b000 r-xp 00001000 08:30 600592038                  /nix/store/4nlgxhb09sdr51nc9hdm8az5b08vzkgx-glibc-2.35-163/lib/libpthread.so.0
7500e9a2b000-7500e9a2c000 r--p 00002000 08:30 600592038                  /nix/store/4nlgxhb09sdr51nc9hdm8az5b08vzkgx-glibc-2.35-163/lib/libpthread.so.0
7500e9a2c000-7500e9a2d000 r--p 00002000 08:30 600592038                  /nix/store/4nlgxhb09sdr51nc9hdm8az5b08vzkgx-glibc-2.35-163/lib/libpthread.so.0
7500e9a2d000-7500e9a2e000 rw-p 00003000 08:30 600592038                  /nix/store/4nlgxhb09sdr51nc9hdm8az5b08vzkgx-glibc-2.35-163/lib/libpthread.so.0
7500e9a2e000-7500e9a3c000 r-xp 00000000 08:30 707802129                  /nix/store/gpxl5qgg8kicmcvivwmybwjlpf7wh20l-graalvm17-ce-22.3.0/lib/libjli.so
7500e9a3c000-7500e9a3d000 ---p 0000e000 08:30 707802129                  /nix/store/gpxl5qgg8kicmcvivwmybwjlpf7wh20l-graalvm17-ce-22.3.0/lib/libjli.so
7500e9a3d000-7500e9a3e000 r--p 0000e000 08:30 707802129                  /nix/store/gpxl5qgg8kicmcvivwmybwjlpf7wh20l-graalvm17-ce-22.3.0/lib/libjli.so
7500e9a3e000-7500e9a3f000 rw-p 0000f000 08:30 707802129                  /nix/store/gpxl5qgg8kicmcvivwmybwjlpf7wh20l-graalvm17-ce-22.3.0/lib/libjli.so
7500e9a3f000-7500e9a40000 rw-p 00012000 08:30 707802129                  /nix/store/gpxl5qgg8kicmcvivwmybwjlpf7wh20l-graalvm17-ce-22.3.0/lib/libjli.so
7500e9a40000-7500e9a43000 r--p 00000000 08:30 678822167                  /nix/store/026hln0aq1hyshaxsdvhg0kmcm6yf45r-zlib-1.2.13/lib/libz.so.1.2.13
7500e9a43000-7500e9a55000 r-xp 00003000 08:30 678822167                  /nix/store/026hln0aq1hyshaxsdvhg0kmcm6yf45r-zlib-1.2.13/lib/libz.so.1.2.13
7500e9a55000-7500e9a5c000 r--p 00015000 08:30 678822167                  /nix/store/026hln0aq1hyshaxsdvhg0kmcm6yf45r-zlib-1.2.13/lib/libz.so.1.2.13
7500e9a5c000-7500e9a5d000 r--p 0001b000 08:30 678822167                  /nix/store/026hln0aq1hyshaxsdvhg0kmcm6yf45r-zlib-1.2.13/lib/libz.so.1.2.13
7500e9a5d000-7500e9a5e000 rw-p 0001c000 08:30 678822167                  /nix/store/026hln0aq1hyshaxsdvhg0kmcm6yf45r-zlib-1.2.13/lib/libz.so.1.2.13
7500e9a5e000-7500e9a60000 rw-p 00000000 00:00 0 
7500e9a60000-7500e9a62000 r--p 00000000 08:30 600592008                  /nix/store/4nlgxhb09sdr51nc9hdm8az5b08vzkgx-glibc-2.35-163/lib/ld-linux-x86-64.so.2
7500e9a62000-7500e9a89000 r-xp 00002000 08:30 600592008                  /nix/store/4nlgxhb09sdr51nc9hdm8az5b08vzkgx-glibc-2.35-163/lib/ld-linux-x86-64.so.2
7500e9a89000-7500e9a95000 r--p 00029000 08:30 600592008                  /nix/store/4nlgxhb09sdr51nc9hdm8az5b08vzkgx-glibc-2.35-163/lib/ld-linux-x86-64.so.2
7500e9a95000-7500e9a97000 r--p 00034000 08:30 600592008                  /nix/store/4nlgxhb09sdr51nc9hdm8az5b08vzkgx-glibc-2.35-163/lib/ld-linux-x86-64.so.2
7500e9a97000-7500e9a99000 rw-p 00036000 08:30 600592008                  /nix/store/4nlgxhb09sdr51nc9hdm8az5b08vzkgx-glibc-2.35-163/lib/ld-linux-x86-64.so.2
7ffd5a7d1000-7ffd5a7f5000 rw-p 00000000 00:00 0                          [stack]
7ffd5a7f8000-7ffd5a7fc000 r--p 00000000 00:00 0                          [vvar]
7ffd5a7fc000-7ffd5a7fe000 r-xp 00000000 00:00 0                          [vdso]
ffffffffff600000-ffffffffff601000 --xp 00000000 00:00 0                  [vsyscall]


VM Arguments:
jvm_args: -XX:ThreadPriorityPolicy=1 -XX:+UnlockExperimentalVMOptions -XX:+EnableJVMCIProduct -XX:JVMCIThreadsPerNativeLibraryRuntime=1 -XX:-UnlockExperimentalVMOptions -Declipse.application=org.eclipse.jdt.ls.core.id1 -Dosgi.bundles.defaultStartLevel=4 -Declipse.product=org.eclipse.jdt.ls.core.product -Dlog.level=ALL -Xverify:none -XX:+UseParallelGC -XX:GCTimeRatio=4 -XX:AdaptiveSizePolicyWeight=90 -Dsun.zip.disableMemoryMapping=true -Xmx512m -Xms100m 
java_command: /nix/store/q9712qvwdh22a4krw4jz2sjrz07mvjbl-jdt-language-server-1.9.0/share/java/plugins/org.eclipse.equinox.launcher_1.6.400.v20210924-0641.jar --add-modules=ALL-SYSTEM --add-opens java.base/java.util=ALL-UNNAMED --add-opens java.base/java.lang=ALL-UNNAMED -configuration /home/runner/Ambiente-de-sistemas-20241-JAVA/.cache/jdt-language-server/config -data /home/runner/.cache/jdt-language-server/data/home/runner/Ambiente-de-sistemas-20241-JAVA
java_class_path (initial): /nix/store/q9712qvwdh22a4krw4jz2sjrz07mvjbl-jdt-language-server-1.9.0/share/java/plugins/org.eclipse.equinox.launcher_1.6.400.v20210924-0641.jar
Launcher Type: SUN_STANDARD

[Global flags]
    uintx AdaptiveSizePolicyWeight                 = 90                                        {product} {command line}
     intx CICompilerCount                          = 2                                         {product} {ergonomic}
     bool EnableJVMCIProduct                       = true                                {JVMCI product} {jimage}
    uintx GCTimeRatio                              = 4                                         {product} {command line}
   size_t InitialHeapSize                          = 104857600                                 {product} {command line}
     uint JVMCIThreadsPerNativeLibraryRuntime      = 1                                   {JVMCI product} {jimage}
   size_t MaxHeapSize                              = 536870912                                 {product} {command line}
   size_t MaxNewSize                               = 178782208                                 {product} {ergonomic}
   size_t MinHeapDeltaBytes                        = 524288                                    {product} {ergonomic}
   size_t MinHeapSize                              = 104857600                                 {product} {command line}
   size_t NewSize                                  = 34603008                                  {product} {ergonomic}
    uintx NonNMethodCodeHeapSize                   = 5826188                                {pd product} {ergonomic}
    uintx NonProfiledCodeHeapSize                  = 122916026                              {pd product} {ergonomic}
   size_t OldSize                                  = 70254592                                  {product} {ergonomic}
    uintx ProfiledCodeHeapSize                     = 122916026                              {pd product} {ergonomic}
    uintx ReservedCodeCacheSize                    = 251658240                              {pd product} {ergonomic}
     bool SegmentedCodeCache                       = true                                      {product} {ergonomic}
   size_t SoftMaxHeapSize                          = 536870912                              {manageable} {ergonomic}
     intx ThreadPriorityPolicy                     = 1                                         {product} {jimage}
     bool UseCompressedClassPointers               = true                           {product lp64_product} {ergonomic}
     bool UseCompressedOops                        = true                           {product lp64_product} {ergonomic}
     bool UseParallelGC                            = true                                      {product} {command line}

Logging:
Log output configuration:
 #0: stdout all=warning uptime,level,tags
 #1: stderr all=off uptime,level,tags

Environment Variables:
JAVA_HOME=/nix/store/gpxl5qgg8kicmcvivwmybwjlpf7wh20l-graalvm17-ce-22.3.0
PATH=/nix/store/1d6ian3r8kdzspw8hacjhl3xkp40g1lj-binutils-wrapper-2.39/bin:/nix/store/dq0xwmsk1g0i2ayg6pb7y87na2knzylh-gcc-wrapper-11.3.0/bin:/nix/store/bap4d0lpcrhpwmpb8ayjcgkmvfj62lnq-bash-interactive-5.1-p16/bin:/nix/store/pr5n59mb4jzmfx6kanwxly0l07p861fg-patchelf-0.15.0/bin:/nix/store/1gf2flfqnpqbr1b4p4qz2f72y42bs56r-gcc-11.3.0/bin:/nix/store/57xv61c5zi8pphjbcwxxjlgc34p61ic9-glibc-2.35-163-bin/bin:/nix/store/a7gvj343m05j2s32xcnwr35v31ynlypr-coreutils-9.1/bin:/nix/store/039g378vc3pc3dvi9dzdlrd0i4q93qwf-binutils-2.39/bin:/nix/store/gpxl5qgg8kicmcvivwmybwjlpf7wh20l-graalvm17-ce-22.3.0/bin:/nix/store/6z9ag3ihc8mq2hzsw48lhbznvzny65nz-apache-maven-3.8.6/bin:/nix/store/q9712qvwdh22a4krw4jz2sjrz07mvjbl-jdt-language-server-1.9.0/bin:/nix/store/9zdrgm97n766nc0kj11x4xvvp00qlfk9-java-debug/bin:/nix/store/mydc6f4k2z73xlcz7ilif3v2lcaiqvza-findutils-4.9.0/bin:/nix/store/j9p3g8472iijd50vhdprx0nmk2fqn5gv-diffutils-3.8/bin:/nix/store/89zs7rms6x00xfq4dq6m7mjnhkr8a6r4-gnused-4.8/bin:/nix/store/86bp03jkmsl6f92w0yzg4s59g5mhxwmy-gnugrep-3.7/bin:/nix/store/hwcdqw4jrjnd37wxqgsd47hd0j8bnj09-gawk-5.1.1/bin:/nix/store/cfbhw8r8ags41vwqaz47r583d0p4h4a1-gnutar-1.34/bin:/nix/store/p3m1ndl1lapwrlh698bnb5lvvxh67378-gzip-1.12/bin:/nix/store/a8mhcagrsly7c7mpjrpsnaahk4aax056-bzip2-1.0.8-bin/bin:/nix/store/mblgz65m3zv9x548a3d5m96fj2pbwr09-gnumake-4.3/bin:/nix/store/dsd5gz46hdbdk2rfdimqddhq6m8m8fqs-bash-5.1-p16/bin:/nix/store/v7ljksji50mg3w61dykaa3n3y79n6nil-patch-2.7.6/bin:/nix/store/zlcnmqq14jz5x9439jf937mvayyl63da-xz-5.2.7-bin/bin:/nix/store/y6aj732zm9m87c82fpvf103a1xb22blp-file-5.43/bin:/nix/store/yq0vlv3d2f5si3ibawpq5ay2pc6knixp-nix-2.18.0pre20230808_c0e6466/bin:/nix/store/i4kzir3m7mrisxmf5xvlnkw01x4qaqr4-prybar-elisp-0.0.0-e0d9a52/bin:/nix/store/lwwivxf6h7x3cvxp9zv8sj0mv7dak99r-prybar-lua-0.0.0-e0d9a52/bin:/nix/store/gxj28g1cg4hq3qanmjv07156h800qr58-prybar-python3-0.0.0-e0d9a52/bin:/nix/store/hshkjnxrgidigf8x75vg6lqng2xlx9i3-prybar-sqlite-0.0.0-e0d9a52/bin:/nix/store/c4w01bpjgyy5ixmwdk8m1pw87zq4sl
LD_LIBRARY_PATH=/nix/store/a4pff549sk2idnkpzk5nsfps3mdkdnvm-cups-2.4.2-lib/lib:/nix/store/72mqxxhh3cy5yifh92wh2yb8cl2hikyy-cairo-1.16.0/lib:/nix/store/2k366jrbsra97gjfxwvrhvixjfxdach5-glib-2.74.1/lib:/nix/store/2j2znigd8ak37rlwh9khz0ry3clqlw1l-gtk+3-3.24.34/lib
DISPLAY=:0
LANG=en_US.UTF-8

Signal Handlers:
   SIGSEGV: crash_handler in libjvm.so, mask=11100100010111111101111111111110, flags=SA_RESTART|SA_SIGINFO
    SIGBUS: crash_handler in libjvm.so, mask=11100100010111111101111111111110, flags=SA_RESTART|SA_SIGINFO
    SIGFPE: crash_handler in libjvm.so, mask=11100100010111111101111111111110, flags=SA_RESTART|SA_SIGINFO
   SIGPIPE: IsolateEnterStub_IgnoreSIGPIPEStartupHook_noopSignalHandler_8f19bff2f35b5f630d83b364d6b2339320d4ec70_216e8361c6bc87a8f89f58cc10d3b2fd4415bf87 in libjvmcicompiler.so, mask=00000000000000000000000000000000, flags=SA_RESTART
  *** Handler was modified!
  *** Expected: javaSignalHandler in libjvm.so, mask=11100100110111111111111111111110, flags=SA_RESTART|SA_SIGINFO
   SIGXFSZ: javaSignalHandler in libjvm.so, mask=11100100010111111101111111111110, flags=SA_RESTART|SA_SIGINFO
    SIGILL: crash_handler in libjvm.so, mask=11100100010111111101111111111110, flags=SA_RESTART|SA_SIGINFO
   SIGUSR2: SR_handler in libjvm.so, mask=00000000000000000000000000000000, flags=SA_RESTART|SA_SIGINFO
    SIGHUP: UserHandler in libjvm.so, mask=11100100010111111101111111111110, flags=SA_RESTART|SA_SIGINFO
    SIGINT: UserHandler in libjvm.so, mask=11100100010111111101111111111110, flags=SA_RESTART|SA_SIGINFO
   SIGTERM: UserHandler in libjvm.so, mask=11100100010111111101111111111110, flags=SA_RESTART|SA_SIGINFO
   SIGQUIT: UserHandler in libjvm.so, mask=11100100010111111101111111111110, flags=SA_RESTART|SA_SIGINFO
  *** Handler was modified!
  *** Expected: javaSignalHandler in libjvm.so, mask=11100100110111111111111111111110, flags=SA_RESTART|SA_SIGINFO
   SIGTRAP: crash_handler in libjvm.so, mask=11100100010111111101111111111110, flags=SA_RESTART|SA_SIGINFO


---------------  S Y S T E M  ---------------

OS:
DISTRIB_ID=Ubuntu
DISTRIB_RELEASE=20.04
DISTRIB_CODENAME=focal
DISTRIB_DESCRIPTION="Ubuntu 20.04.2 LTS"
uname: Linux 6.5.0-1015-gcp #15~22.04.1-Ubuntu SMP Wed Feb 14 21:22:00 UTC 2024 x86_64
OS uptime: 0 days 8:30 hours
libc: glibc 2.35 NPTL 2.35 
rlimit (soft/hard): STACK 8192k/infinity , CORE infinity/infinity , NPROC infinity/infinity , NOFILE 5242/5242 , AS infinity/infinity , CPU infinity/infinity , DATA infinity/infinity , FSIZE infinity/infinity , MEMLOCK 8192k/8192k
load average: 21.13 16.35 15.84

/proc/meminfo:
MemTotal:       65835408 kB
MemFree:        34752780 kB
MemAvailable:   45382804 kB
Buffers:          624092 kB
Cached:          9676000 kB
SwapCached:            0 kB
Active:         22309312 kB
Inactive:        6421580 kB
Active(anon):   16994012 kB
Inactive(anon):  1341744 kB
Active(file):    5315300 kB
Inactive(file):  5079836 kB
Unevictable:       27816 kB
Mlocked:           27816 kB
SwapTotal:             0 kB
SwapFree:              0 kB
Zswap:                 0 kB
Zswapped:              0 kB
Dirty:              6088 kB
Writeback:             0 kB
AnonPages:      18244432 kB
Mapped:          2091776 kB
Shmem:             20204 kB
KReclaimable:     961340 kB
Slab:            1526456 kB
SReclaimable:     961340 kB
SUnreclaim:       565116 kB
KernelStack:      152668 kB
PageTables:       289836 kB
SecPageTables:         0 kB
NFS_Unstable:          0 kB
Bounce:                0 kB
WritebackTmp:          0 kB
CommitLimit:    32917704 kB
Committed_AS:   59353308 kB
VmallocTotal:   34359738367 kB
VmallocUsed:      180428 kB
VmallocChunk:          0 kB
Percpu:            41568 kB
HardwareCorrupted:     0 kB
AnonHugePages:    964608 kB
ShmemHugePages:        0 kB
ShmemPmdMapped:        0 kB
FileHugePages:         0 kB
FilePmdMapped:         0 kB
Unaccepted:            0 kB
HugePages_Total:       0
HugePages_Free:        0
HugePages_Rsvd:        0
HugePages_Surp:        0
Hugepagesize:       2048 kB
Hugetlb:               0 kB
DirectMap4k:      252728 kB
DirectMap2M:    18618368 kB
DirectMap1G:    50331648 kB

/sys/kernel/mm/transparent_hugepage/enabled: always [madvise] never
/sys/kernel/mm/transparent_hugepage/defrag (defrag/compaction efforts parameter): always defer defer+madvise [madvise] never

Process Memory:
Virtual Size: 5462632K (peak: 5491496K)
Resident Set Size: 794768K (peak: 829388K) (anon: 597572K, file: 197196K, shmem: 0K)
Swapped out: 0K
C-Heap outstanding allocations: 39377K, retained: 12554K
glibc malloc tunables: (default)

/proc/sys/kernel/threads-max (system-wide limit on the number of threads): 514277
/proc/sys/vm/max_map_count (maximum number of memory map areas a process may have): 65530
/proc/sys/kernel/pid_max (system-wide limit on number of process identifiers): 4194304

container (cgroup) information:
container_type: cgroupv2
cpu_cpuset_cpus: not supported
cpu_memory_nodes: not supported
active_processor_count: 1
cpu_quota: 50000
cpu_period: 100000
cpu_shares: no shares
memory_limit_in_bytes: 1048576 k
memory_and_swap_limit_in_bytes: unlimited
memory_soft_limit_in_bytes: 524288 k
memory_usage_in_bytes: 666220 k
memory_max_usage_in_bytes: not supported
maximum number of tasks: not supported
current number of tasks: not supported

KVM virtualization detected
Steal ticks since vm start: 14222
Steal ticks percentage since vm start:  0.007

CPU: total 8 (initial active 1) (4 cores per cpu, 2 threads per core) family 6 model 79 stepping 0 microcode 0xffffffff, cx8, cmov, fxsr, ht, mmx, 3dnowpref, sse, sse2, sse3, ssse3, sse4.1, sse4.2, popcnt, lzcnt, tsc, tscinvbit, avx, avx2, aes, erms, clmul, bmi1, bmi2, rtm, adx, fma, vzeroupper, clflush, hv
CPU Model and flags from /proc/cpuinfo:
model name	: Intel(R) Xeon(R) CPU @ 2.20GHz
flags		: fpu vme de pse tsc msr pae mce cx8 apic sep mtrr pge mca cmov pat pse36 clflush mmx fxsr sse sse2 ss ht syscall nx pdpe1gb rdtscp lm constant_tsc rep_good nopl xtopology nonstop_tsc cpuid tsc_known_freq pni pclmulqdq ssse3 fma cx16 pcid sse4_1 sse4_2 x2apic movbe popcnt aes xsave avx f16c rdrand hypervisor lahf_lm abm 3dnowprefetch invpcid_single pti ssbd ibrs ibpb stibp fsgsbase tsc_adjust bmi1 hle avx2 smep bmi2 erms invpcid rtm rdseed adx smap xsaveopt arat md_clear arch_capabilities

Online cpus: 0-7
Offline cpus: 
BIOS frequency limitation: <Not Available>
Frequency switch latency (ns): <Not Available>
Available cpu frequencies: <Not Available>
Current governor: <Not Available>
Core performance/turbo boost: <Not Available>

Memory: 4k page, physical 1048576k(382356k free), swap 0k(0k free)
Page Sizes: 4k

vm_info: OpenJDK 64-Bit Server VM (17.0.5+8-jvmci-22.3-b08) for linux-amd64 JRE (17.0.5+8-jvmci-22.3-b08), built on Oct 19 2022 09:01:27 by "buildslave" with gcc 10.3.0

END.
