#
# A fatal error has been detected by the Java Runtime Environment:
#
#  Internal Error (jvmciRuntime.cpp:1609), pid=53, tid=72
#  fatal error: Fatal exception in JVMCI: Error calling jdk.vm.ci.services.Services.serializeSavedProperties
#
# JRE version: OpenJDK Runtime Environment GraalVM CE 22.3.0 (17.0.5+8) (build 17.0.5+8-jvmci-22.3-b08)
# Java VM: OpenJDK 64-Bit Server VM GraalVM CE 22.3.0 (17.0.5+8-jvmci-22.3-b08, mixed mode, sharing, tiered, jvmci, jvmci compiler, compressed oops, compressed class ptrs, parallel gc, linux-amd64)
# Problematic frame:
# V  [libjvm.so+0x972714]  JVMCIRuntime::fatal_exception(JVMCIEnv*, char const*)+0x74
#
# Core dump will be written. Default location: Core dumps may be processed with "/usr/share/apport/apport -p%p -s%s -c%c -d%d -P%P -u%u -g%g -- %E" (or dumping to /home/runner/Ambiente-de-sistemas-20241-JAVA/core.53)
#
# If you would like to submit a bug report, please visit:
#   https://github.com/oracle/graal/issues
#

---------------  S U M M A R Y ------------

Command Line: -XX:ThreadPriorityPolicy=1 -XX:+UnlockExperimentalVMOptions -XX:+EnableJVMCIProduct -XX:JVMCIThreadsPerNativeLibraryRuntime=1 -XX:-UnlockExperimentalVMOptions -Declipse.application=org.eclipse.jdt.ls.core.id1 -Dosgi.bundles.defaultStartLevel=4 -Declipse.product=org.eclipse.jdt.ls.core.product -Dlog.level=ALL -Xverify:none -XX:+UseParallelGC -XX:GCTimeRatio=4 -XX:AdaptiveSizePolicyWeight=90 -Dsun.zip.disableMemoryMapping=true -Xmx512m -Xms100m /nix/store/q9712qvwdh22a4krw4jz2sjrz07mvjbl-jdt-language-server-1.9.0/share/java/plugins/org.eclipse.equinox.launcher_1.6.400.v20210924-0641.jar --add-modules=ALL-SYSTEM --add-opens java.base/java.util=ALL-UNNAMED --add-opens java.base/java.lang=ALL-UNNAMED -configuration /home/runner/Ambiente-de-sistemas-20241-JAVA/.cache/jdt-language-server/config -data /home/runner/.cache/jdt-language-server/data/home/runner/Ambiente-de-sistemas-20241-JAVA

Host: Intel(R) Xeon(R) CPU @ 2.20GHz, 8 cores, 1G, Ubuntu 20.04.2 LTS
Time: Sun Mar 17 18:14:30 2024 UTC elapsed time: 1274.678994 seconds (0d 0h 21m 14s)

---------------  T H R E A D  ---------------

Current thread (0x00007672e80b19e0):  JavaThread "JVMCI-native CompilerThread0" daemon [_thread_in_vm, id=72, stack(0x00007672cf0b3000,0x00007672cf2b3000)]


Current CompileTask:
JVMCI-native:1274679 9160       4       jdk.internal.misc.Unsafe::getIntUnaligned (12 bytes)

Stack: [0x00007672cf0b3000,0x00007672cf2b3000],  sp=0x00007672cf2b1380,  free space=2040k
Native frames: (J=compiled Java code, j=interpreted, Vv=VM code, C=native code)
V  [libjvm.so+0x972714]  JVMCIRuntime::fatal_exception(JVMCIEnv*, char const*)+0x74
V  [libjvm.so+0x93e2fe]  JVMCIEnv::copy_saved_properties()+0x14e
V  [libjvm.so+0x9732a9]  JVMCIRuntime::initialize(JVMCIEnv*)+0xb19
V  [libjvm.so+0x9738a2]  JVMCIRuntime::get_HotSpotJVMCIRuntime(JVMCIEnv*)+0x12
V  [libjvm.so+0x9749f2]  JVMCIRuntime::compile_method(JVMCIEnv*, JVMCICompiler*, methodHandle const&, int)+0xd2
V  [libjvm.so+0x5b0d20]  CompileBroker::invoke_compiler_on_method(CompileTask*)+0x1470
V  [libjvm.so+0x5b12e8]  CompileBroker::compiler_thread_loop()+0x528
V  [libjvm.so+0xd82460]  JavaThread::thread_main_inner()+0xd0
V  [libjvm.so+0xd85a40]  Thread::call_run()+0xc0
V  [libjvm.so+0xbdb1e1]  thread_native_entry(Thread*)+0xe1

Register to memory mapping:

RAX=0x00007672eecf6000 points into unknown readable memory: 0x0000000000000058 | 58 00 00 00 00 00 00 00
RBX=0x00007672efdf1398: <offset 0x0000000000ef5398> in /nix/store/gpxl5qgg8kicmcvivwmybwjlpf7wh20l-graalvm17-ce-22.3.0/lib/server/libjvm.so at 0x00007672eeefc000
RCX=0x00007672efda91e8: <offset 0x0000000000ead1e8> in /nix/store/gpxl5qgg8kicmcvivwmybwjlpf7wh20l-graalvm17-ce-22.3.0/lib/server/libjvm.so at 0x00007672eeefc000
RDX=0x0000000000000649 is an unknown value
RSP=0x00007672cf2b1380 is pointing into the stack for thread: 0x00007672e80b19e0
RBP=0x00007672cf2b13a0 is pointing into the stack for thread: 0x00007672e80b19e0
RSI=0x00007672efdf1c48: <offset 0x0000000000ef5c48> in /nix/store/gpxl5qgg8kicmcvivwmybwjlpf7wh20l-graalvm17-ce-22.3.0/lib/server/libjvm.so at 0x00007672eeefc000
RDI=0x00000000e0000000 is an oop: java.lang.String 
{0x00000000e0000000} - klass: 'java/lang/String'
 - string: "dlMULnbRnNmrT/o4shJLvpak/U+vkliClATwX77SFdI="
R8 =0x00007672efdf1398: <offset 0x0000000000ef5398> in /nix/store/gpxl5qgg8kicmcvivwmybwjlpf7wh20l-graalvm17-ce-22.3.0/lib/server/libjvm.so at 0x00007672eeefc000
R9 =0x00007672cf2b1330 is pointing into the stack for thread: 0x00007672e80b19e0
R10=0x00007672cf2b2948 is pointing into the stack for thread: 0x00007672e80b19e0
R11=0x0000000000000293 is an unknown value
R12=0x0 is NULL
R13=0x00007672e80b19e0 is a thread
R14=0x00007672e8000b80 points into unknown readable memory: 0x00007672f0022a38 | 38 2a 02 f0 72 76 00 00
R15=0x00007672f0130e40: <offset 0x0000000001234e40> in /nix/store/gpxl5qgg8kicmcvivwmybwjlpf7wh20l-graalvm17-ce-22.3.0/lib/server/libjvm.so at 0x00007672eeefc000


Registers:
RAX=0x00007672eecf6000, RBX=0x00007672efdf1398, RCX=0x00007672efda91e8, RDX=0x0000000000000649
RSP=0x00007672cf2b1380, RBP=0x00007672cf2b13a0, RSI=0x00007672efdf1c48, RDI=0x00000000e0000000
R8 =0x00007672efdf1398, R9 =0x00007672cf2b1330, R10=0x00007672cf2b2948, R11=0x0000000000000293
R12=0x0000000000000000, R13=0x00007672e80b19e0, R14=0x00007672e8000b80, R15=0x00007672f0130e40
RIP=0x00007672ef86e714, EFLAGS=0x0000000000010206, CSGSFS=0x002b000000000033, ERR=0x0000000000000006
  TRAPNO=0x000000000000000e

Top of Stack: (sp=0x00007672cf2b1380)
0x00007672cf2b1380:   00007672cf2b1940 00007672e80b19e0
0x00007672cf2b1390:   00007672ed689388 0000000800c41c18
0x00007672cf2b13a0:   00007672cf2b1500 00007672ef83a2fe
0x00007672cf2b13b0:   00007672cf2b13e0 00007672cf2b1440 

Instructions: (pc=0x00007672ef86e714)
0x00007672ef86e614:   30 e8 f6 cf e8 ff 4c 89 e7 e8 2e 48 d1 ff 84 db
0x00007672ef86e624:   75 2a 4d 85 ed 74 04 4d 8b 6d 00 48 83 c4 08 44
0x00007672ef86e634:   89 f9 4c 89 f2 4c 89 ee 5b 4c 89 e7 41 5c 41 5d
0x00007672ef86e644:   41 5e 41 5f 5d e9 e2 47 d1 ff 66 90 48 83 c4 08
0x00007672ef86e654:   5b 41 5c 41 5d 41 5e 41 5f 5d c3 90 31 d2 be 08
0x00007672ef86e664:   00 00 00 4c 89 ff e8 b1 78 a3 ff 49 89 c5 e9 37
0x00007672ef86e674:   ff ff ff 66 0f 1f 84 00 00 00 00 00 48 8b 7a 08
0x00007672ef86e684:   e9 6d ff ff ff 0f 1f 80 00 00 00 00 e8 5b 48 0a
0x00007672ef86e694:   00 84 c0 75 89 e9 6a ff ff ff 66 90 55 48 89 e5
0x00007672ef86e6a4:   41 56 41 55 41 54 49 89 fc 53 48 89 f3 66 48 8d
0x00007672ef86e6b4:   3d 27 5e 85 00 66 66 48 e8 df 43 8d ff 4c 8b 28
0x00007672ef86e6c4:   8b 05 be 72 8a 00 85 c0 75 14 ba 01 00 00 00 48
0x00007672ef86e6d4:   8d 0d ae 72 8a 00 f0 0f b1 11 85 c0 74 4e be c8
0x00007672ef86e6e4:   00 00 00 4c 89 ef e8 01 0b 41 00 48 8d 05 12 ac
0x00007672ef86e6f4:   85 00 49 89 d8 48 8d 0d e8 aa 53 00 ba 49 06 00
0x00007672ef86e704:   00 48 8d 35 3c 35 58 00 bf 00 00 00 e0 48 8b 00
0x00007672ef86e714:   c6 00 58 31 c0 e8 e2 91 c6 ff 5b 41 5c 41 5d 41
0x00007672ef86e724:   5e 5d e9 55 34 26 00 0f 1f 44 00 00 48 8d 05 81
0x00007672ef86e734:   a3 8b 00 48 89 df 4c 8b 30 e8 9e 43 8d ff 48 89
0x00007672ef86e744:   de 48 89 c2 49 8b 06 4c 89 f7 ff 50 08 4c 89 f7
0x00007672ef86e754:   e8 a7 5c 27 00 4d 85 e4 74 12 be 01 00 00 00 4c
0x00007672ef86e764:   89 e7 e8 35 43 fc ff eb 82 0f 1f 00 be 01 00 00
0x00007672ef86e774:   00 4c 89 ef e8 d3 fd ff ff e9 6d ff ff ff 66 66
0x00007672ef86e784:   2e 0f 1f 84 00 00 00 00 00 0f 1f 00 55 48 89 e5
0x00007672ef86e794:   41 57 41 56 41 55 41 54 53 48 81 ec 08 02 00 00
0x00007672ef86e7a4:   64 48 8b 04 25 28 00 00 00 48 89 45 c8 8b 07 83
0x00007672ef86e7b4:   f8 02 0f 84 11 04 00 00 4c 8b 6f 18 49 89 ff 49
0x00007672ef86e7c4:   89 f4 4d 85 ed 74 14 4c 89 ef e8 5d 57 22 00 41
0x00007672ef86e7d4:   8b 07 83 f8 02 0f 84 19 04 00 00 48 8d 1d 9a 06
0x00007672ef86e7e4:   8a 00 4c 8d 35 0b 3c 58 00 eb 38 90 48 85 d2 7f
0x00007672ef86e7f4:   0d 48 8d 05 b4 c0 85 00 48 83 38 00 7e 0e 41 8b
0x00007672ef86e804:   77 2c 4c 89 f7 31 c0 e8 a0 b2 f7 ff 49 8b 7f 18 


Stack slot to memory mapping:
stack at sp + 0 slots: 0x00007672cf2b1940 is pointing into the stack for thread: 0x00007672e80b19e0
stack at sp + 1 slots: 0x00007672e80b19e0 is a thread
stack at sp + 2 slots: 0x00007672ed689388 points into unknown readable memory: 0x657300189fdcffff | ff ff dc 9f 18 00 73 65
stack at sp + 3 slots: 0x0000000800c41c18 is a pointer to class: 
jdk.vm.ci.services.Services {0x0000000800c41c18}
 - instance size:     2
 - klass size:        65
 - access:            public final synchronized 
 - state:             fully_initialized
 - name:              'jdk/vm/ci/services/Services'
 - super:             'java/lang/Object'
 - sub:               
 - arrays:            NULL
 - methods:           Array<T>(0x00007672ec848328)
 - method ordering:   Array<T>(0x0000000800928960)
 - default_methods:   Array<T>(0x0000000000000000)
 - local interfaces:  Array<T>(0x00000008005ce810)
 - trans. interfaces: Array<T>(0x00000008005ce810)
 - constants:         constant pool [427] {0x00007672ec8463e8} for 'jdk/vm/ci/services/Services' cache=0x00007672ec849630
 - class loader data:  loader data: 0x00007672e8027bd0 of 'bootstrap'
 - source file:       'Services.java'
 - class annotations:       Array<T>(0x0000000000000000)
 - class type annotations:  Array<T>(0x0000000000000000)
 - field annotations:       Array<T>(0x0000000000000000)
 - field type annotations:  Array<T>(0x0000000000000000)
 - inner classes:     Array<T>(0x00007672ec849600)
 - nest members:     Array<T>(0x00007672ec849620)
 - permitted subclasses:     Array<T>(0x00000008005ce7a0)
 - java mirror:       a 'java/lang/Class'{0x00000000e02b8878} = 'jdk/vm/ci/services/Services'
 - vtable length      5  (start addr: 0x0000000800c41de8)
 - itable length      2 (start addr: 0x0000000800c41e10)
 - ---- static fields (3 words):
 - public static final 'IS_BUILDING_NATIVE_IMAGE' 'Z' @128 
 - public static final 'IS_IN_NATIVE_IMAGE' 'Z' @129 
 - private static volatile 'savedProperties' 'Ljava/util/Map;' @112 
 - static final 'JVMCI_ENABLED' 'Z' @130 
 - private static final 'servicesCache' 'Ljava/util/Map;' @116 
 - private static final 'MAX_UNICODE_IN_UTF8_LENGTH' 'I' @120 
 - private static final 'MAX_UTF8_PROPERTY_STRING_LENGTH' 'I' @124 
 - ---- non-static fields (0 words):
 - non-static oop maps: 
stack at sp + 4 slots: 0x00007672cf2b1500 is pointing into the stack for thread: 0x00007672e80b19e0
stack at sp + 5 slots: 0x00007672ef83a2fe: <offset 0x000000000093e2fe> in /nix/store/gpxl5qgg8kicmcvivwmybwjlpf7wh20l-graalvm17-ce-22.3.0/lib/server/libjvm.so at 0x00007672eeefc000
stack at sp + 6 slots: 0x00007672cf2b13e0 is pointing into the stack for thread: 0x00007672e80b19e0
stack at sp + 7 slots: 0x00007672cf2b1440 is pointing into the stack for thread: 0x00007672e80b19e0


---------------  P R O C E S S  ---------------

Threads class SMR info:
_java_thread_list=0x0000767274040010, length=30, elements={
0x00007672e8025e70, 0x00007672e80a5cc0, 0x00007672e80a7100, 0x00007672e80ad850,
0x00007672e80aec00, 0x00007672e80afff0, 0x00007672e80b19e0, 0x00007672e80b2ef0,
0x00007672e80b4340, 0x00007672e80d75a0, 0x00007672e811f550, 0x00007672e8335830,
0x00007672e837dbb0, 0x00007672e8380d20, 0x000076727c02f6e0, 0x000076727c41bf20,
0x000076727c47b430, 0x000076726c0010d0, 0x000076727c603b60, 0x000076727c0e4e10,
0x00007672e82245c0, 0x000076726c007270, 0x00007672e8402690, 0x0000767260001130,
0x00007672740fe4b0, 0x00007672740fd600, 0x000076723c03a2f0, 0x00007672740ff4d0,
0x00007672542c5a50, 0x000076727403dd20
}

Java Threads: ( => current thread )
  0x00007672e8025e70 JavaThread "main" [_thread_blocked, id=64, stack(0x00007672eed17000,0x00007672eee17000)]
  0x00007672e80a5cc0 JavaThread "Reference Handler" daemon [_thread_blocked, id=67, stack(0x00007672ec52e000,0x00007672ec62e000)]
  0x00007672e80a7100 JavaThread "Finalizer" daemon [_thread_blocked, id=68, stack(0x00007672ec42e000,0x00007672ec52e000)]
  0x00007672e80ad850 JavaThread "Signal Dispatcher" daemon [_thread_blocked, id=69, stack(0x00007672ec048000,0x00007672ec148000)]
  0x00007672e80aec00 JavaThread "Service Thread" daemon [_thread_blocked, id=70, stack(0x00007672cf3b3000,0x00007672cf4b3000)]
  0x00007672e80afff0 JavaThread "Monitor Deflation Thread" daemon [_thread_blocked, id=71, stack(0x00007672cf2b3000,0x00007672cf3b3000)]
=>0x00007672e80b19e0 JavaThread "JVMCI-native CompilerThread0" daemon [_thread_in_vm, id=72, stack(0x00007672cf0b3000,0x00007672cf2b3000)]
  0x00007672e80b2ef0 JavaThread "C1 CompilerThread0" daemon [_thread_blocked, id=73, stack(0x00007672ceeb3000,0x00007672cf0b3000)]
  0x00007672e80b4340 JavaThread "Sweeper thread" daemon [_thread_blocked, id=74, stack(0x00007672cedb3000,0x00007672ceeb3000)]
  0x00007672e80d75a0 JavaThread "Common-Cleaner" daemon [_thread_blocked, id=77, stack(0x00007672cecb3000,0x00007672cedb3000)]
  0x00007672e811f550 JavaThread "Notification Thread" daemon [_thread_blocked, id=79, stack(0x00007672cebb3000,0x00007672cecb3000)]
  0x00007672e8335830 JavaThread "Active Thread: Equinox Container: 8592c9f8-0ffb-413e-991f-0ad9c1cb05ce" [_thread_blocked, id=98, stack(0x00007672ce98f000,0x00007672cea8f000)]
  0x00007672e837dbb0 JavaThread "Framework Event Dispatcher: Equinox Container: 8592c9f8-0ffb-413e-991f-0ad9c1cb05ce" daemon [_thread_blocked, id=102, stack(0x00007672cc500000,0x00007672cc600000)]
  0x00007672e8380d20 JavaThread "Start Level: Equinox Container: 8592c9f8-0ffb-413e-991f-0ad9c1cb05ce" daemon [_thread_blocked, id=103, stack(0x00007672cc300000,0x00007672cc400000)]
  0x000076727c02f6e0 JavaThread "SCR Component Actor" daemon [_thread_blocked, id=104, stack(0x00007672cc100000,0x00007672cc200000)]
  0x000076727c41bf20 JavaThread "Worker-JM" [_thread_blocked, id=109, stack(0x0000767296b00000,0x0000767296c00000)]
  0x000076727c47b430 JavaThread "Worker-0" [_thread_blocked, id=110, stack(0x0000767296900000,0x0000767296a00000)]
  0x000076726c0010d0 JavaThread "Worker-1: Compacting resource model" [_thread_blocked, id=113, stack(0x0000767296700000,0x0000767296800000)]
  0x000076727c603b60 JavaThread "Java indexing" daemon [_thread_blocked, id=115, stack(0x0000767296500000,0x0000767296600000)]
  0x000076727c0e4e10 JavaThread "Bundle File Closer" daemon [_thread_blocked, id=116, stack(0x0000767296300000,0x0000767296400000)]
  0x00007672e82245c0 JavaThread "pool-3-thread-1" [_thread_blocked, id=121, stack(0x0000767296100000,0x0000767296200000)]
  0x000076726c007270 JavaThread "Worker-2: Java indexing... " [_thread_blocked, id=122, stack(0x0000767295f00000,0x0000767296000000)]
  0x00007672e8402690 JavaThread "pool-2-thread-1" [_thread_blocked, id=123, stack(0x0000767296d00000,0x0000767296e00000)]
  0x0000767260001130 JavaThread "Worker-3" [_thread_blocked, id=127, stack(0x0000767295d00000,0x0000767295e00000)]
  0x00007672740fe4b0 JavaThread "Thread-5" [_thread_blocked, id=297, stack(0x0000767295c00000,0x0000767295d00000)]
  0x00007672740fd600 JavaThread "Thread-6" [_thread_blocked, id=375, stack(0x0000767296000000,0x0000767296100000)]
  0x000076723c03a2f0 JavaThread "Thread-16" [_thread_blocked, id=460, stack(0x0000767296600000,0x0000767296700000)]
  0x00007672740ff4d0 JavaThread "Thread-21" [_thread_blocked, id=706, stack(0x0000767296a00000,0x0000767296b00000)]
  0x00007672542c5a50 JavaThread "Worker-6: Validate documents" [_thread_blocked, id=1000, stack(0x0000767295b00000,0x0000767295c00000)]
  0x000076727403dd20 JavaThread "Thread-22" [_thread_blocked, id=1001, stack(0x00007672cc000000,0x00007672cc100000)]

Other Threads:
  0x00007672e80a1400 VMThread "VM Thread" [stack: 0x00007672ec630000,0x00007672ec730000] [id=66] _threads_hazard_ptr=0x0000767274040010
  0x00007672e8120ef0 WatcherThread [stack: 0x00007672ceab3000,0x00007672cebb3000] [id=80]
  0x00007672e803d770 GCTaskThread "GC Thread#0" [stack: 0x00007672ee8da000,0x00007672ee9da000] [id=65]

Threads with active compile tasks:
JVMCI-native CompilerThread0  1274779 9160       4       jdk.internal.misc.Unsafe::getIntUnaligned (12 bytes)

VM state: synchronizing (normal execution)

VM Mutex/Monitor currently owned by a thread:  ([mutex/lock_event])
[0x00007672e8022fc0] Threads_lock - owner thread: 0x00007672e80a1400
[0x00007672e8023770] Heap_lock - owner thread: 0x000076727403dd20

OutOfMemory and StackOverflow Exception counts:
OutOfMemoryError java_heap_errors=3
LinkageErrors=61

Heap address: 0x00000000e0000000, size: 512 MB, Compressed Oops mode: 32-bit

CDS archive(s) mapped at: [0x0000000800000000-0x0000000800bc8000-0x0000000800bc8000), size 12353536, SharedBaseAddress: 0x0000000800000000, ArchiveRelocationMode: 0.
Compressed class space mapped at: 0x0000000800c00000-0x0000000840c00000, reserved size: 1073741824
Narrow klass base: 0x0000000800000000, Narrow klass shift: 0, Narrow klass range: 0x100000000

GC Precious Log:
 CPUs: 8 total, 1 available
 Memory: 1024M
 Large Page Support: Disabled
 NUMA Support: Disabled
 Compressed Oops: Enabled (32-bit)
 Alignments: Space 512K, Generation 512K, Heap 2M
 Heap Min Capacity: 100M
 Heap Initial Capacity: 100M
 Heap Max Capacity: 512M
 Pre-touch: Disabled
 Parallel Workers: 1

Heap:
 PSYoungGen      total 62976K, used 33280K [0x00000000f5580000, 0x00000000fb580000, 0x0000000100000000)
  eden space 33280K, 100% used [0x00000000f5580000,0x00000000f7600000,0x00000000f7600000)
  from space 29696K, 0% used [0x00000000f9880000,0x00000000f9880000,0x00000000fb580000)
  to   space 31744K, 0% used [0x00000000f7600000,0x00000000f7600000,0x00000000f9500000)
 ParOldGen       total 349696K, used 349695K [0x00000000e0000000, 0x00000000f5580000, 0x00000000f5580000)
  object space 349696K, 99% used [0x00000000e0000000,0x00000000f557ffe0,0x00000000f5580000)
 Metaspace       used 56305K, committed 57216K, reserved 1105920K
  class space    used 5533K, committed 5888K, reserved 1048576K

Card table byte_map: [0x00007672ee9da000,0x00007672eeadb000] _byte_map_base: 0x00007672ee2da000

Marking Bits: (ParMarkBitMap*) 0x00007672f012a4c0
 Begin Bits: [0x00007672ed82d000, 0x00007672ee02d000)
 End Bits:   [0x00007672ee02d000, 0x00007672ee82d000)

Polling page: 0x00007672eecf4000

Metaspace:

Usage:
  Non-class:     49.58 MB used.
      Class:      5.40 MB used.
       Both:     54.99 MB used.

Virtual space:
  Non-class space:       56.00 MB reserved,      50.12 MB ( 90%) committed,  7 nodes.
      Class space:        1.00 GB reserved,       5.75 MB ( <1%) committed,  1 nodes.
             Both:        1.05 GB reserved,      55.88 MB (  5%) committed. 

Chunk freelists:
   Non-Class:  1009.00 KB
       Class:  2.07 MB
        Both:  3.05 MB

MaxMetaspaceSize: unlimited
CompressedClassSpaceSize: 1.00 GB
Initial GC threshold: 21.00 MB
Current GC threshold: 93.06 MB
CDS: on
MetaspaceReclaimPolicy: balanced
 - commit_granule_bytes: 65536.
 - commit_granule_words: 8192.
 - virtual_space_node_default_size: 1048576.
 - enlarge_chunks_in_place: 1.
 - new_chunks_are_fully_committed: 0.
 - uncommit_free_chunks: 1.
 - use_allocation_guard: 0.
 - handle_deallocations: 1.


Internal statistics:

num_allocs_failed_limit: 6.
num_arena_births: 494.
num_arena_deaths: 152.
num_vsnodes_births: 8.
num_vsnodes_deaths: 0.
num_space_committed: 894.
num_space_uncommitted: 1.
num_chunks_returned_to_freelist: 217.
num_chunks_taken_from_freelist: 2887.
num_chunk_merges: 88.
num_chunk_splits: 1801.
num_chunks_enlarged: 1059.
num_purges: 8.
num_inconsistent_stats: 0.

CodeHeap 'non-profiled nmethods': size=120036Kb used=2131Kb max_used=2169Kb free=117904Kb
 bounds [0x00007672d6f7a000, 0x00007672d71ea000, 0x00007672de4b3000]
CodeHeap 'profiled nmethods': size=120032Kb used=14669Kb max_used=15906Kb free=105362Kb
 bounds [0x00007672cfa42000, 0x00007672d09d2000, 0x00007672d6f7a000]
CodeHeap 'non-nmethods': size=5692Kb used=1355Kb max_used=1368Kb free=4336Kb
 bounds [0x00007672cf4b3000, 0x00007672cf723000, 0x00007672cfa42000]
 total_blobs=7262 nmethods=6574 adapters=600
 compilation: enabled
              stopped_count=0, restarted_count=0
 full_count=0

JVMCI Events (20 events):
Event: 959.407 Thread 0x00007672e80b19e0 destroyed JavaVM[2]@0x000076723ba9e340 for JVMCI runtime 0
Event: 959.407 Thread 0x00007672e80b19e0 compacted oop handles in JVMCI runtime 0 from 51 to 51
Event: 959.407 Thread 0x00007672e80b19e0 releasing handles for JVMCI runtime 0: oop handles=51, metadata handles={total=96, live=81, blocks=36}
Event: 959.407 Thread 0x00007672e80b19e0 detached from JVMCI runtime 0
Event: 961.778 Thread 0x00007672e80b19e0 attached to JVMCI runtime 0
Event: 961.781 Thread 0x00007672e80b19e0 created JavaVM[3]@0x000076723ba9e340 for JVMCI runtime 0
Event: 966.297 Thread 0x00007672e80b19e0 initializing JVMCI runtime 0
Event: 966.297 Thread 0x00007672e80b19e0 done waiting for JavaVM references initialization in JVMCI runtime 0
Event: 1194.848 Thread 0x00007672e80b19e0 initialized JVMCI runtime 0
Event: 1207.484 Thread 0x00007672e80b19e0 detaching from JVMCI runtime 0: releasing idle compiler thread (0 other threads still attached)
Event: 1207.484 Thread 0x00007672e80b19e0 shutting down HotSpotJVMCIRuntime for JVMCI runtime 0
Event: 1209.748 Thread 0x00007672e80b19e0 shut down JVMCI runtime 0
Event: 1211.877 Thread 0x00007672e80b19e0 destroyed JavaVM[3]@0x000076723ba9e340 for JVMCI runtime 0
Event: 1211.877 Thread 0x00007672e80b19e0 compacted oop handles in JVMCI runtime 0 from 43 to 43
Event: 1211.877 Thread 0x00007672e80b19e0 releasing handles for JVMCI runtime 0: oop handles=43, metadata handles={total=87, live=76, blocks=36}
Event: 1211.877 Thread 0x00007672e80b19e0 detached from JVMCI runtime 0
Event: 1213.798 Thread 0x00007672e80b19e0 attached to JVMCI runtime 0
Event: 1213.801 Thread 0x00007672e80b19e0 created JavaVM[4]@0x000076723ba9e340 for JVMCI runtime 0
Event: 1215.891 Thread 0x00007672e80b19e0 initializing JVMCI runtime 0
Event: 1215.891 Thread 0x00007672e80b19e0 done waiting for JavaVM references initialization in JVMCI runtime 0

Compilation events (20 events):
Event: 1044.853 Thread 0x00007672e80b2ef0 9156       3       org.eclipse.jdt.internal.compiler.parser.RecoveredElement::enclosingType (28 bytes)
Event: 1044.853 Thread 0x00007672e80b2ef0 nmethod 9156 0x00007672d001cc10 code [0x00007672d001cde0, 0x00007672d001d4d0]
Event: 1044.853 Thread 0x00007672e80b2ef0 9155       3       org.eclipse.jdt.internal.compiler.parser.Parser::consumeZeroTypeAnnotations (6 bytes)
Event: 1044.853 Thread 0x00007672e80b2ef0 nmethod 9155 0x00007672d02acd10 code [0x00007672d02acec0, 0x00007672d02ad1e0]
Event: 1044.854 Thread 0x00007672e80b2ef0 9152       3       org.eclipse.jdt.internal.compiler.parser.Parser::consumeReferenceType (6 bytes)
Event: 1044.854 Thread 0x00007672e80b2ef0 nmethod 9152 0x00007672d0312310 code [0x00007672d03124c0, 0x00007672d03127e0]
Event: 1113.182 Thread 0x00007672e80b2ef0 9157       3       java.util.regex.Pattern$Start::match (90 bytes)
Event: 1113.182 Thread 0x00007672e80b2ef0 nmethod 9157 0x00007672d0015390 code [0x00007672d0015560, 0x00007672d0015ac0]
Event: 1187.800 Thread 0x00007672e80b2ef0 9158       3       sun.security.util.DisabledAlgorithmConstraints::permits (70 bytes)
Event: 1187.801 Thread 0x00007672e80b2ef0 nmethod 9158 0x00007672d0195a10 code [0x00007672d0195c40, 0x00007672d0196420]
Event: 1187.801 Thread 0x00007672e80b2ef0 9159   !   3       sun.security.util.DisabledAlgorithmConstraints::cachedCheckAlgorithm (116 bytes)
Event: 1187.802 Thread 0x00007672e80b2ef0 nmethod 9159 0x00007672cffe5110 code [0x00007672cffe53a0, 0x00007672cffe6be0]
Event: 1205.000 Thread 0x00007672e80b19e0 nmethod 9149 0x00007672d713f290 code [0x00007672d713f420, 0x00007672d713f578]
Event: 1213.798 Thread 0x00007672e80b19e0 9160       4       jdk.internal.misc.Unsafe::getIntUnaligned (12 bytes)
Event: 1215.891 Thread 0x00007672e80b2ef0 9161  s    3       sun.security.provider.SecureRandom::engineNextBytes (242 bytes)
Event: 1215.893 Thread 0x00007672e80b2ef0 nmethod 9161 0x00007672d03a2090 code [0x00007672d03a2340, 0x00007672d03a49b0]
Event: 1222.556 Thread 0x00007672e80b2ef0 9162       3       java.util.LinkedList::get (14 bytes)
Event: 1225.089 Thread 0x00007672e80b2ef0 nmethod 9162 0x00007672d0393f10 code [0x00007672d0394100, 0x00007672d03944e0]
Event: 1240.696 Thread 0x00007672e80b2ef0 9163  s    3       org.eclipse.jdt.internal.core.search.processing.JobManager::currentJob (35 bytes)
Event: 1243.108 Thread 0x00007672e80b2ef0 nmethod 9163 0x00007672d04aba90 code [0x00007672d04abc60, 0x00007672d04ac5b0]

GC Heap History (20 events):
Event: 1254.686 GC heap before
{Heap before GC invocations=620 (full 520):
 PSYoungGen      total 62976K, used 33279K [0x00000000f5580000, 0x00000000fb580000, 0x0000000100000000)
  eden space 33280K, 99% used [0x00000000f5580000,0x00000000f75ffff8,0x00000000f7600000)
  from space 29696K, 0% used [0x00000000f9880000,0x00000000f9880000,0x00000000fb580000)
  to   space 31744K, 0% used [0x00000000f7600000,0x00000000f7600000,0x00000000f9500000)
 ParOldGen       total 349696K, used 349694K [0x00000000e0000000, 0x00000000f5580000, 0x00000000f5580000)
  object space 349696K, 99% used [0x00000000e0000000,0x00000000f557f830,0x00000000f5580000)
 Metaspace       used 56305K, committed 57216K, reserved 1105920K
  class space    used 5533K, committed 5888K, reserved 1048576K
}
Event: 1256.778 GC heap after
{Heap after GC invocations=620 (full 520):
 PSYoungGen      total 65024K, used 33279K [0x00000000f5580000, 0x00000000fb580000, 0x0000000100000000)
  eden space 33280K, 99% used [0x00000000f5580000,0x00000000f75fffd8,0x00000000f7600000)
  from space 31744K, 0% used [0x00000000f7600000,0x00000000f7600000,0x00000000f9500000)
  to   space 29696K, 0% used [0x00000000f9880000,0x00000000f9880000,0x00000000fb580000)
 ParOldGen       total 349696K, used 349692K [0x00000000e0000000, 0x00000000f5580000, 0x00000000f5580000)
  object space 349696K, 99% used [0x00000000e0000000,0x00000000f557f3d8,0x00000000f5580000)
 Metaspace       used 56305K, committed 57216K, reserved 1105920K
  class space    used 5533K, committed 5888K, reserved 1048576K
}
Event: 1256.779 GC heap before
{Heap before GC invocations=621 (full 521):
 PSYoungGen      total 65024K, used 33279K [0x00000000f5580000, 0x00000000fb580000, 0x0000000100000000)
  eden space 33280K, 99% used [0x00000000f5580000,0x00000000f75ffff8,0x00000000f7600000)
  from space 31744K, 0% used [0x00000000f7600000,0x00000000f7600000,0x00000000f9500000)
  to   space 29696K, 0% used [0x00000000f9880000,0x00000000f9880000,0x00000000fb580000)
 ParOldGen       total 349696K, used 349692K [0x00000000e0000000, 0x00000000f5580000, 0x00000000f5580000)
  object space 349696K, 99% used [0x00000000e0000000,0x00000000f557f3d8,0x00000000f5580000)
 Metaspace       used 56305K, committed 57216K, reserved 1105920K
  class space    used 5533K, committed 5888K, reserved 1048576K
}
Event: 1258.746 GC heap after
{Heap after GC invocations=621 (full 521):
 PSYoungGen      total 62976K, used 33279K [0x00000000f5580000, 0x00000000fb580000, 0x0000000100000000)
  eden space 33280K, 99% used [0x00000000f5580000,0x00000000f75fffd8,0x00000000f7600000)
  from space 29696K, 0% used [0x00000000f9880000,0x00000000f9880000,0x00000000fb580000)
  to   space 31744K, 0% used [0x00000000f7600000,0x00000000f7600000,0x00000000f9500000)
 ParOldGen       total 349696K, used 349692K [0x00000000e0000000, 0x00000000f5580000, 0x00000000f5580000)
  object space 349696K, 99% used [0x00000000e0000000,0x00000000f557f3d8,0x00000000f5580000)
 Metaspace       used 56305K, committed 57216K, reserved 1105920K
  class space    used 5533K, committed 5888K, reserved 1048576K
}
Event: 1258.746 GC heap before
{Heap before GC invocations=622 (full 522):
 PSYoungGen      total 62976K, used 33279K [0x00000000f5580000, 0x00000000fb580000, 0x0000000100000000)
  eden space 33280K, 99% used [0x00000000f5580000,0x00000000f75ffff8,0x00000000f7600000)
  from space 29696K, 0% used [0x00000000f9880000,0x00000000f9880000,0x00000000fb580000)
  to   space 31744K, 0% used [0x00000000f7600000,0x00000000f7600000,0x00000000f9500000)
 ParOldGen       total 349696K, used 349692K [0x00000000e0000000, 0x00000000f5580000, 0x00000000f5580000)
  object space 349696K, 99% used [0x00000000e0000000,0x00000000f557f3d8,0x00000000f5580000)
 Metaspace       used 56305K, committed 57216K, reserved 1105920K
  class space    used 5533K, committed 5888K, reserved 1048576K
}
Event: 1260.942 GC heap after
{Heap after GC invocations=622 (full 522):
 PSYoungGen      total 65024K, used 33279K [0x00000000f5580000, 0x00000000fb580000, 0x0000000100000000)
  eden space 33280K, 99% used [0x00000000f5580000,0x00000000f75fffd8,0x00000000f7600000)
  from space 31744K, 0% used [0x00000000f7600000,0x00000000f7600000,0x00000000f9500000)
  to   space 29696K, 0% used [0x00000000f9880000,0x00000000f9880000,0x00000000fb580000)
 ParOldGen       total 349696K, used 349692K [0x00000000e0000000, 0x00000000f5580000, 0x00000000f5580000)
  object space 349696K, 99% used [0x00000000e0000000,0x00000000f557f3d8,0x00000000f5580000)
 Metaspace       used 56305K, committed 57216K, reserved 1105920K
  class space    used 5533K, committed 5888K, reserved 1048576K
}
Event: 1260.942 GC heap before
{Heap before GC invocations=623 (full 523):
 PSYoungGen      total 65024K, used 33279K [0x00000000f5580000, 0x00000000fb580000, 0x0000000100000000)
  eden space 33280K, 99% used [0x00000000f5580000,0x00000000f75ffff8,0x00000000f7600000)
  from space 31744K, 0% used [0x00000000f7600000,0x00000000f7600000,0x00000000f9500000)
  to   space 29696K, 0% used [0x00000000f9880000,0x00000000f9880000,0x00000000fb580000)
 ParOldGen       total 349696K, used 349692K [0x00000000e0000000, 0x00000000f5580000, 0x00000000f5580000)
  object space 349696K, 99% used [0x00000000e0000000,0x00000000f557f3d8,0x00000000f5580000)
 Metaspace       used 56305K, committed 57216K, reserved 1105920K
  class space    used 5533K, committed 5888K, reserved 1048576K
}
Event: 1262.897 GC heap after
{Heap after GC invocations=623 (full 523):
 PSYoungGen      total 62976K, used 33279K [0x00000000f5580000, 0x00000000fb580000, 0x0000000100000000)
  eden space 33280K, 99% used [0x00000000f5580000,0x00000000f75fffd8,0x00000000f7600000)
  from space 29696K, 0% used [0x00000000f9880000,0x00000000f9880000,0x00000000fb580000)
  to   space 31744K, 0% used [0x00000000f7600000,0x00000000f7600000,0x00000000f9500000)
 ParOldGen       total 349696K, used 349692K [0x00000000e0000000, 0x00000000f5580000, 0x00000000f5580000)
  object space 349696K, 99% used [0x00000000e0000000,0x00000000f557f3d8,0x00000000f5580000)
 Metaspace       used 56305K, committed 57216K, reserved 1105920K
  class space    used 5533K, committed 5888K, reserved 1048576K
}
Event: 1262.898 GC heap before
{Heap before GC invocations=624 (full 524):
 PSYoungGen      total 62976K, used 33280K [0x00000000f5580000, 0x00000000fb580000, 0x0000000100000000)
  eden space 33280K, 100% used [0x00000000f5580000,0x00000000f7600000,0x00000000f7600000)
  from space 29696K, 0% used [0x00000000f9880000,0x00000000f9880000,0x00000000fb580000)
  to   space 31744K, 0% used [0x00000000f7600000,0x00000000f7600000,0x00000000f9500000)
 ParOldGen       total 349696K, used 349692K [0x00000000e0000000, 0x00000000f5580000, 0x00000000f5580000)
  object space 349696K, 99% used [0x00000000e0000000,0x00000000f557f3d8,0x00000000f5580000)
 Metaspace       used 56305K, committed 57216K, reserved 1105920K
  class space    used 5533K, committed 5888K, reserved 1048576K
}
Event: 1265.006 GC heap after
{Heap after GC invocations=624 (full 524):
 PSYoungGen      total 65024K, used 33279K [0x00000000f5580000, 0x00000000fb580000, 0x0000000100000000)
  eden space 33280K, 99% used [0x00000000f5580000,0x00000000f75ffff0,0x00000000f7600000)
  from space 31744K, 0% used [0x00000000f7600000,0x00000000f7600000,0x00000000f9500000)
  to   space 29696K, 0% used [0x00000000f9880000,0x00000000f9880000,0x00000000fb580000)
 ParOldGen       total 349696K, used 349692K [0x00000000e0000000, 0x00000000f5580000, 0x00000000f5580000)
  object space 349696K, 99% used [0x00000000e0000000,0x00000000f557f3d8,0x00000000f5580000)
 Metaspace       used 56305K, committed 57216K, reserved 1105920K
  class space    used 5533K, committed 5888K, reserved 1048576K
}
Event: 1265.006 GC heap before
{Heap before GC invocations=625 (full 525):
 PSYoungGen      total 65024K, used 33280K [0x00000000f5580000, 0x00000000fb580000, 0x0000000100000000)
  eden space 33280K, 100% used [0x00000000f5580000,0x00000000f7600000,0x00000000f7600000)
  from space 31744K, 0% used [0x00000000f7600000,0x00000000f7600000,0x00000000f9500000)
  to   space 29696K, 0% used [0x00000000f9880000,0x00000000f9880000,0x00000000fb580000)
 ParOldGen       total 349696K, used 349695K [0x00000000e0000000, 0x00000000f5580000, 0x00000000f5580000)
  object space 349696K, 99% used [0x00000000e0000000,0x00000000f557ffc8,0x00000000f5580000)
 Metaspace       used 56305K, committed 57216K, reserved 1105920K
  class space    used 5533K, committed 5888K, reserved 1048576K
}
Event: 1267.008 GC heap after
{Heap after GC invocations=625 (full 525):
 PSYoungGen      total 62976K, used 33279K [0x00000000f5580000, 0x00000000fb580000, 0x0000000100000000)
  eden space 33280K, 99% used [0x00000000f5580000,0x00000000f75fffc0,0x00000000f7600000)
  from space 29696K, 0% used [0x00000000f9880000,0x00000000f9880000,0x00000000fb580000)
  to   space 31744K, 0% used [0x00000000f7600000,0x00000000f7600000,0x00000000f9500000)
 ParOldGen       total 349696K, used 349695K [0x00000000e0000000, 0x00000000f5580000, 0x00000000f5580000)
  object space 349696K, 99% used [0x00000000e0000000,0x00000000f557ffa8,0x00000000f5580000)
 Metaspace       used 56305K, committed 57216K, reserved 1105920K
  class space    used 5533K, committed 5888K, reserved 1048576K
}
Event: 1267.008 GC heap before
{Heap before GC invocations=626 (full 526):
 PSYoungGen      total 62976K, used 33279K [0x00000000f5580000, 0x00000000fb580000, 0x0000000100000000)
  eden space 33280K, 99% used [0x00000000f5580000,0x00000000f75fffc0,0x00000000f7600000)
  from space 29696K, 0% used [0x00000000f9880000,0x00000000f9880000,0x00000000fb580000)
  to   space 31744K, 0% used [0x00000000f7600000,0x00000000f7600000,0x00000000f9500000)
 ParOldGen       total 349696K, used 349695K [0x00000000e0000000, 0x00000000f5580000, 0x00000000f5580000)
  object space 349696K, 99% used [0x00000000e0000000,0x00000000f557ffa8,0x00000000f5580000)
 Metaspace       used 56305K, committed 57216K, reserved 1105920K
  class space    used 5533K, committed 5888K, reserved 1048576K
}
Event: 1268.881 GC heap after
{Heap after GC invocations=626 (full 526):
 PSYoungGen      total 65024K, used 33279K [0x00000000f5580000, 0x00000000fb580000, 0x0000000100000000)
  eden space 33280K, 99% used [0x00000000f5580000,0x00000000f75fffa0,0x00000000f7600000)
  from space 31744K, 0% used [0x00000000f7600000,0x00000000f7600000,0x00000000f9500000)
  to   space 29696K, 0% used [0x00000000f9880000,0x00000000f9880000,0x00000000fb580000)
 ParOldGen       total 349696K, used 349695K [0x00000000e0000000, 0x00000000f5580000, 0x00000000f5580000)
  object space 349696K, 99% used [0x00000000e0000000,0x00000000f557fe98,0x00000000f5580000)
 Metaspace       used 56305K, committed 57216K, reserved 1105920K
  class space    used 5533K, committed 5888K, reserved 1048576K
}
Event: 1268.882 GC heap before
{Heap before GC invocations=627 (full 527):
 PSYoungGen      total 65024K, used 33280K [0x00000000f5580000, 0x00000000fb580000, 0x0000000100000000)
  eden space 33280K, 100% used [0x00000000f5580000,0x00000000f7600000,0x00000000f7600000)
  from space 31744K, 0% used [0x00000000f7600000,0x00000000f7600000,0x00000000f9500000)
  to   space 29696K, 0% used [0x00000000f9880000,0x00000000f9880000,0x00000000fb580000)
 ParOldGen       total 349696K, used 349696K [0x00000000e0000000, 0x00000000f5580000, 0x00000000f5580000)
  object space 349696K, 100% used [0x00000000e0000000,0x00000000f5580000,0x00000000f5580000)
 Metaspace       used 56305K, committed 57216K, reserved 1105920K
  class space    used 5533K, committed 5888K, reserved 1048576K
}
Event: 1270.891 GC heap after
{Heap after GC invocations=627 (full 527):
 PSYoungGen      total 62976K, used 33279K [0x00000000f5580000, 0x00000000fb580000, 0x0000000100000000)
  eden space 33280K, 99% used [0x00000000f5580000,0x00000000f75fffa0,0x00000000f7600000)
  from space 29696K, 0% used [0x00000000f9880000,0x00000000f9880000,0x00000000fb580000)
  to   space 31744K, 0% used [0x00000000f7600000,0x00000000f7600000,0x00000000f9500000)
 ParOldGen       total 349696K, used 349695K [0x00000000e0000000, 0x00000000f5580000, 0x00000000f5580000)
  object space 349696K, 99% used [0x00000000e0000000,0x00000000f557ff78,0x00000000f5580000)
 Metaspace       used 56305K, committed 57216K, reserved 1105920K
  class space    used 5533K, committed 5888K, reserved 1048576K
}
Event: 1270.893 GC heap before
{Heap before GC invocations=628 (full 528):
 PSYoungGen      total 62976K, used 33279K [0x00000000f5580000, 0x00000000fb580000, 0x0000000100000000)
  eden space 33280K, 99% used [0x00000000f5580000,0x00000000f75fffb0,0x00000000f7600000)
  from space 29696K, 0% used [0x00000000f9880000,0x00000000f9880000,0x00000000fb580000)
  to   space 31744K, 0% used [0x00000000f7600000,0x00000000f7600000,0x00000000f9500000)
 ParOldGen       total 349696K, used 349695K [0x00000000e0000000, 0x00000000f5580000, 0x00000000f5580000)
  object space 349696K, 99% used [0x00000000e0000000,0x00000000f557ff78,0x00000000f5580000)
 Metaspace       used 56305K, committed 57216K, reserved 1105920K
  class space    used 5533K, committed 5888K, reserved 1048576K
}
Event: 1272.797 GC heap after
{Heap after GC invocations=628 (full 528):
 PSYoungGen      total 65024K, used 33279K [0x00000000f5580000, 0x00000000fb580000, 0x0000000100000000)
  eden space 33280K, 99% used [0x00000000f5580000,0x00000000f75fffb0,0x00000000f7600000)
  from space 31744K, 0% used [0x00000000f7600000,0x00000000f7600000,0x00000000f9500000)
  to   space 29696K, 0% used [0x00000000f9880000,0x00000000f9880000,0x00000000fb580000)
 ParOldGen       total 349696K, used 349695K [0x00000000e0000000, 0x00000000f5580000, 0x00000000f5580000)
  object space 349696K, 99% used [0x00000000e0000000,0x00000000f557ff78,0x00000000f5580000)
 Metaspace       used 56305K, committed 57216K, reserved 1105920K
  class space    used 5533K, committed 5888K, reserved 1048576K
}
Event: 1272.797 GC heap before
{Heap before GC invocations=629 (full 529):
 PSYoungGen      total 65024K, used 33279K [0x00000000f5580000, 0x00000000fb580000, 0x0000000100000000)
  eden space 33280K, 99% used [0x00000000f5580000,0x00000000f75fffb0,0x00000000f7600000)
  from space 31744K, 0% used [0x00000000f7600000,0x00000000f7600000,0x00000000f9500000)
  to   space 29696K, 0% used [0x00000000f9880000,0x00000000f9880000,0x00000000fb580000)
 ParOldGen       total 349696K, used 349695K [0x00000000e0000000, 0x00000000f5580000, 0x00000000f5580000)
  object space 349696K, 99% used [0x00000000e0000000,0x00000000f557ff78,0x00000000f5580000)
 Metaspace       used 56305K, committed 57216K, reserved 1105920K
  class space    used 5533K, committed 5888K, reserved 1048576K
}
Event: 1274.622 GC heap after
{Heap after GC invocations=629 (full 529):
 PSYoungGen      total 62976K, used 33279K [0x00000000f5580000, 0x00000000fb580000, 0x0000000100000000)
  eden space 33280K, 99% used [0x00000000f5580000,0x00000000f75fffb0,0x00000000f7600000)
  from space 29696K, 0% used [0x00000000f9880000,0x00000000f9880000,0x00000000fb580000)
  to   space 31744K, 0% used [0x00000000f7600000,0x00000000f7600000,0x00000000f9500000)
 ParOldGen       total 349696K, used 349695K [0x00000000e0000000, 0x00000000f5580000, 0x00000000f5580000)
  object space 349696K, 99% used [0x00000000e0000000,0x00000000f557ff78,0x00000000f5580000)
 Metaspace       used 56305K, committed 57216K, reserved 1105920K
  class space    used 5533K, committed 5888K, reserved 1048576K
}

Dll operation events (9 events):
Event: 0.045 Loaded shared library /nix/store/gpxl5qgg8kicmcvivwmybwjlpf7wh20l-graalvm17-ce-22.3.0/lib/libjava.so
Event: 0.055 Loaded shared library /nix/store/gpxl5qgg8kicmcvivwmybwjlpf7wh20l-graalvm17-ce-22.3.0/lib/libjsvml.so
Event: 0.286 Loaded shared library /nix/store/gpxl5qgg8kicmcvivwmybwjlpf7wh20l-graalvm17-ce-22.3.0/lib/libnio.so
Event: 0.345 Loaded shared library /nix/store/gpxl5qgg8kicmcvivwmybwjlpf7wh20l-graalvm17-ce-22.3.0/lib/libzip.so
Event: 0.349 Loaded shared library /nix/store/gpxl5qgg8kicmcvivwmybwjlpf7wh20l-graalvm17-ce-22.3.0/lib/libjvmcicompiler.so
Event: 0.845 Loaded shared library /nix/store/gpxl5qgg8kicmcvivwmybwjlpf7wh20l-graalvm17-ce-22.3.0/lib/libjimage.so
Event: 3.349 Loaded shared library /nix/store/gpxl5qgg8kicmcvivwmybwjlpf7wh20l-graalvm17-ce-22.3.0/lib/libnet.so
Event: 4.786 Loaded shared library /home/runner/Ambiente-de-sistemas-20241-JAVA/.cache/jdt-language-server/config/org.eclipse.equinox.launcher/org.eclipse.equinox.launcher.gtk.linux.x86_64_1.2.400.v20211117-0650/eclipse_11600.so
Event: 317.675 Loaded shared library /nix/store/gpxl5qgg8kicmcvivwmybwjlpf7wh20l-graalvm17-ce-22.3.0/lib/libextnet.so

Deoptimization events (20 events):
Event: 153.746 Thread 0x000076727c47b430 DEOPT PACKING pc=0x00007672d08933d3 sp=0x00007672969fd790
Event: 153.746 Thread 0x000076727c47b430 DEOPT UNPACKING pc=0x00007672cf505325 sp=0x00007672969fce78 mode 0
Event: 158.211 Thread 0x000076727c47b430 Uncommon trap: trap_request=0xffffffed fr.pc=0x00007672d70867fa relative=0x000000000000023a
Event: 158.211 Thread 0x000076727c47b430 Uncommon trap: reason=null_assert_or_unreached0 action=reinterpret pc=0x00007672d70867fa method=org.eclipse.jdt.internal.core.util.Util.equalArraysOrNull([Ljava/lang/Object;[Ljava/lang/Object;)Z @ 0 jvmci
Event: 158.211 Thread 0x000076727c47b430 DEOPT PACKING pc=0x00007672d70867fa sp=0x00007672969fdf50
Event: 158.211 Thread 0x000076727c47b430 DEOPT UNPACKING pc=0x00007672cf505325 sp=0x00007672969fd3e8 mode 3
Event: 164.383 Thread 0x0000767274102090 Uncommon trap: trap_request=0xffffffed fr.pc=0x00007672d6fc629b relative=0x000000000000037b
Event: 164.383 Thread 0x0000767274102090 Uncommon trap: reason=null_assert_or_unreached0 action=reinterpret pc=0x00007672d6fc629b method=java.lang.StringLatin1.replace([BCC)Ljava/lang/String; @ 34 jvmci
Event: 164.383 Thread 0x0000767274102090 DEOPT PACKING pc=0x00007672d6fc629b sp=0x0000767296afdd00
Event: 164.383 Thread 0x0000767274102090 DEOPT UNPACKING pc=0x00007672cf505325 sp=0x0000767296afd170 mode 3
Event: 176.087 Thread 0x000076727c47b430 DEOPT PACKING pc=0x00007672d08933d3 sp=0x00007672969fcfb0
Event: 176.087 Thread 0x000076727c47b430 DEOPT UNPACKING pc=0x00007672cf505325 sp=0x00007672969fc698 mode 0
Event: 188.209 Thread 0x000076723c03a2f0 Uncommon trap: trap_request=0xffffffed fr.pc=0x00007672d6fd47cd relative=0x00000000000005ad
Event: 188.209 Thread 0x000076723c03a2f0 Uncommon trap: reason=null_assert_or_unreached0 action=reinterpret pc=0x00007672d6fd47cd method=java.util.concurrent.ConcurrentHashMap.get(Ljava/lang/Object;)Ljava/lang/Object; @ 152 jvmci
Event: 188.209 Thread 0x000076723c03a2f0 DEOPT PACKING pc=0x00007672d6fd47cd sp=0x00007672966fb570
Event: 188.209 Thread 0x000076723c03a2f0 DEOPT UNPACKING pc=0x00007672cf505325 sp=0x00007672966faa08 mode 3
Event: 978.699 Thread 0x00007672542c5a50 Uncommon trap: trap_request=0xffffffed fr.pc=0x00007672d70b7a16 relative=0x00000000000019b6
Event: 978.699 Thread 0x00007672542c5a50 Uncommon trap: reason=null_assert_or_unreached0 action=reinterpret pc=0x00007672d70b7a16 method=org.eclipse.jdt.internal.compiler.parser.Parser.consumeRule(I)V @ 0 jvmci
Event: 978.699 Thread 0x00007672542c5a50 DEOPT PACKING pc=0x00007672d70b7a16 sp=0x0000767295bfe080
Event: 978.699 Thread 0x00007672542c5a50 DEOPT UNPACKING pc=0x00007672cf505325 sp=0x0000767295bfd538 mode 3

Classes unloaded (20 events):
Event: 143.247 Thread 0x00007672e80a1400 Unloading class 0x0000000800cb2000 'java/lang/invoke/LambdaForm$MH+0x0000000800cb2000'
Event: 143.247 Thread 0x00007672e80a1400 Unloading class 0x0000000800cb1c00 'java/lang/invoke/LambdaForm$MH+0x0000000800cb1c00'
Event: 143.247 Thread 0x00007672e80a1400 Unloading class 0x0000000800cb1800 'java/lang/invoke/LambdaForm$MH+0x0000000800cb1800'
Event: 143.247 Thread 0x00007672e80a1400 Unloading class 0x0000000800cb1000 'java/lang/invoke/LambdaForm$MH+0x0000000800cb1000'
Event: 143.247 Thread 0x00007672e80a1400 Unloading class 0x0000000800cb0c00 'java/lang/invoke/LambdaForm$MH+0x0000000800cb0c00'
Event: 143.247 Thread 0x00007672e80a1400 Unloading class 0x0000000800cb0800 'java/lang/invoke/LambdaForm$MH+0x0000000800cb0800'
Event: 143.247 Thread 0x00007672e80a1400 Unloading class 0x0000000800cb0000 'java/lang/invoke/LambdaForm$MH+0x0000000800cb0000'
Event: 143.247 Thread 0x00007672e80a1400 Unloading class 0x0000000800c85000 'jdk/internal/reflect/GeneratedMethodAccessor5'
Event: 143.247 Thread 0x00007672e80a1400 Unloading class 0x0000000800c84c00 'jdk/internal/reflect/GeneratedMethodAccessor4'
Event: 143.247 Thread 0x00007672e80a1400 Unloading class 0x0000000800c84800 'jdk/internal/reflect/GeneratedMethodAccessor3'
Event: 143.247 Thread 0x00007672e80a1400 Unloading class 0x0000000800c84400 'jdk/internal/reflect/GeneratedMethodAccessor2'
Event: 143.247 Thread 0x00007672e80a1400 Unloading class 0x0000000800c84000 'jdk/internal/reflect/GeneratedMethodAccessor1'
Event: 143.247 Thread 0x00007672e80a1400 Unloading class 0x0000000800c01c00 'java/lang/invoke/LambdaForm$DMH+0x0000000800c01c00'
Event: 168.051 Thread 0x00007672e80a1400 Unloading class 0x0000000800cb2800 'jdk/internal/reflect/GeneratedConstructorAccessor41'
Event: 168.051 Thread 0x00007672e80a1400 Unloading class 0x0000000800d89000 'jdk/internal/reflect/GeneratedConstructorAccessor40'
Event: 168.051 Thread 0x00007672e80a1400 Unloading class 0x0000000801058400 'jdk/internal/reflect/GeneratedConstructorAccessor39'
Event: 310.710 Thread 0x00007672e80a1400 Unloading class 0x0000000801058400 'jdk/internal/reflect/GeneratedConstructorAccessor44'
Event: 310.710 Thread 0x00007672e80a1400 Unloading class 0x0000000800d89000 'jdk/internal/reflect/GeneratedConstructorAccessor43'
Event: 310.710 Thread 0x00007672e80a1400 Unloading class 0x0000000800cb2800 'jdk/internal/reflect/GeneratedConstructorAccessor42'
Event: 505.094 Thread 0x00007672e80a1400 Unloading class 0x00000008011b0000 'jdk/internal/reflect/GeneratedConstructorAccessor45'

Classes redefined (0 events):
No events

Internal exceptions (20 events):
Event: 60.249 Thread 0x00007672e8402690 Exception <a 'java/lang/reflect/InvocationTargetException'{0x00000000f6938cd8}> (0x00000000f6938cd8) 
thrown [src/hotspot/share/runtime/reflection.cpp, line 1119]
Event: 60.588 Thread 0x00007672e8402690 Exception <a 'java/lang/reflect/InvocationTargetException'{0x00000000f57bf0f8}> (0x00000000f57bf0f8) 
thrown [src/hotspot/share/runtime/reflection.cpp, line 1119]
Event: 60.846 Thread 0x00007672e8402690 Exception <a 'java/lang/reflect/InvocationTargetException'{0x00000000f61e45e8}> (0x00000000f61e45e8) 
thrown [src/hotspot/share/runtime/reflection.cpp, line 1119]
Event: 60.885 Thread 0x00007672e8402690 Exception <a 'java/lang/reflect/InvocationTargetException'{0x00000000f64eb0c8}> (0x00000000f64eb0c8) 
thrown [src/hotspot/share/runtime/reflection.cpp, line 1119]
Event: 61.044 Thread 0x00007672e8402690 Exception <a 'java/lang/reflect/InvocationTargetException'{0x00000000f66bb9c0}> (0x00000000f66bb9c0) 
thrown [src/hotspot/share/runtime/reflection.cpp, line 1119]
Event: 61.152 Thread 0x00007672e8402690 Exception <a 'java/lang/reflect/InvocationTargetException'{0x00000000f6b3f8e0}> (0x00000000f6b3f8e0) 
thrown [src/hotspot/share/runtime/reflection.cpp, line 1119]
Event: 61.184 Thread 0x00007672e8402690 Exception <a 'java/lang/reflect/InvocationTargetException'{0x00000000f6d0da90}> (0x00000000f6d0da90) 
thrown [src/hotspot/share/runtime/reflection.cpp, line 1119]
Event: 61.554 Thread 0x00007672e8402690 Exception <a 'java/lang/reflect/InvocationTargetException'{0x00000000f5cf4988}> (0x00000000f5cf4988) 
thrown [src/hotspot/share/runtime/reflection.cpp, line 1119]
Event: 63.790 Thread 0x00007672e8402690 Exception <a 'sun/nio/fs/UnixException'{0x00000000f57aa8b0}> (0x00000000f57aa8b0) 
thrown [src/hotspot/share/prims/jni.cpp, line 516]
Event: 65.052 Thread 0x0000767254000ff0 Exception <a 'sun/nio/fs/UnixException'{0x00000000f5631cb0}> (0x00000000f5631cb0) 
thrown [src/hotspot/share/prims/jni.cpp, line 516]
Event: 65.180 Thread 0x0000767254000ff0 Exception <a 'sun/nio/fs/UnixException'{0x00000000f5c19da0}> (0x00000000f5c19da0) 
thrown [src/hotspot/share/prims/jni.cpp, line 516]
Event: 65.246 Thread 0x0000767254000ff0 Exception <a 'sun/nio/fs/UnixException'{0x00000000f5c9f290}> (0x00000000f5c9f290) 
thrown [src/hotspot/share/prims/jni.cpp, line 516]
Event: 65.277 Thread 0x0000767254000ff0 Exception <a 'sun/nio/fs/UnixException'{0x00000000f5df29f8}> (0x00000000f5df29f8) 
thrown [src/hotspot/share/prims/jni.cpp, line 516]
Event: 65.346 Thread 0x0000767254000ff0 Exception <a 'sun/nio/fs/UnixException'{0x00000000f5edaee8}> (0x00000000f5edaee8) 
thrown [src/hotspot/share/prims/jni.cpp, line 516]
Event: 65.778 Thread 0x0000767260001130 Exception <a 'java/lang/NoSuchMethodError'{0x00000000f6bed7b8}: 'java.lang.Object java.lang.invoke.DirectMethodHandle$Holder.newInvokeSpecial(java.lang.Object, java.lang.Object, int, java.lang.Object, java.lang.Object)'> (0x00000000f6bed7b8) 
thrown [src/hotspot/share/interpreter/linkResolver.cpp, line 758]
Event: 65.779 Thread 0x0000767260001130 Exception <a 'java/lang/NoSuchMethodError'{0x00000000f6c04580}: 'java.lang.Object java.lang.invoke.DirectMethodHandle$Holder.invokeSpecial(java.lang.Object, java.lang.Object, java.lang.Object, int, java.lang.Object, java.lang.Object)'> (0x00000000f6c04580) 
thrown [src/hotspot/share/interpreter/linkResolver.cpp, line 758]
Event: 148.776 Thread 0x000076727403dd20 Exception <a 'java/lang/ArrayIndexOutOfBoundsException'{0x00000000f73f5528}: Index 43 out of bounds for length 43> (0x00000000f73f5528) 
thrown [src/hotspot/share/interpreter/interpreterRuntime.cpp, line 428]
Event: 168.744 Thread 0x0000767274102090 Exception <a 'java/lang/OutOfMemoryError'{0x00000000e00bd450}> (0x00000000e00bd450) 
thrown [src/hotspot/share/gc/shared/memAllocator.cpp, line 136]
Event: 1080.200 Thread 0x00007672542c5a50 Exception <a 'java/lang/OutOfMemoryError'{0x00000000e00bd370}> (0x00000000e00bd370) 
thrown [src/hotspot/share/gc/shared/memAllocator.cpp, line 136]
Event: 1274.622 Thread 0x00007672e80b19e0 Exception <a 'java/lang/OutOfMemoryError'{0x00000000e00bd960}> (0x00000000e00bd960) 
thrown [src/hotspot/share/gc/shared/memAllocator.cpp, line 136]

VM Operations (20 events):
Event: 1250.393 Executing VM operation: ParallelGCFailedAllocation
Event: 1252.506 Executing VM operation: ParallelGCFailedAllocation done
Event: 1252.507 Executing VM operation: ParallelGCFailedAllocation
Event: 1254.685 Executing VM operation: ParallelGCFailedAllocation done
Event: 1254.686 Executing VM operation: ParallelGCFailedAllocation
Event: 1256.778 Executing VM operation: ParallelGCFailedAllocation done
Event: 1256.778 Executing VM operation: ParallelGCFailedAllocation
Event: 1258.746 Executing VM operation: ParallelGCFailedAllocation done
Event: 1258.746 Executing VM operation: ParallelGCFailedAllocation
Event: 1260.942 Executing VM operation: ParallelGCFailedAllocation done
Event: 1260.942 Executing VM operation: ParallelGCFailedAllocation
Event: 1262.898 Executing VM operation: ParallelGCFailedAllocation done
Event: 1262.898 Executing VM operation: ParallelGCFailedAllocation
Event: 1265.006 Executing VM operation: ParallelGCFailedAllocation done
Event: 1265.006 Executing VM operation: ParallelGCFailedAllocation
Event: 1268.881 Executing VM operation: ParallelGCFailedAllocation done
Event: 1268.882 Executing VM operation: ParallelGCFailedAllocation
Event: 1270.891 Executing VM operation: ParallelGCFailedAllocation done
Event: 1270.893 Executing VM operation: ParallelGCFailedAllocation
Event: 1274.622 Executing VM operation: ParallelGCFailedAllocation done

Events (20 events):
Event: 423.707 loading class sun/net/www/protocol/http/AuthenticatorKeys
Event: 423.707 loading class sun/net/www/protocol/http/AuthenticatorKeys done
Event: 425.680 loading class javax/net/ssl/SSLParameters
Event: 431.859 loading class javax/net/ssl/SSLParameters done
Event: 440.390 loading class sun/security/ssl/SSLConfiguration$1
Event: 444.349 loading class sun/security/ssl/SSLConfiguration$1 done
Event: 452.660 loading class sun/security/ssl/ClientHandshakeContext
Event: 452.660 loading class sun/security/ssl/HandshakeContext
Event: 454.952 loading class sun/security/ssl/HandshakeContext done
Event: 454.952 loading class sun/security/ssl/ClientHandshakeContext done
Event: 507.890 loading class sun/security/ssl/NamedGroupPossession
Event: 507.890 loading class sun/security/ssl/SSLPossession
Event: 507.890 loading class sun/security/ssl/SSLPossession done
Event: 507.890 loading class sun/security/ssl/NamedGroupPossession done
Event: 507.890 loading class sun/security/ssl/SSLCredentials
Event: 507.890 loading class sun/security/ssl/SSLCredentials done
Event: 513.997 loading class sun/security/ssl/SSLKeyDerivation
Event: 513.997 loading class sun/security/ssl/SSLKeyDerivation done
Event: 676.150 loading class sun/security/ssl/SupportedGroupsExtension$SupportedGroups
Event: 683.704 loading class sun/security/ssl/SupportedGroupsExtension$SupportedGroups done


Dynamic libraries:
e0000000-f1f00000 rw-p 00000000 00:00 0 
f1f00000-fb580000 rw-p 00000000 00:00 0 
fb580000-100000000 ---p 00000000 00:00 0 
800000000-800449000 rw-p 00001000 08:30 707969865                        /nix/store/gpxl5qgg8kicmcvivwmybwjlpf7wh20l-graalvm17-ce-22.3.0/lib/server/classes.jsa
800449000-800bc8000 r--p 0044a000 08:30 707969865                        /nix/store/gpxl5qgg8kicmcvivwmybwjlpf7wh20l-graalvm17-ce-22.3.0/lib/server/classes.jsa
800bc8000-800c00000 ---p 00000000 00:00 0 
800c00000-800c10000 rw-p 00000000 00:00 0 
800c10000-800c30000 rw-p 00000000 00:00 0 
800c30000-800cb0000 rw-p 00000000 00:00 0 
800cb0000-800cf0000 rw-p 00000000 00:00 0 
800cf0000-800db0000 rw-p 00000000 00:00 0 
800db0000-800df0000 rw-p 00000000 00:00 0 
800df0000-8010f0000 rw-p 00000000 00:00 0 
8010f0000-8011b0000 rw-p 00000000 00:00 0 
8011b0000-8011c0000 ---p 00000000 00:00 0 
8011c0000-8011d0000 rw-p 00000000 00:00 0 
8011d0000-840c00000 ---p 00000000 00:00 0 
586ebe8db000-586ebe8dc000 r-xp 00000000 08:30 672029940                  /nix/store/gpxl5qgg8kicmcvivwmybwjlpf7wh20l-graalvm17-ce-22.3.0/bin/.java-wrapped
586ebe8dd000-586ebe8de000 r--p 00001000 08:30 672029940                  /nix/store/gpxl5qgg8kicmcvivwmybwjlpf7wh20l-graalvm17-ce-22.3.0/bin/.java-wrapped
586ebe8de000-586ebe8df000 rw-p 00002000 08:30 672029940                  /nix/store/gpxl5qgg8kicmcvivwmybwjlpf7wh20l-graalvm17-ce-22.3.0/bin/.java-wrapped
586ebe8df000-586ebe8e0000 rw-p 00004000 08:30 672029940                  /nix/store/gpxl5qgg8kicmcvivwmybwjlpf7wh20l-graalvm17-ce-22.3.0/bin/.java-wrapped
586ebe8e0000-586ebe8e1000 rw-p 00005000 08:30 672029940                  /nix/store/gpxl5qgg8kicmcvivwmybwjlpf7wh20l-graalvm17-ce-22.3.0/bin/.java-wrapped
586ebea93000-586ebeadb000 rw-p 00000000 00:00 0                          [heap]
76721c000000-76721c021000 rw-p 00000000 00:00 0 
76721c021000-767220000000 ---p 00000000 00:00 0 
767220000000-7672200d2000 rw-p 00000000 00:00 0 
7672200d2000-767224000000 ---p 00000000 00:00 0 
767224000000-767224021000 rw-p 00000000 00:00 0 
767224021000-767228000000 ---p 00000000 00:00 0 
767228000000-767228075000 rw-p 00000000 00:00 0 
767228075000-76722c000000 ---p 00000000 00:00 0 
76722c000000-76722c044000 rw-p 00000000 00:00 0 
76722c044000-767230000000 ---p 00000000 00:00 0 
767234000000-7672340f5000 rw-p 00000000 00:00 0 
7672340f5000-767238000000 ---p 00000000 00:00 0 
76723ae00000-76723af00000 ---p 00000000 00:00 0 
76723af00000-76723b4af000 r--p 01122000 08:30 707802136                  /nix/store/gpxl5qgg8kicmcvivwmybwjlpf7wh20l-graalvm17-ce-22.3.0/lib/libjvmcicompiler.so
76723b4af000-76723b600000 r--p 00000000 00:00 0 
76723b600000-76723b63d000 rw-p 00000000 00:00 0 
76723b63d000-76723bb5d000 rw-p 0185f000 08:30 707802136                  /nix/store/gpxl5qgg8kicmcvivwmybwjlpf7wh20l-graalvm17-ce-22.3.0/lib/libjvmcicompiler.so
76723bb5d000-76723bf44000 r--p 01d7f000 08:30 707802136                  /nix/store/gpxl5qgg8kicmcvivwmybwjlpf7wh20l-graalvm17-ce-22.3.0/lib/libjvmcicompiler.so
76723c000000-76723c051000 rw-p 00000000 00:00 0 
76723c051000-767240000000 ---p 00000000 00:00 0 
767240000000-76724005f000 rw-p 00000000 00:00 0 
76724005f000-767244000000 ---p 00000000 00:00 0 
767244000000-767244060000 rw-p 00000000 00:00 0 
767244060000-767248000000 ---p 00000000 00:00 0 
767249000000-767249570000 rw-p 00000000 00:00 0 
767249570000-7672495f0000 rw-p 00000000 00:00 0 
7672495f0000-767249800000 rw-p 00000000 00:00 0 
76724a4b3000-767254000000 r--s 00000000 08:30 707804677                  /nix/store/gpxl5qgg8kicmcvivwmybwjlpf7wh20l-graalvm17-ce-22.3.0/lib/modules
767254000000-767254403000 rw-p 00000000 00:00 0 
767254403000-767258000000 ---p 00000000 00:00 0 
767258000000-767258044000 rw-p 00000000 00:00 0 
767258044000-76725c000000 ---p 00000000 00:00 0 
76725c000000-76725c021000 rw-p 00000000 00:00 0 
76725c021000-767260000000 ---p 00000000 00:00 0 
767260000000-767260049000 rw-p 00000000 00:00 0 
767260049000-767264000000 ---p 00000000 00:00 0 
767264000000-76726406a000 rw-p 00000000 00:00 0 
76726406a000-767268000000 ---p 00000000 00:00 0 
767268000000-767268021000 rw-p 00000000 00:00 0 
767268021000-76726c000000 ---p 00000000 00:00 0 
76726c000000-76726c48a000 rw-p 00000000 00:00 0 
76726c48a000-767270000000 ---p 00000000 00:00 0 
767270000000-767270069000 rw-p 00000000 00:00 0 
767270069000-767274000000 ---p 00000000 00:00 0 
767274000000-76727416d000 rw-p 00000000 00:00 0 
76727416d000-767278000000 ---p 00000000 00:00 0 
767278000000-767278021000 rw-p 00000000 00:00 0 
767278021000-76727c000000 ---p 00000000 00:00 0 
76727c000000-76727c8b2000 rw-p 00000000 00:00 0 
76727c8b2000-767280000000 ---p 00000000 00:00 0 
767280000000-767280021000 rw-p 00000000 00:00 0 
767280021000-767284000000 ---p 00000000 00:00 0 
767284000000-767284021000 rw-p 00000000 00:00 0 
767284021000-767288000000 ---p 00000000 00:00 0 
767288000000-767288021000 rw-p 00000000 00:00 0 
767288021000-76728c000000 ---p 00000000 00:00 0 
76728cc00000-76728cef0000 rw-p 00000000 00:00 0 
76728cef0000-76728cff0000 rw-p 00000000 00:00 0 
76728cff0000-76728d3f0000 rw-p 00000000 00:00 0 
76728d3f0000-76728dbf0000 rw-p 00000000 00:00 0 
76728dbf0000-76728dc00000 rw-p 00000000 00:00 0 
76728e800000-76728e970000 rw-p 00000000 00:00 0 
76728e970000-76728e9f0000 rw-p 00000000 00:00 0 
76728e9f0000-76728eef0000 rw-p 00000000 00:00 0 
76728eef0000-76728eff0000 rw-p 00000000 00:00 0 
76728eff0000-76728f0f0000 rw-p 00000000 00:00 0 
76728f0f0000-76728f1f0000 rw-p 00000000 00:00 0 
76728f1f0000-76728f6f0000 rw-p 00000000 00:00 0 
76728f6f0000-76728f800000 rw-p 00000000 00:00 0 
76728f800000-76728f810000 r-xp 00000000 00:32f 310                       /home/runner/Ambiente-de-sistemas-20241-JAVA/.cache/jdt-language-server/config/org.eclipse.equinox.launcher/org.eclipse.equinox.launcher.gtk.linux.x86_64_1.2.400.v20211117-0650/eclipse_11600.so
76728f810000-76728fa0f000 ---p 00010000 00:32f 310                       /home/runner/Ambiente-de-sistemas-20241-JAVA/.cache/jdt-language-server/config/org.eclipse.equinox.launcher/org.eclipse.equinox.launcher.gtk.linux.x86_64_1.2.400.v20211117-0650/eclipse_11600.so
76728fa0f000-76728fa10000 r--p 0000f000 00:32f 310                       /home/runner/Ambiente-de-sistemas-20241-JAVA/.cache/jdt-language-server/config/org.eclipse.equinox.launcher/org.eclipse.equinox.launcher.gtk.linux.x86_64_1.2.400.v20211117-0650/eclipse_11600.so
76728fa10000-76728fa11000 rw-p 00010000 00:32f 310                       /home/runner/Ambiente-de-sistemas-20241-JAVA/.cache/jdt-language-server/config/org.eclipse.equinox.launcher/org.eclipse.equinox.launcher.gtk.linux.x86_64_1.2.400.v20211117-0650/eclipse_11600.so
767290000000-767290021000 rw-p 00000000 00:00 0 
767290021000-767294000000 ---p 00000000 00:00 0 
767294400000-767294470000 rw-p 00000000 00:00 0 
767294470000-7672944f0000 rw-p 00000000 00:00 0 
7672944f0000-767294610000 rw-p 00000000 00:00 0 
767294610000-767294700000 ---p 00000000 00:00 0 
767294700000-767294710000 rw-p 00000000 00:00 0 
767294710000-767294c00000 ---p 00000000 00:00 0 
767295900000-767295904000 ---p 00000000 00:00 0 
767295904000-767295a00000 rw-p 00000000 00:00 0 
767295b00000-767295b04000 ---p 00000000 00:00 0 
767295b04000-767295c00000 rw-p 00000000 00:00 0 
767295c00000-767295c04000 ---p 00000000 00:00 0 
767295c04000-767295d00000 rw-p 00000000 00:00 0 
767295d00000-767295d04000 ---p 00000000 00:00 0 
767295d04000-767295e00000 rw-p 00000000 00:00 0 
767295f00000-767295f04000 ---p 00000000 00:00 0 
767295f04000-767296000000 rw-p 00000000 00:00 0 
767296000000-767296004000 ---p 00000000 00:00 0 
767296004000-767296100000 rw-p 00000000 00:00 0 
767296100000-767296104000 ---p 00000000 00:00 0 
767296104000-767296200000 rw-p 00000000 00:00 0 
767296300000-767296304000 ---p 00000000 00:00 0 
767296304000-767296400000 rw-p 00000000 00:00 0 
767296500000-767296504000 ---p 00000000 00:00 0 
767296504000-767296600000 rw-p 00000000 00:00 0 
767296600000-767296604000 ---p 00000000 00:00 0 
767296604000-767296700000 rw-p 00000000 00:00 0 
767296700000-767296704000 ---p 00000000 00:00 0 
767296704000-767296800000 rw-p 00000000 00:00 0 
767296800000-767296804000 ---p 00000000 00:00 0 
767296804000-767296900000 rw-p 00000000 00:00 0 
767296900000-767296904000 ---p 00000000 00:00 0 
767296904000-767296a00000 rw-p 00000000 00:00 0 
767296a00000-767296a04000 ---p 00000000 00:00 0 
767296a04000-767296b00000 rw-p 00000000 00:00 0 
767296b00000-767296b04000 ---p 00000000 00:00 0 
767296b04000-767296c00000 rw-p 00000000 00:00 0 
767296c00000-767296c04000 ---p 00000000 00:00 0 
767296c04000-767296d00000 rw-p 00000000 00:00 0 
767296d00000-767296d04000 ---p 00000000 00:00 0 
767296d04000-767296e00000 rw-p 00000000 00:00 0 
767297a68000-767297f00000 rw-p 00000000 00:00 0 
767298000000-767298021000 rw-p 00000000 00:00 0 
767298021000-76729c000000 ---p 00000000 00:00 0 
76729c000000-76729c021000 rw-p 00000000 00:00 0 
76729c021000-7672a0000000 ---p 00000000 00:00 0 
7672a0000000-7672a0021000 rw-p 00000000 00:00 0 
7672a0021000-7672a4000000 ---p 00000000 00:00 0 
7672a4000000-7672a4021000 rw-p 00000000 00:00 0 
7672a4021000-7672a8000000 ---p 00000000 00:00 0 
7672a8000000-7672a80c3000 rw-p 00000000 00:00 0 
7672a80c3000-7672ac000000 ---p 00000000 00:00 0 
7672ac000000-7672acab9000 rw-p 00000000 00:00 0 
7672acab9000-7672b0000000 ---p 00000000 00:00 0 
7672b0000000-7672b0021000 rw-p 00000000 00:00 0 
7672b0021000-7672b4000000 ---p 00000000 00:00 0 
7672b4000000-7672b4021000 rw-p 00000000 00:00 0 
7672b4021000-7672b8000000 ---p 00000000 00:00 0 
7672b8000000-7672b8021000 rw-p 00000000 00:00 0 
7672b8021000-7672bc000000 ---p 00000000 00:00 0 
7672bc000000-7672bc021000 rw-p 00000000 00:00 0 
7672bc021000-7672c0000000 ---p 00000000 00:00 0 
7672c0000000-7672c0076000 rw-p 00000000 00:00 0 
7672c0076000-7672c4000000 ---p 00000000 00:00 0 
7672c4000000-7672c4021000 rw-p 00000000 00:00 0 
7672c4021000-7672c8000000 ---p 00000000 00:00 0 
7672c8000000-7672c808c000 rw-p 00000000 00:00 0 
7672c808c000-7672cc000000 ---p 00000000 00:00 0 
7672cc000000-7672cc004000 ---p 00000000 00:00 0 
7672cc004000-7672cc100000 rw-p 00000000 00:00 0 
7672cc100000-7672cc104000 ---p 00000000 00:00 0 
7672cc104000-7672cc200000 rw-p 00000000 00:00 0 
7672cc200000-7672cc204000 ---p 00000000 00:00 0 
7672cc204000-7672cc300000 rw-p 00000000 00:00 0 
7672cc300000-7672cc304000 ---p 00000000 00:00 0 
7672cc304000-7672cc400000 rw-p 00000000 00:00 0 
7672cc400000-7672cc404000 ---p 00000000 00:00 0 
7672cc404000-7672cc500000 rw-p 00000000 00:00 0 
7672cc500000-7672cc504000 ---p 00000000 00:00 0 
7672cc504000-7672cc600000 rw-p 00000000 00:00 0 
7672cc600000-7672ce76a000 r-xp 00000000 08:30 707802136                  /nix/store/gpxl5qgg8kicmcvivwmybwjlpf7wh20l-graalvm17-ce-22.3.0/lib/libjvmcicompiler.so
7672ce76a000-7672ce969000 ---p 0216a000 08:30 707802136                  /nix/store/gpxl5qgg8kicmcvivwmybwjlpf7wh20l-graalvm17-ce-22.3.0/lib/libjvmcicompiler.so
7672ce969000-7672ce96a000 r--p 02169000 08:30 707802136                  /nix/store/gpxl5qgg8kicmcvivwmybwjlpf7wh20l-graalvm17-ce-22.3.0/lib/libjvmcicompiler.so
7672ce96a000-7672ce96c000 rw-p 0216a000 08:30 707802136                  /nix/store/gpxl5qgg8kicmcvivwmybwjlpf7wh20l-graalvm17-ce-22.3.0/lib/libjvmcicompiler.so
7672ce96c000-7672ce96d000 rw-p 00000000 00:00 0 
7672ce96d000-7672ce972000 rw-p 023c3000 08:30 707802136                  /nix/store/gpxl5qgg8kicmcvivwmybwjlpf7wh20l-graalvm17-ce-22.3.0/lib/libjvmcicompiler.so
7672ce98f000-7672ce993000 ---p 00000000 00:00 0 
7672ce993000-7672cea8f000 rw-p 00000000 00:00 0 
7672cea8f000-7672cea93000 ---p 00000000 00:00 0 
7672cea93000-7672ceab1000 rw-p 00000000 00:00 0 
7672ceab1000-7672ceab2000 ---p 00000000 00:00 0 
7672ceab2000-7672cebb3000 rw-p 00000000 00:00 0 
7672cebb3000-7672cebb7000 ---p 00000000 00:00 0 
7672cebb7000-7672cecb3000 rw-p 00000000 00:00 0 
7672cecb3000-7672cecb7000 ---p 00000000 00:00 0 
7672cecb7000-7672cedb3000 rw-p 00000000 00:00 0 
7672cedb3000-7672cedb7000 ---p 00000000 00:00 0 
7672cedb7000-7672ceeb3000 rw-p 00000000 00:00 0 
7672ceeb3000-7672ceeb7000 ---p 00000000 00:00 0 
7672ceeb7000-7672cf0b3000 rw-p 00000000 00:00 0 
7672cf0b3000-7672cf0b7000 ---p 00000000 00:00 0 
7672cf0b7000-7672cf2b3000 rw-p 00000000 00:00 0 
7672cf2b3000-7672cf2b7000 ---p 00000000 00:00 0 
7672cf2b7000-7672cf3b3000 rw-p 00000000 00:00 0 
7672cf3b3000-7672cf3b7000 ---p 00000000 00:00 0 
7672cf3b7000-7672cf4b3000 rw-p 00000000 00:00 0 
7672cf4b3000-7672cf723000 rwxp 00000000 00:00 0 
7672cf723000-7672cfa42000 ---p 00000000 00:00 0 
7672cfa42000-7672d09d2000 rwxp 00000000 00:00 0 
7672d09d2000-7672d6f7a000 ---p 00000000 00:00 0 
7672d6f7a000-7672d71ea000 rwxp 00000000 00:00 0 
7672d71ea000-7672de4b3000 ---p 00000000 00:00 0 
7672de4b3000-7672e8000000 r--s 00000000 08:30 707804677                  /nix/store/gpxl5qgg8kicmcvivwmybwjlpf7wh20l-graalvm17-ce-22.3.0/lib/modules
7672e8000000-7672e8412000 rw-p 00000000 00:00 0 
7672e8412000-7672ec000000 ---p 00000000 00:00 0 
7672ec002000-7672ec004000 r-xp 00000000 08:30 707802113                  /nix/store/gpxl5qgg8kicmcvivwmybwjlpf7wh20l-graalvm17-ce-22.3.0/lib/libextnet.so
7672ec004000-7672ec005000 r--p 00001000 08:30 707802113                  /nix/store/gpxl5qgg8kicmcvivwmybwjlpf7wh20l-graalvm17-ce-22.3.0/lib/libextnet.so
7672ec005000-7672ec006000 rw-p 00002000 08:30 707802113                  /nix/store/gpxl5qgg8kicmcvivwmybwjlpf7wh20l-graalvm17-ce-22.3.0/lib/libextnet.so
7672ec006000-7672ec007000 rw-p 00004000 08:30 707802113                  /nix/store/gpxl5qgg8kicmcvivwmybwjlpf7wh20l-graalvm17-ce-22.3.0/lib/libextnet.so
7672ec007000-7672ec00e000 r-xp 00000000 08:30 707804676                  /nix/store/gpxl5qgg8kicmcvivwmybwjlpf7wh20l-graalvm17-ce-22.3.0/lib/libzip.so
7672ec00e000-7672ec00f000 ---p 00007000 08:30 707804676                  /nix/store/gpxl5qgg8kicmcvivwmybwjlpf7wh20l-graalvm17-ce-22.3.0/lib/libzip.so
7672ec00f000-7672ec010000 r--p 00007000 08:30 707804676                  /nix/store/gpxl5qgg8kicmcvivwmybwjlpf7wh20l-graalvm17-ce-22.3.0/lib/libzip.so
7672ec010000-7672ec011000 rw-p 00008000 08:30 707804676                  /nix/store/gpxl5qgg8kicmcvivwmybwjlpf7wh20l-graalvm17-ce-22.3.0/lib/libzip.so
7672ec011000-7672ec013000 rw-p 0000b000 08:30 707804676                  /nix/store/gpxl5qgg8kicmcvivwmybwjlpf7wh20l-graalvm17-ce-22.3.0/lib/libzip.so
7672ec013000-7672ec028000 r-xp 00000000 08:30 707804666                  /nix/store/gpxl5qgg8kicmcvivwmybwjlpf7wh20l-graalvm17-ce-22.3.0/lib/libnet.so
7672ec028000-7672ec029000 ---p 00015000 08:30 707804666                  /nix/store/gpxl5qgg8kicmcvivwmybwjlpf7wh20l-graalvm17-ce-22.3.0/lib/libnet.so
7672ec029000-7672ec02a000 r--p 00015000 08:30 707804666                  /nix/store/gpxl5qgg8kicmcvivwmybwjlpf7wh20l-graalvm17-ce-22.3.0/lib/libnet.so
7672ec02a000-7672ec02b000 rw-p 00016000 08:30 707804666                  /nix/store/gpxl5qgg8kicmcvivwmybwjlpf7wh20l-graalvm17-ce-22.3.0/lib/libnet.so
7672ec02b000-7672ec02e000 rw-p 0001b000 08:30 707804666                  /nix/store/gpxl5qgg8kicmcvivwmybwjlpf7wh20l-graalvm17-ce-22.3.0/lib/libnet.so
7672ec02e000-7672ec041000 r-xp 00000000 08:30 707804667                  /nix/store/gpxl5qgg8kicmcvivwmybwjlpf7wh20l-graalvm17-ce-22.3.0/lib/libnio.so
7672ec041000-7672ec042000 r--p 00012000 08:30 707804667                  /nix/store/gpxl5qgg8kicmcvivwmybwjlpf7wh20l-graalvm17-ce-22.3.0/lib/libnio.so
7672ec042000-7672ec043000 rw-p 00013000 08:30 707804667                  /nix/store/gpxl5qgg8kicmcvivwmybwjlpf7wh20l-graalvm17-ce-22.3.0/lib/libnio.so
7672ec043000-7672ec048000 rw-p 00019000 08:30 707804667                  /nix/store/gpxl5qgg8kicmcvivwmybwjlpf7wh20l-graalvm17-ce-22.3.0/lib/libnio.so
7672ec048000-7672ec04c000 ---p 00000000 00:00 0 
7672ec04c000-7672ec148000 rw-p 00000000 00:00 0 
7672ec148000-7672ec42e000 r--p 00000000 fc:00 28444448                   /usr/lib/locale/locale-archive
7672ec42e000-7672ec432000 ---p 00000000 00:00 0 
7672ec432000-7672ec52e000 rw-p 00000000 00:00 0 
7672ec52e000-7672ec532000 ---p 00000000 00:00 0 
7672ec532000-7672ec62e000 rw-p 00000000 00:00 0 
7672ec62e000-7672ec62f000 ---p 00000000 00:00 0 
7672ec62f000-7672ec730000 rw-p 00000000 00:00 0 
7672ec730000-7672ec7fe000 r-xp 00000000 08:30 707802132                  /nix/store/gpxl5qgg8kicmcvivwmybwjlpf7wh20l-graalvm17-ce-22.3.0/lib/libjsvml.so
7672ec7fe000-7672ec7ff000 r--p 000cd000 08:30 707802132                  /nix/store/gpxl5qgg8kicmcvivwmybwjlpf7wh20l-graalvm17-ce-22.3.0/lib/libjsvml.so
7672ec7ff000-7672ec800000 rw-p 000ce000 08:30 707802132                  /nix/store/gpxl5qgg8kicmcvivwmybwjlpf7wh20l-graalvm17-ce-22.3.0/lib/libjsvml.so
7672ec800000-7672ecbf0000 rw-p 00000000 00:00 0 
7672ecbf0000-7672ecef0000 rw-p 00000000 00:00 0 
7672ecef0000-7672ecff0000 rw-p 00000000 00:00 0 
7672ecff0000-7672ee8d8000 rw-p 00000000 00:00 0 
7672ee8d8000-7672ee8d9000 ---p 00000000 00:00 0 
7672ee8d9000-7672eea6a000 rw-p 00000000 00:00 0 
7672eea6a000-7672eeab5000 rw-p 00000000 00:00 0 
7672eeab5000-7672eeada000 ---p 00000000 00:00 0 
7672eeada000-7672eeae0000 rw-p 00000000 00:00 0 
7672eeae0000-7672eebc6000 ---p 00000000 00:00 0 
7672eebc6000-7672eebe6000 rw-p 00000000 00:00 0 
7672eebe6000-7672eecb1000 ---p 00000000 00:00 0 
7672eecb1000-7672eecb6000 rw-p 00000000 00:00 0 
7672eecb6000-7672eecbd000 ---p 00000000 00:00 0 
7672eecbd000-7672eece1000 r-xp 00000000 08:30 707802124                  /nix/store/gpxl5qgg8kicmcvivwmybwjlpf7wh20l-graalvm17-ce-22.3.0/lib/libjava.so
7672eece1000-7672eece2000 ---p 00024000 08:30 707802124                  /nix/store/gpxl5qgg8kicmcvivwmybwjlpf7wh20l-graalvm17-ce-22.3.0/lib/libjava.so
7672eece2000-7672eece3000 r--p 00024000 08:30 707802124                  /nix/store/gpxl5qgg8kicmcvivwmybwjlpf7wh20l-graalvm17-ce-22.3.0/lib/libjava.so
7672eece3000-7672eece4000 rw-p 00025000 08:30 707802124                  /nix/store/gpxl5qgg8kicmcvivwmybwjlpf7wh20l-graalvm17-ce-22.3.0/lib/libjava.so
7672eece4000-7672eece5000 rw-p 00000000 00:00 0 
7672eece5000-7672eecec000 rw-p 0002f000 08:30 707802124                  /nix/store/gpxl5qgg8kicmcvivwmybwjlpf7wh20l-graalvm17-ce-22.3.0/lib/libjava.so
7672eecec000-7672eecf4000 rw-s 00000000 00:952 397                       /tmp/hsperfdata_runner/53
7672eecf4000-7672eecf5000 ---p 00000000 00:00 0 
7672eecf5000-7672eecf6000 r--p 00000000 00:00 0 
7672eecf6000-7672eecf7000 rwxp 00000000 00:00 0 
7672eecf7000-7672eed12000 r-xp 00000000 08:30 707802128                  /nix/store/gpxl5qgg8kicmcvivwmybwjlpf7wh20l-graalvm17-ce-22.3.0/lib/libjimage.so
7672eed12000-7672eed13000 ---p 0001b000 08:30 707802128                  /nix/store/gpxl5qgg8kicmcvivwmybwjlpf7wh20l-graalvm17-ce-22.3.0/lib/libjimage.so
7672eed13000-7672eed15000 r--p 0001b000 08:30 707802128                  /nix/store/gpxl5qgg8kicmcvivwmybwjlpf7wh20l-graalvm17-ce-22.3.0/lib/libjimage.so
7672eed15000-7672eed16000 rw-p 0001d000 08:30 707802128                  /nix/store/gpxl5qgg8kicmcvivwmybwjlpf7wh20l-graalvm17-ce-22.3.0/lib/libjimage.so
7672eed16000-7672eed17000 rw-p 00024000 08:30 707802128                  /nix/store/gpxl5qgg8kicmcvivwmybwjlpf7wh20l-graalvm17-ce-22.3.0/lib/libjimage.so
7672eed17000-7672eed1b000 ---p 00000000 00:00 0 
7672eed1b000-7672eee17000 rw-p 00000000 00:00 0 
7672eee17000-7672eee25000 r--p 00000000 08:30 600592023                  /nix/store/4nlgxhb09sdr51nc9hdm8az5b08vzkgx-glibc-2.35-163/lib/libm.so.6
7672eee25000-7672eee98000 r-xp 0000e000 08:30 600592023                  /nix/store/4nlgxhb09sdr51nc9hdm8az5b08vzkgx-glibc-2.35-163/lib/libm.so.6
7672eee98000-7672eeef5000 r--p 00081000 08:30 600592023                  /nix/store/4nlgxhb09sdr51nc9hdm8az5b08vzkgx-glibc-2.35-163/lib/libm.so.6
7672eeef5000-7672eeef6000 r--p 000dd000 08:30 600592023                  /nix/store/4nlgxhb09sdr51nc9hdm8az5b08vzkgx-glibc-2.35-163/lib/libm.so.6
7672eeef6000-7672eeef7000 rw-p 000de000 08:30 600592023                  /nix/store/4nlgxhb09sdr51nc9hdm8az5b08vzkgx-glibc-2.35-163/lib/libm.so.6
7672eeef7000-7672eeef8000 r--p 00000000 08:30 600592042                  /nix/store/4nlgxhb09sdr51nc9hdm8az5b08vzkgx-glibc-2.35-163/lib/librt.so.1
7672eeef8000-7672eeef9000 r-xp 00001000 08:30 600592042                  /nix/store/4nlgxhb09sdr51nc9hdm8az5b08vzkgx-glibc-2.35-163/lib/librt.so.1
7672eeef9000-7672eeefa000 r--p 00002000 08:30 600592042                  /nix/store/4nlgxhb09sdr51nc9hdm8az5b08vzkgx-glibc-2.35-163/lib/librt.so.1
7672eeefa000-7672eeefb000 r--p 00002000 08:30 600592042                  /nix/store/4nlgxhb09sdr51nc9hdm8az5b08vzkgx-glibc-2.35-163/lib/librt.so.1
7672eeefb000-7672eeefc000 rw-p 00003000 08:30 600592042                  /nix/store/4nlgxhb09sdr51nc9hdm8az5b08vzkgx-glibc-2.35-163/lib/librt.so.1
7672eeefc000-7672f000f000 r-xp 00000000 08:30 707972962                  /nix/store/gpxl5qgg8kicmcvivwmybwjlpf7wh20l-graalvm17-ce-22.3.0/lib/server/libjvm.so
7672f000f000-7672f0010000 ---p 01113000 08:30 707972962                  /nix/store/gpxl5qgg8kicmcvivwmybwjlpf7wh20l-graalvm17-ce-22.3.0/lib/server/libjvm.so
7672f0010000-7672f00c5000 r--p 01113000 08:30 707972962                  /nix/store/gpxl5qgg8kicmcvivwmybwjlpf7wh20l-graalvm17-ce-22.3.0/lib/server/libjvm.so
7672f00c5000-7672f00f9000 rw-p 011c8000 08:30 707972962                  /nix/store/gpxl5qgg8kicmcvivwmybwjlpf7wh20l-graalvm17-ce-22.3.0/lib/server/libjvm.so
7672f00f9000-7672f0155000 rw-p 00000000 00:00 0 
7672f0155000-7672f017d000 r--p 00000000 08:30 600592014                  /nix/store/4nlgxhb09sdr51nc9hdm8az5b08vzkgx-glibc-2.35-163/lib/libc.so.6
7672f017d000-7672f02f3000 r-xp 00028000 08:30 600592014                  /nix/store/4nlgxhb09sdr51nc9hdm8az5b08vzkgx-glibc-2.35-163/lib/libc.so.6
7672f02f3000-7672f034b000 r--p 0019e000 08:30 600592014                  /nix/store/4nlgxhb09sdr51nc9hdm8az5b08vzkgx-glibc-2.35-163/lib/libc.so.6
7672f034b000-7672f034f000 r--p 001f6000 08:30 600592014                  /nix/store/4nlgxhb09sdr51nc9hdm8az5b08vzkgx-glibc-2.35-163/lib/libc.so.6
7672f034f000-7672f0351000 rw-p 001fa000 08:30 600592014                  /nix/store/4nlgxhb09sdr51nc9hdm8az5b08vzkgx-glibc-2.35-163/lib/libc.so.6
7672f0351000-7672f0360000 rw-p 00000000 00:00 0 
7672f0360000-7672f0361000 r--p 00000000 08:30 600592019                  /nix/store/4nlgxhb09sdr51nc9hdm8az5b08vzkgx-glibc-2.35-163/lib/libdl.so.2
7672f0361000-7672f0362000 r-xp 00001000 08:30 600592019                  /nix/store/4nlgxhb09sdr51nc9hdm8az5b08vzkgx-glibc-2.35-163/lib/libdl.so.2
7672f0362000-7672f0363000 r--p 00002000 08:30 600592019                  /nix/store/4nlgxhb09sdr51nc9hdm8az5b08vzkgx-glibc-2.35-163/lib/libdl.so.2
7672f0363000-7672f0364000 r--p 00002000 08:30 600592019                  /nix/store/4nlgxhb09sdr51nc9hdm8az5b08vzkgx-glibc-2.35-163/lib/libdl.so.2
7672f0364000-7672f0365000 rw-p 00003000 08:30 600592019                  /nix/store/4nlgxhb09sdr51nc9hdm8az5b08vzkgx-glibc-2.35-163/lib/libdl.so.2
7672f0365000-7672f0366000 r--p 00000000 08:30 600592038                  /nix/store/4nlgxhb09sdr51nc9hdm8az5b08vzkgx-glibc-2.35-163/lib/libpthread.so.0
7672f0366000-7672f0367000 r-xp 00001000 08:30 600592038                  /nix/store/4nlgxhb09sdr51nc9hdm8az5b08vzkgx-glibc-2.35-163/lib/libpthread.so.0
7672f0367000-7672f0368000 r--p 00002000 08:30 600592038                  /nix/store/4nlgxhb09sdr51nc9hdm8az5b08vzkgx-glibc-2.35-163/lib/libpthread.so.0
7672f0368000-7672f0369000 r--p 00002000 08:30 600592038                  /nix/store/4nlgxhb09sdr51nc9hdm8az5b08vzkgx-glibc-2.35-163/lib/libpthread.so.0
7672f0369000-7672f036a000 rw-p 00003000 08:30 600592038                  /nix/store/4nlgxhb09sdr51nc9hdm8az5b08vzkgx-glibc-2.35-163/lib/libpthread.so.0
7672f036a000-7672f0378000 r-xp 00000000 08:30 707802129                  /nix/store/gpxl5qgg8kicmcvivwmybwjlpf7wh20l-graalvm17-ce-22.3.0/lib/libjli.so
7672f0378000-7672f0379000 ---p 0000e000 08:30 707802129                  /nix/store/gpxl5qgg8kicmcvivwmybwjlpf7wh20l-graalvm17-ce-22.3.0/lib/libjli.so
7672f0379000-7672f037a000 r--p 0000e000 08:30 707802129                  /nix/store/gpxl5qgg8kicmcvivwmybwjlpf7wh20l-graalvm17-ce-22.3.0/lib/libjli.so
7672f037a000-7672f037b000 rw-p 0000f000 08:30 707802129                  /nix/store/gpxl5qgg8kicmcvivwmybwjlpf7wh20l-graalvm17-ce-22.3.0/lib/libjli.so
7672f037b000-7672f037c000 rw-p 00012000 08:30 707802129                  /nix/store/gpxl5qgg8kicmcvivwmybwjlpf7wh20l-graalvm17-ce-22.3.0/lib/libjli.so
7672f037c000-7672f037f000 r--p 00000000 08:30 678822167                  /nix/store/026hln0aq1hyshaxsdvhg0kmcm6yf45r-zlib-1.2.13/lib/libz.so.1.2.13
7672f037f000-7672f0391000 r-xp 00003000 08:30 678822167                  /nix/store/026hln0aq1hyshaxsdvhg0kmcm6yf45r-zlib-1.2.13/lib/libz.so.1.2.13
7672f0391000-7672f0398000 r--p 00015000 08:30 678822167                  /nix/store/026hln0aq1hyshaxsdvhg0kmcm6yf45r-zlib-1.2.13/lib/libz.so.1.2.13
7672f0398000-7672f0399000 r--p 0001b000 08:30 678822167                  /nix/store/026hln0aq1hyshaxsdvhg0kmcm6yf45r-zlib-1.2.13/lib/libz.so.1.2.13
7672f0399000-7672f039a000 rw-p 0001c000 08:30 678822167                  /nix/store/026hln0aq1hyshaxsdvhg0kmcm6yf45r-zlib-1.2.13/lib/libz.so.1.2.13
7672f039a000-7672f039c000 rw-p 00000000 00:00 0 
7672f039c000-7672f039e000 r--p 00000000 08:30 600592008                  /nix/store/4nlgxhb09sdr51nc9hdm8az5b08vzkgx-glibc-2.35-163/lib/ld-linux-x86-64.so.2
7672f039e000-7672f03c5000 r-xp 00002000 08:30 600592008                  /nix/store/4nlgxhb09sdr51nc9hdm8az5b08vzkgx-glibc-2.35-163/lib/ld-linux-x86-64.so.2
7672f03c5000-7672f03d1000 r--p 00029000 08:30 600592008                  /nix/store/4nlgxhb09sdr51nc9hdm8az5b08vzkgx-glibc-2.35-163/lib/ld-linux-x86-64.so.2
7672f03d1000-7672f03d3000 r--p 00034000 08:30 600592008                  /nix/store/4nlgxhb09sdr51nc9hdm8az5b08vzkgx-glibc-2.35-163/lib/ld-linux-x86-64.so.2
7672f03d3000-7672f03d5000 rw-p 00036000 08:30 600592008                  /nix/store/4nlgxhb09sdr51nc9hdm8az5b08vzkgx-glibc-2.35-163/lib/ld-linux-x86-64.so.2
7fff1087a000-7fff1089e000 rw-p 00000000 00:00 0                          [stack]
7fff109ce000-7fff109d2000 r--p 00000000 00:00 0                          [vvar]
7fff109d2000-7fff109d4000 r-xp 00000000 00:00 0                          [vdso]
ffffffffff600000-ffffffffff601000 --xp 00000000 00:00 0                  [vsyscall]


VM Arguments:
jvm_args: -XX:ThreadPriorityPolicy=1 -XX:+UnlockExperimentalVMOptions -XX:+EnableJVMCIProduct -XX:JVMCIThreadsPerNativeLibraryRuntime=1 -XX:-UnlockExperimentalVMOptions -Declipse.application=org.eclipse.jdt.ls.core.id1 -Dosgi.bundles.defaultStartLevel=4 -Declipse.product=org.eclipse.jdt.ls.core.product -Dlog.level=ALL -Xverify:none -XX:+UseParallelGC -XX:GCTimeRatio=4 -XX:AdaptiveSizePolicyWeight=90 -Dsun.zip.disableMemoryMapping=true -Xmx512m -Xms100m 
java_command: /nix/store/q9712qvwdh22a4krw4jz2sjrz07mvjbl-jdt-language-server-1.9.0/share/java/plugins/org.eclipse.equinox.launcher_1.6.400.v20210924-0641.jar --add-modules=ALL-SYSTEM --add-opens java.base/java.util=ALL-UNNAMED --add-opens java.base/java.lang=ALL-UNNAMED -configuration /home/runner/Ambiente-de-sistemas-20241-JAVA/.cache/jdt-language-server/config -data /home/runner/.cache/jdt-language-server/data/home/runner/Ambiente-de-sistemas-20241-JAVA
java_class_path (initial): /nix/store/q9712qvwdh22a4krw4jz2sjrz07mvjbl-jdt-language-server-1.9.0/share/java/plugins/org.eclipse.equinox.launcher_1.6.400.v20210924-0641.jar
Launcher Type: SUN_STANDARD

[Global flags]
    uintx AdaptiveSizePolicyWeight                 = 90                                        {product} {command line}
     intx CICompilerCount                          = 2                                         {product} {ergonomic}
     bool EnableJVMCIProduct                       = true                                {JVMCI product} {jimage}
    uintx GCTimeRatio                              = 4                                         {product} {command line}
   size_t InitialHeapSize                          = 104857600                                 {product} {command line}
     uint JVMCIThreadsPerNativeLibraryRuntime      = 1                                   {JVMCI product} {jimage}
   size_t MaxHeapSize                              = 536870912                                 {product} {command line}
   size_t MaxNewSize                               = 178782208                                 {product} {ergonomic}
   size_t MinHeapDeltaBytes                        = 524288                                    {product} {ergonomic}
   size_t MinHeapSize                              = 104857600                                 {product} {command line}
   size_t NewSize                                  = 34603008                                  {product} {ergonomic}
    uintx NonNMethodCodeHeapSize                   = 5826188                                {pd product} {ergonomic}
    uintx NonProfiledCodeHeapSize                  = 122916026                              {pd product} {ergonomic}
   size_t OldSize                                  = 70254592                                  {product} {ergonomic}
    uintx ProfiledCodeHeapSize                     = 122916026                              {pd product} {ergonomic}
    uintx ReservedCodeCacheSize                    = 251658240                              {pd product} {ergonomic}
     bool SegmentedCodeCache                       = true                                      {product} {ergonomic}
   size_t SoftMaxHeapSize                          = 536870912                              {manageable} {ergonomic}
     intx ThreadPriorityPolicy                     = 1                                         {product} {jimage}
     bool UseCompressedClassPointers               = true                           {product lp64_product} {ergonomic}
     bool UseCompressedOops                        = true                           {product lp64_product} {ergonomic}
     bool UseParallelGC                            = true                                      {product} {command line}

Logging:
Log output configuration:
 #0: stdout all=warning uptime,level,tags
 #1: stderr all=off uptime,level,tags

Environment Variables:
JAVA_HOME=/nix/store/gpxl5qgg8kicmcvivwmybwjlpf7wh20l-graalvm17-ce-22.3.0
PATH=/nix/store/1d6ian3r8kdzspw8hacjhl3xkp40g1lj-binutils-wrapper-2.39/bin:/nix/store/dq0xwmsk1g0i2ayg6pb7y87na2knzylh-gcc-wrapper-11.3.0/bin:/nix/store/bap4d0lpcrhpwmpb8ayjcgkmvfj62lnq-bash-interactive-5.1-p16/bin:/nix/store/pr5n59mb4jzmfx6kanwxly0l07p861fg-patchelf-0.15.0/bin:/nix/store/1gf2flfqnpqbr1b4p4qz2f72y42bs56r-gcc-11.3.0/bin:/nix/store/57xv61c5zi8pphjbcwxxjlgc34p61ic9-glibc-2.35-163-bin/bin:/nix/store/a7gvj343m05j2s32xcnwr35v31ynlypr-coreutils-9.1/bin:/nix/store/039g378vc3pc3dvi9dzdlrd0i4q93qwf-binutils-2.39/bin:/nix/store/gpxl5qgg8kicmcvivwmybwjlpf7wh20l-graalvm17-ce-22.3.0/bin:/nix/store/6z9ag3ihc8mq2hzsw48lhbznvzny65nz-apache-maven-3.8.6/bin:/nix/store/q9712qvwdh22a4krw4jz2sjrz07mvjbl-jdt-language-server-1.9.0/bin:/nix/store/9zdrgm97n766nc0kj11x4xvvp00qlfk9-java-debug/bin:/nix/store/mydc6f4k2z73xlcz7ilif3v2lcaiqvza-findutils-4.9.0/bin:/nix/store/j9p3g8472iijd50vhdprx0nmk2fqn5gv-diffutils-3.8/bin:/nix/store/89zs7rms6x00xfq4dq6m7mjnhkr8a6r4-gnused-4.8/bin:/nix/store/86bp03jkmsl6f92w0yzg4s59g5mhxwmy-gnugrep-3.7/bin:/nix/store/hwcdqw4jrjnd37wxqgsd47hd0j8bnj09-gawk-5.1.1/bin:/nix/store/cfbhw8r8ags41vwqaz47r583d0p4h4a1-gnutar-1.34/bin:/nix/store/p3m1ndl1lapwrlh698bnb5lvvxh67378-gzip-1.12/bin:/nix/store/a8mhcagrsly7c7mpjrpsnaahk4aax056-bzip2-1.0.8-bin/bin:/nix/store/mblgz65m3zv9x548a3d5m96fj2pbwr09-gnumake-4.3/bin:/nix/store/dsd5gz46hdbdk2rfdimqddhq6m8m8fqs-bash-5.1-p16/bin:/nix/store/v7ljksji50mg3w61dykaa3n3y79n6nil-patch-2.7.6/bin:/nix/store/zlcnmqq14jz5x9439jf937mvayyl63da-xz-5.2.7-bin/bin:/nix/store/y6aj732zm9m87c82fpvf103a1xb22blp-file-5.43/bin:/nix/store/yq0vlv3d2f5si3ibawpq5ay2pc6knixp-nix-2.18.0pre20230808_c0e6466/bin:/nix/store/i4kzir3m7mrisxmf5xvlnkw01x4qaqr4-prybar-elisp-0.0.0-e0d9a52/bin:/nix/store/lwwivxf6h7x3cvxp9zv8sj0mv7dak99r-prybar-lua-0.0.0-e0d9a52/bin:/nix/store/gxj28g1cg4hq3qanmjv07156h800qr58-prybar-python3-0.0.0-e0d9a52/bin:/nix/store/hshkjnxrgidigf8x75vg6lqng2xlx9i3-prybar-sqlite-0.0.0-e0d9a52/bin:/nix/store/c4w01bpjgyy5ixmwdk8m1pw87zq4sl
LD_LIBRARY_PATH=/nix/store/a4pff549sk2idnkpzk5nsfps3mdkdnvm-cups-2.4.2-lib/lib:/nix/store/72mqxxhh3cy5yifh92wh2yb8cl2hikyy-cairo-1.16.0/lib:/nix/store/2k366jrbsra97gjfxwvrhvixjfxdach5-glib-2.74.1/lib:/nix/store/2j2znigd8ak37rlwh9khz0ry3clqlw1l-gtk+3-3.24.34/lib
DISPLAY=:0
LANG=en_US.UTF-8

Signal Handlers:
   SIGSEGV: crash_handler in libjvm.so, mask=11100100010111111101111111111110, flags=SA_RESTART|SA_SIGINFO
    SIGBUS: crash_handler in libjvm.so, mask=11100100010111111101111111111110, flags=SA_RESTART|SA_SIGINFO
    SIGFPE: crash_handler in libjvm.so, mask=11100100010111111101111111111110, flags=SA_RESTART|SA_SIGINFO
   SIGPIPE: IsolateEnterStub_IgnoreSIGPIPEStartupHook_noopSignalHandler_8f19bff2f35b5f630d83b364d6b2339320d4ec70_216e8361c6bc87a8f89f58cc10d3b2fd4415bf87 in libjvmcicompiler.so, mask=00000000000000000000000000000000, flags=SA_RESTART
  *** Handler was modified!
  *** Expected: javaSignalHandler in libjvm.so, mask=11100100110111111111111111111110, flags=SA_RESTART|SA_SIGINFO
   SIGXFSZ: javaSignalHandler in libjvm.so, mask=11100100010111111101111111111110, flags=SA_RESTART|SA_SIGINFO
    SIGILL: crash_handler in libjvm.so, mask=11100100010111111101111111111110, flags=SA_RESTART|SA_SIGINFO
   SIGUSR2: SR_handler in libjvm.so, mask=00000000000000000000000000000000, flags=SA_RESTART|SA_SIGINFO
    SIGHUP: UserHandler in libjvm.so, mask=11100100010111111101111111111110, flags=SA_RESTART|SA_SIGINFO
    SIGINT: UserHandler in libjvm.so, mask=11100100010111111101111111111110, flags=SA_RESTART|SA_SIGINFO
   SIGTERM: UserHandler in libjvm.so, mask=11100100010111111101111111111110, flags=SA_RESTART|SA_SIGINFO
   SIGQUIT: UserHandler in libjvm.so, mask=11100100010111111101111111111110, flags=SA_RESTART|SA_SIGINFO
  *** Handler was modified!
  *** Expected: javaSignalHandler in libjvm.so, mask=11100100110111111111111111111110, flags=SA_RESTART|SA_SIGINFO
   SIGTRAP: crash_handler in libjvm.so, mask=11100100010111111101111111111110, flags=SA_RESTART|SA_SIGINFO


---------------  S Y S T E M  ---------------

OS:
DISTRIB_ID=Ubuntu
DISTRIB_RELEASE=20.04
DISTRIB_CODENAME=focal
DISTRIB_DESCRIPTION="Ubuntu 20.04.2 LTS"
uname: Linux 6.5.0-1015-gcp #15~22.04.1-Ubuntu SMP Wed Feb 14 21:22:00 UTC 2024 x86_64
OS uptime: 0 days 7:44 hours
libc: glibc 2.35 NPTL 2.35 
rlimit (soft/hard): STACK 8192k/infinity , CORE infinity/infinity , NPROC infinity/infinity , NOFILE 5242/5242 , AS infinity/infinity , CPU infinity/infinity , DATA infinity/infinity , FSIZE infinity/infinity , MEMLOCK 8192k/8192k
load average: 12.82 14.67 13.93

/proc/meminfo:
MemTotal:       65835408 kB
MemFree:        34528984 kB
MemAvailable:   46802760 kB
Buffers:          911132 kB
Cached:         10884040 kB
SwapCached:            0 kB
Active:         20442312 kB
Inactive:        8524688 kB
Active(anon):   15423480 kB
Inactive(anon):  1527060 kB
Active(file):    5018832 kB
Inactive(file):  6997628 kB
Unevictable:       27816 kB
Mlocked:           27816 kB
SwapTotal:             0 kB
SwapFree:              0 kB
Zswap:                 0 kB
Zswapped:              0 kB
Dirty:              5380 kB
Writeback:           276 kB
AnonPages:      16804752 kB
Mapped:          1832888 kB
Shmem:             19356 kB
KReclaimable:     983768 kB
Slab:            1551432 kB
SReclaimable:     983768 kB
SUnreclaim:       567664 kB
KernelStack:      141124 kB
PageTables:       283636 kB
SecPageTables:         0 kB
NFS_Unstable:          0 kB
Bounce:                0 kB
WritebackTmp:          0 kB
CommitLimit:    32917704 kB
Committed_AS:   53711512 kB
VmallocTotal:   34359738367 kB
VmallocUsed:      168452 kB
VmallocChunk:          0 kB
Percpu:            43072 kB
HardwareCorrupted:     0 kB
AnonHugePages:    948224 kB
ShmemHugePages:        0 kB
ShmemPmdMapped:        0 kB
FileHugePages:         0 kB
FilePmdMapped:         0 kB
Unaccepted:            0 kB
HugePages_Total:       0
HugePages_Free:        0
HugePages_Rsvd:        0
HugePages_Surp:        0
Hugepagesize:       2048 kB
Hugetlb:               0 kB
DirectMap4k:      252728 kB
DirectMap2M:    18618368 kB
DirectMap1G:    50331648 kB

/sys/kernel/mm/transparent_hugepage/enabled: always [madvise] never
/sys/kernel/mm/transparent_hugepage/defrag (defrag/compaction efforts parameter): always defer defer+madvise [madvise] never

Process Memory:
Virtual Size: 4856444K (peak: 4895528K)
Resident Set Size: 776800K (peak: 862976K) (anon: 578584K, file: 198216K, shmem: 0K)
Swapped out: 0K
C-Heap outstanding allocations: 40336K, retained: 12095K
glibc malloc tunables: (default)

/proc/sys/kernel/threads-max (system-wide limit on the number of threads): 514277
/proc/sys/vm/max_map_count (maximum number of memory map areas a process may have): 65530
/proc/sys/kernel/pid_max (system-wide limit on number of process identifiers): 4194304

container (cgroup) information:
container_type: cgroupv2
cpu_cpuset_cpus: not supported
cpu_memory_nodes: not supported
active_processor_count: 1
cpu_quota: 50000
cpu_period: 100000
cpu_shares: no shares
memory_limit_in_bytes: 1048576 k
memory_and_swap_limit_in_bytes: unlimited
memory_soft_limit_in_bytes: 524288 k
memory_usage_in_bytes: 646448 k
memory_max_usage_in_bytes: not supported
maximum number of tasks: not supported
current number of tasks: not supported

KVM virtualization detected
Steal ticks since vm start: 7998
Steal ticks percentage since vm start:  0.008

CPU: total 8 (initial active 1) (4 cores per cpu, 2 threads per core) family 6 model 79 stepping 0 microcode 0xffffffff, cx8, cmov, fxsr, ht, mmx, 3dnowpref, sse, sse2, sse3, ssse3, sse4.1, sse4.2, popcnt, lzcnt, tsc, tscinvbit, avx, avx2, aes, erms, clmul, bmi1, bmi2, rtm, adx, fma, vzeroupper, clflush, hv
CPU Model and flags from /proc/cpuinfo:
model name	: Intel(R) Xeon(R) CPU @ 2.20GHz
flags		: fpu vme de pse tsc msr pae mce cx8 apic sep mtrr pge mca cmov pat pse36 clflush mmx fxsr sse sse2 ss ht syscall nx pdpe1gb rdtscp lm constant_tsc rep_good nopl xtopology nonstop_tsc cpuid tsc_known_freq pni pclmulqdq ssse3 fma cx16 pcid sse4_1 sse4_2 x2apic movbe popcnt aes xsave avx f16c rdrand hypervisor lahf_lm abm 3dnowprefetch invpcid_single pti ssbd ibrs ibpb stibp fsgsbase tsc_adjust bmi1 hle avx2 smep bmi2 erms invpcid rtm rdseed adx smap xsaveopt arat md_clear arch_capabilities

Online cpus: 0-7
Offline cpus: 
BIOS frequency limitation: <Not Available>
Frequency switch latency (ns): <Not Available>
Available cpu frequencies: <Not Available>
Current governor: <Not Available>
Core performance/turbo boost: <Not Available>

Memory: 4k page, physical 1048576k(402124k free), swap 0k(0k free)
Page Sizes: 4k

vm_info: OpenJDK 64-Bit Server VM (17.0.5+8-jvmci-22.3-b08) for linux-amd64 JRE (17.0.5+8-jvmci-22.3-b08), built on Oct 19 2022 09:01:27 by "buildslave" with gcc 10.3.0

END.
